{"contracts\\ERC20WithoutTotalSupply.sol":{"l":{"15":50,"19":8,"23":13,"24":13,"28":9,"29":9,"33":3,"34":3,"35":3,"36":3,"38":3,"42":16,"43":16,"44":16,"48":19,"49":19,"53":34,"54":34,"58":26,"59":20,"63":7,"64":7,"65":7,"66":7},"path":"C:\\Users\\khera\\Documents\\GitHub\\GasSwapTokens\\contracts\\ERC20WithoutTotalSupply.sol","s":{"1":50,"2":8,"3":13,"4":13,"5":9,"6":9,"7":3,"8":3,"9":3,"10":3,"11":3,"12":16,"13":16,"14":16,"15":19,"16":19,"17":34,"18":34,"19":26,"20":20,"21":7,"22":7,"23":7,"24":7},"b":{"1":[3,0],"2":[7,0]},"f":{"1":50,"2":8,"3":13,"4":9,"5":3,"6":16,"7":19,"8":34,"9":26,"10":7},"fnMap":{"1":{"name":"balanceOf","line":14,"loc":{"start":{"line":14,"column":4},"end":{"line":16,"column":4}}},"2":{"name":"allowance","line":18,"loc":{"start":{"line":18,"column":4},"end":{"line":20,"column":4}}},"3":{"name":"transfer","line":22,"loc":{"start":{"line":22,"column":4},"end":{"line":25,"column":4}}},"4":{"name":"approve","line":27,"loc":{"start":{"line":27,"column":4},"end":{"line":30,"column":4}}},"5":{"name":"transferFrom","line":32,"loc":{"start":{"line":32,"column":4},"end":{"line":39,"column":4}}},"6":{"name":"_transfer","line":41,"loc":{"start":{"line":41,"column":4},"end":{"line":45,"column":4}}},"7":{"name":"_approve","line":47,"loc":{"start":{"line":47,"column":4},"end":{"line":50,"column":4}}},"8":{"name":"_mint","line":52,"loc":{"start":{"line":52,"column":4},"end":{"line":55,"column":4}}},"9":{"name":"_burn","line":57,"loc":{"start":{"line":57,"column":4},"end":{"line":60,"column":4}}},"10":{"name":"_burnFrom","line":62,"loc":{"start":{"line":62,"column":4},"end":{"line":68,"column":4}}}},"statementMap":{"1":{"start":{"line":15,"column":8},"end":{"line":15,"column":33}},"2":{"start":{"line":19,"column":8},"end":{"line":19,"column":42}},"3":{"start":{"line":23,"column":8},"end":{"line":23,"column":47}},"4":{"start":{"line":24,"column":8},"end":{"line":24,"column":19}},"5":{"start":{"line":28,"column":8},"end":{"line":28,"column":44}},"6":{"start":{"line":29,"column":8},"end":{"line":29,"column":19}},"7":{"start":{"line":33,"column":8},"end":{"line":33,"column":43}},"8":{"start":{"line":34,"column":8},"end":{"line":34,"column":57}},"9":{"start":{"line":35,"column":8},"end":{"line":35,"column":1305}},"10":{"start":{"line":36,"column":12},"end":{"line":36,"column":104}},"11":{"start":{"line":38,"column":8},"end":{"line":38,"column":19}},"12":{"start":{"line":42,"column":8},"end":{"line":42,"column":98}},"13":{"start":{"line":43,"column":8},"end":{"line":43,"column":62}},"14":{"start":{"line":44,"column":8},"end":{"line":44,"column":48}},"15":{"start":{"line":48,"column":8},"end":{"line":48,"column":43}},"16":{"start":{"line":49,"column":8},"end":{"line":49,"column":45}},"17":{"start":{"line":53,"column":8},"end":{"line":53,"column":58}},"18":{"start":{"line":54,"column":8},"end":{"line":54,"column":50}},"19":{"start":{"line":58,"column":8},"end":{"line":58,"column":96}},"20":{"start":{"line":59,"column":8},"end":{"line":59,"column":50}},"21":{"start":{"line":63,"column":8},"end":{"line":63,"column":29}},"22":{"start":{"line":64,"column":8},"end":{"line":64,"column":58}},"23":{"start":{"line":65,"column":8},"end":{"line":65,"column":2569}},"24":{"start":{"line":66,"column":12},"end":{"line":66,"column":101}}},"branchMap":{"1":{"line":35,"type":"if","locations":[{"start":{"line":35,"column":8},"end":{"line":35,"column":8}},{"start":{"line":35,"column":8},"end":{"line":35,"column":8}}]},"2":{"line":65,"type":"if","locations":[{"start":{"line":65,"column":8},"end":{"line":65,"column":8}},{"start":{"line":65,"column":8},"end":{"line":65,"column":8}}]}}},"contracts\\existing_gas_tokens\\Chi\\ChiToken.sol":{"l":{"15":0,"19":3,"20":3,"49":3,"50":3,"54":0,"64":4,"81":4,"82":4,"83":4,"85":4,"89":0,"93":0,"94":0,"95":0,"97":0,"101":0},"path":"C:\\Users\\khera\\Documents\\GitHub\\GasSwapTokens\\contracts\\existing_gas_tokens\\Chi\\ChiToken.sol","s":{"1":0,"2":3,"3":3,"4":3,"5":4,"6":4,"7":4,"8":4,"9":0,"10":0,"11":0,"12":0,"13":0,"14":0},"b":{"1":[4,0],"2":[0,0]},"f":{"1":0,"2":3,"3":0,"4":4,"5":4,"6":0,"7":0,"8":0},"fnMap":{"1":{"name":"totalSupply","line":14,"loc":{"start":{"line":14,"column":4},"end":{"line":16,"column":4}}},"2":{"name":"mint","line":18,"loc":{"start":{"line":18,"column":4},"end":{"line":51,"column":4}}},"3":{"name":"computeAddress2","line":53,"loc":{"start":{"line":53,"column":4},"end":{"line":61,"column":4}}},"4":{"name":"_destroyChildren","line":63,"loc":{"start":{"line":63,"column":4},"end":{"line":78,"column":4}}},"5":{"name":"free","line":80,"loc":{"start":{"line":80,"column":4},"end":{"line":86,"column":4}}},"6":{"name":"freeUpTo","line":88,"loc":{"start":{"line":88,"column":4},"end":{"line":90,"column":4}}},"7":{"name":"freeFrom","line":92,"loc":{"start":{"line":92,"column":4},"end":{"line":98,"column":4}}},"8":{"name":"freeFromUpTo","line":100,"loc":{"start":{"line":100,"column":4},"end":{"line":102,"column":4}}}},"statementMap":{"1":{"start":{"line":15,"column":8},"end":{"line":15,"column":40}},"2":{"start":{"line":19,"column":8},"end":{"line":19,"column":36}},"3":{"start":{"line":49,"column":8},"end":{"line":49,"column":31}},"4":{"start":{"line":50,"column":8},"end":{"line":50,"column":27}},"5":{"start":{"line":81,"column":8},"end":{"line":81,"column":3850}},"6":{"start":{"line":82,"column":12},"end":{"line":82,"column":35}},"7":{"start":{"line":83,"column":12},"end":{"line":83,"column":34}},"8":{"start":{"line":85,"column":8},"end":{"line":85,"column":20}},"9":{"start":{"line":89,"column":8},"end":{"line":89,"column":59}},"10":{"start":{"line":93,"column":8},"end":{"line":93,"column":4211}},"11":{"start":{"line":94,"column":12},"end":{"line":94,"column":33}},"12":{"start":{"line":95,"column":12},"end":{"line":95,"column":34}},"13":{"start":{"line":97,"column":8},"end":{"line":97,"column":20}},"14":{"start":{"line":101,"column":8},"end":{"line":101,"column":102}}},"branchMap":{"1":{"line":81,"type":"if","locations":[{"start":{"line":81,"column":8},"end":{"line":81,"column":8}},{"start":{"line":81,"column":8},"end":{"line":81,"column":8}}]},"2":{"line":93,"type":"if","locations":[{"start":{"line":93,"column":8},"end":{"line":93,"column":8}},{"start":{"line":93,"column":8},"end":{"line":93,"column":8}}]}}},"contracts\\existing_gas_tokens\\GST\\GasToken1.sol":{"l":{"20":0,"24":11,"25":11,"26":11,"27":11,"28":11,"30":0,"36":0,"37":0,"42":11,"43":11,"44":11,"45":11,"47":0,"55":17,"56":17,"57":4,"59":13,"60":13,"61":13,"70":0,"89":0,"90":0,"99":17,"101":17,"102":0,"106":17,"107":17,"112":17,"113":17,"114":17,"116":17,"117":1520,"123":17,"126":17,"130":7,"133":7,"134":7,"139":7,"140":7,"141":7,"142":127,"148":7,"157":7,"158":7,"159":0,"162":7,"164":7,"166":7,"172":0,"173":0,"174":0,"177":0,"179":0,"181":0,"187":0,"188":0,"189":0,"190":0,"193":0,"194":0,"195":0,"196":0,"199":0,"201":0,"202":0,"204":0,"210":0,"211":0,"212":0,"213":0,"216":0,"217":0,"218":0,"219":0,"222":0,"224":0,"225":0,"227":0},"path":"C:\\Users\\khera\\Documents\\GitHub\\GasSwapTokens\\contracts\\existing_gas_tokens\\GST\\GasToken1.sol","s":{"1":0,"2":11,"3":11,"4":11,"5":11,"6":11,"7":0,"8":0,"9":0,"10":11,"11":11,"12":11,"13":11,"14":0,"15":17,"16":17,"17":4,"18":13,"19":13,"20":13,"21":0,"22":0,"23":17,"24":17,"25":0,"26":17,"27":17,"28":17,"29":17,"30":17,"31":17,"32":7,"33":7,"34":7,"35":7,"36":7,"37":7,"38":7,"39":0,"40":7,"41":7,"42":7,"43":0,"44":0,"45":0,"46":0,"47":0,"48":0,"49":0,"50":0,"51":0,"52":0,"53":0,"54":0,"55":0,"56":0,"57":0,"58":0,"59":0,"60":0,"61":0,"62":0,"63":0,"64":0,"65":0,"66":0,"67":0,"68":0,"69":0,"70":0,"71":0,"72":0},"b":{"1":[11,0],"2":[11,0],"3":[4,13],"4":[0,17],"5":[0,7],"6":[0,0],"7":[0,0],"8":[0,0],"9":[0,0],"10":[0,0]},"f":{"1":0,"2":11,"3":0,"4":11,"5":17,"6":0,"7":0,"8":17,"9":7,"10":7,"11":0,"12":0,"13":0},"fnMap":{"1":{"name":"balanceOf","line":19,"loc":{"start":{"line":19,"column":4},"end":{"line":21,"column":4}}},"2":{"name":"internalTransfer","line":23,"loc":{"start":{"line":23,"column":4},"end":{"line":32,"column":4}}},"3":{"name":"transfer","line":35,"loc":{"start":{"line":35,"column":4},"end":{"line":38,"column":4}}},"4":{"name":"transferFrom","line":41,"loc":{"start":{"line":41,"column":4},"end":{"line":49,"column":4}}},"5":{"name":"approve","line":54,"loc":{"start":{"line":54,"column":4},"end":{"line":62,"column":4}}},"6":{"name":"allowance","line":69,"loc":{"start":{"line":69,"column":4},"end":{"line":71,"column":4}}},"7":{"name":"totalSupply","line":88,"loc":{"start":{"line":88,"column":4},"end":{"line":93,"column":4}}},"8":{"name":"mint","line":98,"loc":{"start":{"line":98,"column":4},"end":{"line":127,"column":4}}},"9":{"name":"freeStorage","line":129,"loc":{"start":{"line":129,"column":4},"end":{"line":151,"column":4}}},"10":{"name":"free","line":156,"loc":{"start":{"line":156,"column":4},"end":{"line":167,"column":4}}},"11":{"name":"freeUpTo","line":171,"loc":{"start":{"line":171,"column":4},"end":{"line":182,"column":4}}},"12":{"name":"freeFrom","line":186,"loc":{"start":{"line":186,"column":4},"end":{"line":205,"column":4}}},"13":{"name":"freeFromUpTo","line":209,"loc":{"start":{"line":209,"column":4},"end":{"line":228,"column":4}}}},"statementMap":{"1":{"start":{"line":20,"column":8},"end":{"line":20,"column":32}},"2":{"start":{"line":24,"column":8},"end":{"line":24,"column":928}},"3":{"start":{"line":25,"column":12},"end":{"line":25,"column":36}},"4":{"start":{"line":26,"column":12},"end":{"line":26,"column":34}},"5":{"start":{"line":27,"column":12},"end":{"line":27,"column":42}},"6":{"start":{"line":28,"column":12},"end":{"line":28,"column":23}},"7":{"start":{"line":30,"column":12},"end":{"line":30,"column":24}},"8":{"start":{"line":36,"column":8},"end":{"line":36,"column":33}},"9":{"start":{"line":37,"column":8},"end":{"line":37,"column":48}},"10":{"start":{"line":42,"column":8},"end":{"line":42,"column":36}},"11":{"start":{"line":43,"column":8},"end":{"line":43,"column":1641}},"12":{"start":{"line":44,"column":12},"end":{"line":44,"column":47}},"13":{"start":{"line":45,"column":12},"end":{"line":45,"column":23}},"14":{"start":{"line":47,"column":12},"end":{"line":47,"column":24}},"15":{"start":{"line":55,"column":8},"end":{"line":55,"column":34}},"16":{"start":{"line":56,"column":8},"end":{"line":56,"column":2197}},"17":{"start":{"line":57,"column":12},"end":{"line":57,"column":24}},"18":{"start":{"line":59,"column":8},"end":{"line":59,"column":43}},"19":{"start":{"line":60,"column":8},"end":{"line":60,"column":44}},"20":{"start":{"line":61,"column":8},"end":{"line":61,"column":19}},"21":{"start":{"line":70,"column":8},"end":{"line":70,"column":43}},"22":{"start":{"line":89,"column":8},"end":{"line":89,"column":63}},"23":{"start":{"line":99,"column":8},"end":{"line":99,"column":63}},"24":{"start":{"line":101,"column":8},"end":{"line":101,"column":4125}},"25":{"start":{"line":102,"column":12},"end":{"line":102,"column":18}},"26":{"start":{"line":106,"column":8},"end":{"line":106,"column":22}},"27":{"start":{"line":112,"column":8},"end":{"line":112,"column":55}},"28":{"start":{"line":113,"column":8},"end":{"line":113,"column":59}},"29":{"start":{"line":114,"column":8},"end":{"line":114,"column":21}},"30":{"start":{"line":116,"column":8},"end":{"line":116,"column":4520}},"31":{"start":{"line":126,"column":8},"end":{"line":126,"column":38}},"32":{"start":{"line":130,"column":8},"end":{"line":130,"column":63}},"33":{"start":{"line":133,"column":8},"end":{"line":133,"column":22}},"34":{"start":{"line":139,"column":8},"end":{"line":139,"column":63}},"35":{"start":{"line":140,"column":8},"end":{"line":140,"column":51}},"36":{"start":{"line":141,"column":8},"end":{"line":141,"column":5304}},"37":{"start":{"line":157,"column":8},"end":{"line":157,"column":53}},"38":{"start":{"line":158,"column":8},"end":{"line":158,"column":5887}},"39":{"start":{"line":159,"column":12},"end":{"line":159,"column":24}},"40":{"start":{"line":162,"column":8},"end":{"line":162,"column":25}},"41":{"start":{"line":164,"column":8},"end":{"line":164,"column":52}},"42":{"start":{"line":166,"column":8},"end":{"line":166,"column":19}},"43":{"start":{"line":172,"column":8},"end":{"line":172,"column":53}},"44":{"start":{"line":173,"column":8},"end":{"line":173,"column":6325}},"45":{"start":{"line":174,"column":12},"end":{"line":174,"column":31}},"46":{"start":{"line":177,"column":8},"end":{"line":177,"column":25}},"47":{"start":{"line":179,"column":8},"end":{"line":179,"column":52}},"48":{"start":{"line":181,"column":8},"end":{"line":181,"column":20}},"49":{"start":{"line":187,"column":8},"end":{"line":187,"column":36}},"50":{"start":{"line":188,"column":8},"end":{"line":188,"column":47}},"51":{"start":{"line":189,"column":8},"end":{"line":189,"column":6826}},"52":{"start":{"line":190,"column":12},"end":{"line":190,"column":24}},"53":{"start":{"line":193,"column":8},"end":{"line":193,"column":80}},"54":{"start":{"line":194,"column":8},"end":{"line":194,"column":60}},"55":{"start":{"line":195,"column":8},"end":{"line":195,"column":7049}},"56":{"start":{"line":196,"column":12},"end":{"line":196,"column":24}},"57":{"start":{"line":199,"column":8},"end":{"line":199,"column":25}},"58":{"start":{"line":201,"column":8},"end":{"line":201,"column":46}},"59":{"start":{"line":202,"column":8},"end":{"line":202,"column":59}},"60":{"start":{"line":204,"column":8},"end":{"line":204,"column":19}},"61":{"start":{"line":210,"column":8},"end":{"line":210,"column":36}},"62":{"start":{"line":211,"column":8},"end":{"line":211,"column":47}},"63":{"start":{"line":212,"column":8},"end":{"line":212,"column":7630}},"64":{"start":{"line":213,"column":12},"end":{"line":213,"column":31}},"65":{"start":{"line":216,"column":8},"end":{"line":216,"column":80}},"66":{"start":{"line":217,"column":8},"end":{"line":217,"column":60}},"67":{"start":{"line":218,"column":8},"end":{"line":218,"column":7861}},"68":{"start":{"line":219,"column":12},"end":{"line":219,"column":36}},"69":{"start":{"line":222,"column":8},"end":{"line":222,"column":25}},"70":{"start":{"line":224,"column":8},"end":{"line":224,"column":46}},"71":{"start":{"line":225,"column":8},"end":{"line":225,"column":59}},"72":{"start":{"line":227,"column":8},"end":{"line":227,"column":20}}},"branchMap":{"1":{"line":24,"type":"if","locations":[{"start":{"line":24,"column":8},"end":{"line":24,"column":8}},{"start":{"line":24,"column":8},"end":{"line":24,"column":8}}]},"2":{"line":43,"type":"if","locations":[{"start":{"line":43,"column":8},"end":{"line":43,"column":8}},{"start":{"line":43,"column":8},"end":{"line":43,"column":8}}]},"3":{"line":56,"type":"if","locations":[{"start":{"line":56,"column":8},"end":{"line":56,"column":8}},{"start":{"line":56,"column":8},"end":{"line":56,"column":8}}]},"4":{"line":101,"type":"if","locations":[{"start":{"line":101,"column":8},"end":{"line":101,"column":8}},{"start":{"line":101,"column":8},"end":{"line":101,"column":8}}]},"5":{"line":158,"type":"if","locations":[{"start":{"line":158,"column":8},"end":{"line":158,"column":8}},{"start":{"line":158,"column":8},"end":{"line":158,"column":8}}]},"6":{"line":173,"type":"if","locations":[{"start":{"line":173,"column":8},"end":{"line":173,"column":8}},{"start":{"line":173,"column":8},"end":{"line":173,"column":8}}]},"7":{"line":189,"type":"if","locations":[{"start":{"line":189,"column":8},"end":{"line":189,"column":8}},{"start":{"line":189,"column":8},"end":{"line":189,"column":8}}]},"8":{"line":195,"type":"if","locations":[{"start":{"line":195,"column":8},"end":{"line":195,"column":8}},{"start":{"line":195,"column":8},"end":{"line":195,"column":8}}]},"9":{"line":212,"type":"if","locations":[{"start":{"line":212,"column":8},"end":{"line":212,"column":8}},{"start":{"line":212,"column":8},"end":{"line":212,"column":8}}]},"10":{"line":218,"type":"if","locations":[{"start":{"line":218,"column":8},"end":{"line":218,"column":8}},{"start":{"line":218,"column":8},"end":{"line":218,"column":8}}]}}},"contracts\\existing_gas_tokens\\GST\\GasToken2.sol":{"l":{"19":4,"23":2,"24":2,"25":2,"26":2,"27":2,"29":0,"35":0,"36":0,"41":2,"42":2,"43":2,"44":2,"46":0,"54":2,"55":2,"56":0,"58":2,"59":2,"60":2,"69":0,"97":0,"102":200,"138":2,"139":200,"141":2,"142":2,"157":4,"159":4,"160":200,"163":4,"167":200,"182":4,"183":4,"184":0,"187":4,"189":4,"191":4,"199":0,"200":0,"201":0,"204":0,"206":0,"208":0,"216":0,"217":0,"218":0,"219":0,"222":0,"223":0,"224":0,"225":0,"228":0,"230":0,"231":0,"233":0,"241":0,"242":0,"243":0,"244":0,"247":0,"248":0,"249":0,"250":0,"253":0,"255":0,"256":0,"258":0},"path":"C:\\Users\\khera\\Documents\\GitHub\\GasSwapTokens\\contracts\\existing_gas_tokens\\GST\\GasToken2.sol","s":{"1":4,"2":2,"3":2,"4":2,"5":2,"6":2,"7":0,"8":0,"9":0,"10":2,"11":2,"12":2,"13":2,"14":0,"15":2,"16":2,"17":0,"18":2,"19":2,"20":2,"21":0,"22":0,"23":2,"24":200,"25":2,"26":2,"27":4,"28":4,"29":200,"30":4,"31":4,"32":4,"33":0,"34":4,"35":4,"36":4,"37":0,"38":0,"39":0,"40":0,"41":0,"42":0,"43":0,"44":0,"45":0,"46":0,"47":0,"48":0,"49":0,"50":0,"51":0,"52":0,"53":0,"54":0,"55":0,"56":0,"57":0,"58":0,"59":0,"60":0,"61":0,"62":0,"63":0,"64":0,"65":0,"66":0},"b":{"1":[2,0],"2":[2,0],"3":[0,2],"4":[0,4],"5":[0,0],"6":[0,0],"7":[0,0],"8":[0,0],"9":[0,0]},"f":{"1":4,"2":2,"3":0,"4":2,"5":2,"6":0,"7":0,"8":200,"9":2,"10":4,"11":200,"12":4,"13":0,"14":0,"15":0},"fnMap":{"1":{"name":"balanceOf","line":18,"loc":{"start":{"line":18,"column":4},"end":{"line":20,"column":4}}},"2":{"name":"internalTransfer","line":22,"loc":{"start":{"line":22,"column":4},"end":{"line":31,"column":4}}},"3":{"name":"transfer","line":34,"loc":{"start":{"line":34,"column":4},"end":{"line":37,"column":4}}},"4":{"name":"transferFrom","line":40,"loc":{"start":{"line":40,"column":4},"end":{"line":48,"column":4}}},"5":{"name":"approve","line":53,"loc":{"start":{"line":53,"column":4},"end":{"line":61,"column":4}}},"6":{"name":"allowance","line":68,"loc":{"start":{"line":68,"column":4},"end":{"line":70,"column":4}}},"7":{"name":"totalSupply","line":96,"loc":{"start":{"line":96,"column":4},"end":{"line":98,"column":4}}},"8":{"name":"makeChild","line":101,"loc":{"start":{"line":101,"column":4},"end":{"line":132,"column":4}}},"9":{"name":"mint","line":137,"loc":{"start":{"line":137,"column":4},"end":{"line":143,"column":4}}},"10":{"name":"destroyChildren","line":156,"loc":{"start":{"line":156,"column":4},"end":{"line":164,"column":4}}},"11":{"name":"computeAddress2","line":166,"loc":{"start":{"line":166,"column":4},"end":{"line":174,"column":4}}},"12":{"name":"free","line":181,"loc":{"start":{"line":181,"column":4},"end":{"line":192,"column":4}}},"13":{"name":"freeUpTo","line":198,"loc":{"start":{"line":198,"column":4},"end":{"line":209,"column":4}}},"14":{"name":"freeFrom","line":215,"loc":{"start":{"line":215,"column":4},"end":{"line":234,"column":4}}},"15":{"name":"freeFromUpTo","line":240,"loc":{"start":{"line":240,"column":4},"end":{"line":259,"column":4}}}},"statementMap":{"1":{"start":{"line":19,"column":8},"end":{"line":19,"column":32}},"2":{"start":{"line":23,"column":8},"end":{"line":23,"column":926}},"3":{"start":{"line":24,"column":12},"end":{"line":24,"column":36}},"4":{"start":{"line":25,"column":12},"end":{"line":25,"column":34}},"5":{"start":{"line":26,"column":12},"end":{"line":26,"column":42}},"6":{"start":{"line":27,"column":12},"end":{"line":27,"column":23}},"7":{"start":{"line":29,"column":12},"end":{"line":29,"column":24}},"8":{"start":{"line":35,"column":8},"end":{"line":35,"column":33}},"9":{"start":{"line":36,"column":8},"end":{"line":36,"column":48}},"10":{"start":{"line":41,"column":8},"end":{"line":41,"column":36}},"11":{"start":{"line":42,"column":8},"end":{"line":42,"column":1639}},"12":{"start":{"line":43,"column":12},"end":{"line":43,"column":47}},"13":{"start":{"line":44,"column":12},"end":{"line":44,"column":23}},"14":{"start":{"line":46,"column":12},"end":{"line":46,"column":24}},"15":{"start":{"line":54,"column":8},"end":{"line":54,"column":34}},"16":{"start":{"line":55,"column":8},"end":{"line":55,"column":2195}},"17":{"start":{"line":56,"column":12},"end":{"line":56,"column":24}},"18":{"start":{"line":58,"column":8},"end":{"line":58,"column":43}},"19":{"start":{"line":59,"column":8},"end":{"line":59,"column":44}},"20":{"start":{"line":60,"column":8},"end":{"line":60,"column":19}},"21":{"start":{"line":69,"column":8},"end":{"line":69,"column":43}},"22":{"start":{"line":97,"column":8},"end":{"line":97,"column":30}},"23":{"start":{"line":138,"column":8},"end":{"line":138,"column":6267}},"24":{"start":{"line":139,"column":12},"end":{"line":139,"column":22}},"25":{"start":{"line":141,"column":8},"end":{"line":141,"column":22}},"26":{"start":{"line":142,"column":8},"end":{"line":142,"column":38}},"27":{"start":{"line":157,"column":8},"end":{"line":157,"column":29}},"28":{"start":{"line":159,"column":8},"end":{"line":159,"column":7482}},"29":{"start":{"line":160,"column":12},"end":{"line":160,"column":47}},"30":{"start":{"line":163,"column":8},"end":{"line":163,"column":28}},"31":{"start":{"line":182,"column":8},"end":{"line":182,"column":53}},"32":{"start":{"line":183,"column":8},"end":{"line":183,"column":8637}},"33":{"start":{"line":184,"column":12},"end":{"line":184,"column":24}},"34":{"start":{"line":187,"column":8},"end":{"line":187,"column":29}},"35":{"start":{"line":189,"column":8},"end":{"line":189,"column":52}},"36":{"start":{"line":191,"column":8},"end":{"line":191,"column":19}},"37":{"start":{"line":199,"column":8},"end":{"line":199,"column":53}},"38":{"start":{"line":200,"column":8},"end":{"line":200,"column":9260}},"39":{"start":{"line":201,"column":12},"end":{"line":201,"column":31}},"40":{"start":{"line":204,"column":8},"end":{"line":204,"column":29}},"41":{"start":{"line":206,"column":8},"end":{"line":206,"column":52}},"42":{"start":{"line":208,"column":8},"end":{"line":208,"column":20}},"43":{"start":{"line":216,"column":8},"end":{"line":216,"column":36}},"44":{"start":{"line":217,"column":8},"end":{"line":217,"column":47}},"45":{"start":{"line":218,"column":8},"end":{"line":218,"column":9946}},"46":{"start":{"line":219,"column":12},"end":{"line":219,"column":24}},"47":{"start":{"line":222,"column":8},"end":{"line":222,"column":80}},"48":{"start":{"line":223,"column":8},"end":{"line":223,"column":60}},"49":{"start":{"line":224,"column":8},"end":{"line":224,"column":10169}},"50":{"start":{"line":225,"column":12},"end":{"line":225,"column":24}},"51":{"start":{"line":228,"column":8},"end":{"line":228,"column":29}},"52":{"start":{"line":230,"column":8},"end":{"line":230,"column":46}},"53":{"start":{"line":231,"column":8},"end":{"line":231,"column":59}},"54":{"start":{"line":233,"column":8},"end":{"line":233,"column":19}},"55":{"start":{"line":241,"column":8},"end":{"line":241,"column":36}},"56":{"start":{"line":242,"column":8},"end":{"line":242,"column":47}},"57":{"start":{"line":243,"column":8},"end":{"line":243,"column":10935}},"58":{"start":{"line":244,"column":12},"end":{"line":244,"column":31}},"59":{"start":{"line":247,"column":8},"end":{"line":247,"column":80}},"60":{"start":{"line":248,"column":8},"end":{"line":248,"column":60}},"61":{"start":{"line":249,"column":8},"end":{"line":249,"column":11166}},"62":{"start":{"line":250,"column":12},"end":{"line":250,"column":36}},"63":{"start":{"line":253,"column":8},"end":{"line":253,"column":29}},"64":{"start":{"line":255,"column":8},"end":{"line":255,"column":46}},"65":{"start":{"line":256,"column":8},"end":{"line":256,"column":59}},"66":{"start":{"line":258,"column":8},"end":{"line":258,"column":20}}},"branchMap":{"1":{"line":23,"type":"if","locations":[{"start":{"line":23,"column":8},"end":{"line":23,"column":8}},{"start":{"line":23,"column":8},"end":{"line":23,"column":8}}]},"2":{"line":42,"type":"if","locations":[{"start":{"line":42,"column":8},"end":{"line":42,"column":8}},{"start":{"line":42,"column":8},"end":{"line":42,"column":8}}]},"3":{"line":55,"type":"if","locations":[{"start":{"line":55,"column":8},"end":{"line":55,"column":8}},{"start":{"line":55,"column":8},"end":{"line":55,"column":8}}]},"4":{"line":183,"type":"if","locations":[{"start":{"line":183,"column":8},"end":{"line":183,"column":8}},{"start":{"line":183,"column":8},"end":{"line":183,"column":8}}]},"5":{"line":200,"type":"if","locations":[{"start":{"line":200,"column":8},"end":{"line":200,"column":8}},{"start":{"line":200,"column":8},"end":{"line":200,"column":8}}]},"6":{"line":218,"type":"if","locations":[{"start":{"line":218,"column":8},"end":{"line":218,"column":8}},{"start":{"line":218,"column":8},"end":{"line":218,"column":8}}]},"7":{"line":224,"type":"if","locations":[{"start":{"line":224,"column":8},"end":{"line":224,"column":8}},{"start":{"line":224,"column":8},"end":{"line":224,"column":8}}]},"8":{"line":243,"type":"if","locations":[{"start":{"line":243,"column":8},"end":{"line":243,"column":8}},{"start":{"line":243,"column":8},"end":{"line":243,"column":8}}]},"9":{"line":249,"type":"if","locations":[{"start":{"line":249,"column":8},"end":{"line":249,"column":8}},{"start":{"line":249,"column":8},"end":{"line":249,"column":8}}]}}},"contracts\\GSVECore.sol":{"l":{"61":4,"62":2,"63":2,"64":2,"71":3,"72":1,"73":1,"74":1,"81":0,"82":0,"83":0,"90":0,"91":0,"92":0,"99":0,"100":0,"101":0,"108":0,"109":0,"110":0,"118":0,"127":1,"128":1,"129":1,"130":1,"139":1,"140":0,"142":1,"143":1,"144":1,"145":1,"146":1,"153":0,"154":0,"155":0,"157":0,"158":0,"159":0,"160":0,"161":0,"168":1,"169":0,"172":1,"173":1,"176":0,"177":0,"178":0,"179":0,"180":0,"182":0,"191":0,"192":0,"193":0,"195":0,"196":0,"197":0,"200":0,"201":0,"202":0,"203":0,"204":0,"211":5,"212":5,"213":5,"215":1,"216":0,"219":1,"222":0,"230":3,"231":3,"232":3,"234":1,"235":0,"238":1,"241":0,"250":7,"251":7,"252":5,"253":4,"254":1,"255":0,"258":1,"261":0,"264":1,"272":0,"273":0,"275":0,"276":0,"277":0,"278":0,"288":0,"289":0,"290":0,"292":0,"293":0,"296":0,"299":0,"301":0,"302":0,"304":0,"305":0,"308":0,"309":0,"310":0,"311":0,"318":1,"319":1,"326":1,"333":1,"340":1,"347":1,"354":6,"361":0,"368":0,"375":0,"382":3,"389":0,"396":0,"403":0},"path":"C:\\Users\\khera\\Documents\\GitHub\\GasSwapTokens\\contracts\\GSVECore.sol","s":{"1":4,"2":2,"3":2,"4":2,"5":3,"6":1,"7":1,"8":1,"9":0,"10":0,"11":0,"12":0,"13":0,"14":0,"15":0,"16":0,"17":0,"18":0,"19":0,"20":0,"21":0,"22":1,"23":1,"24":1,"25":1,"26":1,"27":0,"28":1,"29":1,"30":1,"31":1,"32":1,"33":0,"34":0,"35":0,"36":0,"37":0,"38":0,"39":0,"40":0,"41":1,"42":0,"43":1,"44":1,"45":0,"46":0,"47":0,"48":0,"49":0,"50":0,"51":0,"52":0,"53":0,"54":0,"55":0,"56":0,"57":0,"58":0,"59":0,"60":0,"61":0,"62":5,"63":5,"64":5,"65":1,"66":0,"67":1,"68":1,"69":0,"70":3,"71":3,"72":3,"73":1,"74":0,"75":1,"76":1,"77":0,"78":7,"79":7,"80":5,"81":4,"82":1,"83":0,"84":1,"85":1,"86":0,"87":1,"88":0,"89":0,"90":0,"91":0,"92":0,"93":0,"94":0,"95":0,"96":0,"97":0,"98":0,"99":0,"100":0,"101":0,"102":0,"103":0,"104":0,"105":0,"106":0,"107":0,"108":0,"109":1,"110":1,"111":1,"112":1,"113":1,"114":1,"115":6,"116":0,"117":0,"118":0,"119":3,"120":0,"121":0,"122":0},"b":{"1":[2,2],"2":[1,2],"3":[0,0],"4":[0,0],"5":[0,0],"6":[0,0],"7":[0,1],"8":[1,0],"9":[0,0],"10":[0,0],"11":[0,1],"12":[1,0],"13":[0,0],"14":[0,0],"15":[0,0],"16":[5,0],"17":[0,1],"18":[1,0],"19":[3,0],"20":[1,2],"21":[0,1],"22":[1,0],"23":[5,2],"24":[4,1],"25":[1,3],"26":[0,1],"27":[1,0],"28":[0,0],"29":[0,0],"30":[0,0],"31":[0,0],"32":[0,0],"33":[0,0],"34":[0,0],"35":[0,0]},"f":{"1":4,"2":3,"3":0,"4":0,"5":0,"6":0,"7":0,"8":1,"9":1,"10":0,"11":1,"12":0,"13":5,"14":3,"15":7,"16":0,"17":0,"18":1,"19":1,"20":1,"21":1,"22":1,"23":6,"24":0,"25":0,"26":0,"27":3,"28":0,"29":0,"30":0},"fnMap":{"1":{"name":"enableRewards","line":60,"loc":{"start":{"line":60,"column":4},"end":{"line":65,"column":4}}},"2":{"name":"disableRewards","line":70,"loc":{"start":{"line":70,"column":4},"end":{"line":75,"column":4}}},"3":{"name":"updateTier","line":80,"loc":{"start":{"line":80,"column":4},"end":{"line":84,"column":4}}},"4":{"name":"updateBurnSaveFee","line":89,"loc":{"start":{"line":89,"column":4},"end":{"line":93,"column":4}}},"5":{"name":"updateBurnClaimFee","line":98,"loc":{"start":{"line":98,"column":4},"end":{"line":102,"column":4}}},"6":{"name":"updateMintingReward","line":107,"loc":{"start":{"line":107,"column":4},"end":{"line":111,"column":4}}},"7":{"name":"transferOwnershipOfSubcontract","line":117,"loc":{"start":{"line":117,"column":4},"end":{"line":119,"column":4}}},"8":{"name":"constructor","line":126,"loc":{"start":{"line":126,"column":4},"end":{"line":131,"column":4}}},"9":{"name":"stake","line":137,"loc":{"start":{"line":137,"column":4},"end":{"line":147,"column":4}}},"10":{"name":"unstake","line":152,"loc":{"start":{"line":152,"column":4},"end":{"line":162,"column":4}}},"11":{"name":"calculateStakeReward","line":167,"loc":{"start":{"line":167,"column":4},"end":{"line":183,"column":4}}},"12":{"name":"collectReward","line":190,"loc":{"start":{"line":190,"column":4},"end":{"line":205,"column":4}}},"13":{"name":"burnDiscountedMinting","line":210,"loc":{"start":{"line":210,"column":4},"end":{"line":224,"column":4}}},"14":{"name":"discountedMinting","line":229,"loc":{"start":{"line":229,"column":4},"end":{"line":243,"column":4}}},"15":{"name":"rewardedMinting","line":249,"loc":{"start":{"line":249,"column":4},"end":{"line":265,"column":4}}},"16":{"name":"convenientMinting","line":271,"loc":{"start":{"line":271,"column":4},"end":{"line":279,"column":4}}},"17":{"name":"claimToken","line":286,"loc":{"start":{"line":286,"column":4},"end":{"line":312,"column":4}}},"18":{"name":"addGasToken","line":317,"loc":{"start":{"line":317,"column":4},"end":{"line":320,"column":4}}},"19":{"name":"claimable","line":325,"loc":{"start":{"line":325,"column":4},"end":{"line":327,"column":4}}},"20":{"name":"mintingType","line":332,"loc":{"start":{"line":332,"column":4},"end":{"line":334,"column":4}}},"21":{"name":"totalStaked","line":339,"loc":{"start":{"line":339,"column":4},"end":{"line":341,"column":4}}},"22":{"name":"userStakeSize","line":346,"loc":{"start":{"line":346,"column":4},"end":{"line":348,"column":4}}},"23":{"name":"totalRewards","line":353,"loc":{"start":{"line":353,"column":5},"end":{"line":355,"column":4}}},"24":{"name":"totalRewardUser","line":360,"loc":{"start":{"line":360,"column":4},"end":{"line":362,"column":4}}},"25":{"name":"getTierThreshold","line":367,"loc":{"start":{"line":367,"column":4},"end":{"line":369,"column":4}}},"26":{"name":"getRewardEnableTime","line":374,"loc":{"start":{"line":374,"column":4},"end":{"line":376,"column":4}}},"27":{"name":"getRewardEnabled","line":381,"loc":{"start":{"line":381,"column":4},"end":{"line":383,"column":4}}},"28":{"name":"getBurnToSaveFee","line":388,"loc":{"start":{"line":388,"column":4},"end":{"line":390,"column":4}}},"29":{"name":"getBurnToClaimGasTokens","line":395,"loc":{"start":{"line":395,"column":4},"end":{"line":397,"column":4}}},"30":{"name":"getMintingReward","line":402,"loc":{"start":{"line":402,"column":4},"end":{"line":404,"column":4}}}},"statementMap":{"1":{"start":{"line":61,"column":8},"end":{"line":61,"column":72}},"2":{"start":{"line":62,"column":8},"end":{"line":62,"column":28}},"3":{"start":{"line":63,"column":8},"end":{"line":63,"column":41}},"4":{"start":{"line":64,"column":8},"end":{"line":64,"column":99}},"5":{"start":{"line":71,"column":8},"end":{"line":71,"column":67}},"6":{"start":{"line":72,"column":8},"end":{"line":72,"column":29}},"7":{"start":{"line":73,"column":8},"end":{"line":73,"column":27}},"8":{"start":{"line":74,"column":8},"end":{"line":74,"column":99}},"9":{"start":{"line":81,"column":8},"end":{"line":81,"column":67}},"10":{"start":{"line":82,"column":8},"end":{"line":82,"column":36}},"11":{"start":{"line":83,"column":8},"end":{"line":83,"column":36}},"12":{"start":{"line":90,"column":8},"end":{"line":90,"column":62}},"13":{"start":{"line":91,"column":8},"end":{"line":91,"column":28}},"14":{"start":{"line":92,"column":8},"end":{"line":92,"column":103}},"15":{"start":{"line":99,"column":8},"end":{"line":99,"column":62}},"16":{"start":{"line":100,"column":8},"end":{"line":100,"column":34}},"17":{"start":{"line":101,"column":8},"end":{"line":101,"column":103}},"18":{"start":{"line":108,"column":8},"end":{"line":108,"column":62}},"19":{"start":{"line":109,"column":8},"end":{"line":109,"column":28}},"20":{"start":{"line":110,"column":8},"end":{"line":110,"column":103}},"21":{"start":{"line":118,"column":8},"end":{"line":118,"column":57}},"22":{"start":{"line":127,"column":8},"end":{"line":127,"column":32}},"23":{"start":{"line":128,"column":8},"end":{"line":128,"column":32}},"24":{"start":{"line":129,"column":8},"end":{"line":129,"column":42}},"25":{"start":{"line":130,"column":8},"end":{"line":130,"column":43}},"26":{"start":{"line":139,"column":8},"end":{"line":139,"column":5011}},"27":{"start":{"line":140,"column":12},"end":{"line":140,"column":18}},"28":{"start":{"line":142,"column":8},"end":{"line":142,"column":80}},"29":{"start":{"line":143,"column":8},"end":{"line":143,"column":65}},"30":{"start":{"line":144,"column":8},"end":{"line":144,"column":51}},"31":{"start":{"line":145,"column":8},"end":{"line":145,"column":45}},"32":{"start":{"line":146,"column":8},"end":{"line":146,"column":38}},"33":{"start":{"line":153,"column":8},"end":{"line":153,"column":50}},"34":{"start":{"line":154,"column":8},"end":{"line":154,"column":5556}},"35":{"start":{"line":155,"column":12},"end":{"line":155,"column":18}},"36":{"start":{"line":157,"column":8},"end":{"line":157,"column":33}},"37":{"start":{"line":158,"column":8},"end":{"line":158,"column":37}},"38":{"start":{"line":159,"column":8},"end":{"line":159,"column":49}},"39":{"start":{"line":160,"column":8},"end":{"line":160,"column":65}},"40":{"start":{"line":161,"column":8},"end":{"line":161,"column":44}},"41":{"start":{"line":168,"column":8},"end":{"line":168,"column":6080}},"42":{"start":{"line":169,"column":12},"end":{"line":169,"column":20}},"43":{"start":{"line":172,"column":8},"end":{"line":172,"column":6167}},"44":{"start":{"line":173,"column":12},"end":{"line":173,"column":20}},"45":{"start":{"line":176,"column":8},"end":{"line":176,"column":89}},"46":{"start":{"line":177,"column":8},"end":{"line":177,"column":65}},"47":{"start":{"line":178,"column":8},"end":{"line":178,"column":60}},"48":{"start":{"line":179,"column":8},"end":{"line":179,"column":72}},"49":{"start":{"line":180,"column":8},"end":{"line":180,"column":58}},"50":{"start":{"line":182,"column":8},"end":{"line":182,"column":21}},"51":{"start":{"line":191,"column":8},"end":{"line":191,"column":49}},"52":{"start":{"line":192,"column":8},"end":{"line":192,"column":85}},"53":{"start":{"line":193,"column":8},"end":{"line":193,"column":63}},"54":{"start":{"line":195,"column":8},"end":{"line":195,"column":57}},"55":{"start":{"line":196,"column":8},"end":{"line":196,"column":7202}},"56":{"start":{"line":197,"column":12},"end":{"line":197,"column":18}},"57":{"start":{"line":200,"column":8},"end":{"line":200,"column":50}},"58":{"start":{"line":201,"column":8},"end":{"line":201,"column":51}},"59":{"start":{"line":202,"column":8},"end":{"line":202,"column":75}},"60":{"start":{"line":203,"column":8},"end":{"line":203,"column":73}},"61":{"start":{"line":204,"column":8},"end":{"line":204,"column":39}},"62":{"start":{"line":211,"column":8},"end":{"line":211,"column":56}},"63":{"start":{"line":212,"column":8},"end":{"line":212,"column":56}},"64":{"start":{"line":213,"column":8},"end":{"line":213,"column":72}},"65":{"start":{"line":215,"column":8},"end":{"line":215,"column":7998}},"66":{"start":{"line":216,"column":12},"end":{"line":216,"column":55}},"67":{"start":{"line":218,"column":13},"end":{"line":218,"column":8101}},"68":{"start":{"line":219,"column":12},"end":{"line":219,"column":81}},"69":{"start":{"line":222,"column":12},"end":{"line":222,"column":18}},"70":{"start":{"line":230,"column":8},"end":{"line":230,"column":56}},"71":{"start":{"line":231,"column":8},"end":{"line":231,"column":56}},"72":{"start":{"line":232,"column":8},"end":{"line":232,"column":109}},"73":{"start":{"line":234,"column":8},"end":{"line":234,"column":8745}},"74":{"start":{"line":235,"column":12},"end":{"line":235,"column":55}},"75":{"start":{"line":237,"column":13},"end":{"line":237,"column":8848}},"76":{"start":{"line":238,"column":12},"end":{"line":238,"column":81}},"77":{"start":{"line":241,"column":12},"end":{"line":241,"column":18}},"78":{"start":{"line":250,"column":8},"end":{"line":250,"column":56}},"79":{"start":{"line":251,"column":8},"end":{"line":251,"column":56}},"80":{"start":{"line":252,"column":8},"end":{"line":252,"column":83}},"81":{"start":{"line":253,"column":8},"end":{"line":253,"column":63}},"82":{"start":{"line":254,"column":8},"end":{"line":254,"column":9552}},"83":{"start":{"line":255,"column":12},"end":{"line":255,"column":55}},"84":{"start":{"line":257,"column":13},"end":{"line":257,"column":9655}},"85":{"start":{"line":258,"column":12},"end":{"line":258,"column":81}},"86":{"start":{"line":261,"column":12},"end":{"line":261,"column":18}},"87":{"start":{"line":264,"column":8},"end":{"line":264,"column":80}},"88":{"start":{"line":272,"column":8},"end":{"line":272,"column":56}},"89":{"start":{"line":273,"column":8},"end":{"line":273,"column":56}},"90":{"start":{"line":275,"column":8},"end":{"line":275,"column":43}},"91":{"start":{"line":276,"column":8},"end":{"line":276,"column":73}},"92":{"start":{"line":277,"column":8},"end":{"line":277,"column":45}},"93":{"start":{"line":278,"column":8},"end":{"line":278,"column":63}},"94":{"start":{"line":288,"column":8},"end":{"line":288,"column":57}},"95":{"start":{"line":289,"column":8},"end":{"line":289,"column":61}},"96":{"start":{"line":290,"column":8},"end":{"line":290,"column":120}},"97":{"start":{"line":292,"column":8},"end":{"line":292,"column":11203}},"98":{"start":{"line":293,"column":12},"end":{"line":293,"column":140}},"99":{"start":{"line":296,"column":12},"end":{"line":296,"column":134}},"100":{"start":{"line":299,"column":8},"end":{"line":299,"column":35}},"101":{"start":{"line":301,"column":8},"end":{"line":301,"column":85}},"102":{"start":{"line":302,"column":8},"end":{"line":302,"column":79}},"103":{"start":{"line":304,"column":8},"end":{"line":304,"column":11783}},"104":{"start":{"line":305,"column":12},"end":{"line":305,"column":18}},"105":{"start":{"line":308,"column":8},"end":{"line":308,"column":93}},"106":{"start":{"line":309,"column":8},"end":{"line":309,"column":84}},"107":{"start":{"line":310,"column":8},"end":{"line":310,"column":51}},"108":{"start":{"line":311,"column":8},"end":{"line":311,"column":62}},"109":{"start":{"line":318,"column":8},"end":{"line":318,"column":40}},"110":{"start":{"line":319,"column":8},"end":{"line":319,"column":41}},"111":{"start":{"line":326,"column":8},"end":{"line":326,"column":35}},"112":{"start":{"line":333,"column":8},"end":{"line":333,"column":37}},"113":{"start":{"line":340,"column":8},"end":{"line":340,"column":27}},"114":{"start":{"line":347,"column":8},"end":{"line":347,"column":31}},"115":{"start":{"line":354,"column":8},"end":{"line":354,"column":53}},"116":{"start":{"line":361,"column":8},"end":{"line":361,"column":37}},"117":{"start":{"line":368,"column":8},"end":{"line":368,"column":36}},"118":{"start":{"line":375,"column":8},"end":{"line":375,"column":31}},"119":{"start":{"line":382,"column":8},"end":{"line":382,"column":29}},"120":{"start":{"line":389,"column":8},"end":{"line":389,"column":28}},"121":{"start":{"line":396,"column":8},"end":{"line":396,"column":35}},"122":{"start":{"line":403,"column":8},"end":{"line":403,"column":28}}},"branchMap":{"1":{"line":61,"type":"if","locations":[{"start":{"line":61,"column":8},"end":{"line":61,"column":8}},{"start":{"line":61,"column":8},"end":{"line":61,"column":8}}]},"2":{"line":71,"type":"if","locations":[{"start":{"line":71,"column":8},"end":{"line":71,"column":8}},{"start":{"line":71,"column":8},"end":{"line":71,"column":8}}]},"3":{"line":81,"type":"if","locations":[{"start":{"line":81,"column":8},"end":{"line":81,"column":8}},{"start":{"line":81,"column":8},"end":{"line":81,"column":8}}]},"4":{"line":90,"type":"if","locations":[{"start":{"line":90,"column":8},"end":{"line":90,"column":8}},{"start":{"line":90,"column":8},"end":{"line":90,"column":8}}]},"5":{"line":99,"type":"if","locations":[{"start":{"line":99,"column":8},"end":{"line":99,"column":8}},{"start":{"line":99,"column":8},"end":{"line":99,"column":8}}]},"6":{"line":108,"type":"if","locations":[{"start":{"line":108,"column":8},"end":{"line":108,"column":8}},{"start":{"line":108,"column":8},"end":{"line":108,"column":8}}]},"7":{"line":139,"type":"if","locations":[{"start":{"line":139,"column":8},"end":{"line":139,"column":8}},{"start":{"line":139,"column":8},"end":{"line":139,"column":8}}]},"8":{"line":142,"type":"if","locations":[{"start":{"line":142,"column":8},"end":{"line":142,"column":8}},{"start":{"line":142,"column":8},"end":{"line":142,"column":8}}]},"9":{"line":154,"type":"if","locations":[{"start":{"line":154,"column":8},"end":{"line":154,"column":8}},{"start":{"line":154,"column":8},"end":{"line":154,"column":8}}]},"10":{"line":160,"type":"if","locations":[{"start":{"line":160,"column":8},"end":{"line":160,"column":8}},{"start":{"line":160,"column":8},"end":{"line":160,"column":8}}]},"11":{"line":168,"type":"if","locations":[{"start":{"line":168,"column":8},"end":{"line":168,"column":8}},{"start":{"line":168,"column":8},"end":{"line":168,"column":8}}]},"12":{"line":172,"type":"if","locations":[{"start":{"line":172,"column":8},"end":{"line":172,"column":8}},{"start":{"line":172,"column":8},"end":{"line":172,"column":8}}]},"13":{"line":192,"type":"if","locations":[{"start":{"line":192,"column":8},"end":{"line":192,"column":8}},{"start":{"line":192,"column":8},"end":{"line":192,"column":8}}]},"14":{"line":193,"type":"if","locations":[{"start":{"line":193,"column":8},"end":{"line":193,"column":8}},{"start":{"line":193,"column":8},"end":{"line":193,"column":8}}]},"15":{"line":196,"type":"if","locations":[{"start":{"line":196,"column":8},"end":{"line":196,"column":8}},{"start":{"line":196,"column":8},"end":{"line":196,"column":8}}]},"16":{"line":212,"type":"if","locations":[{"start":{"line":212,"column":8},"end":{"line":212,"column":8}},{"start":{"line":212,"column":8},"end":{"line":212,"column":8}}]},"17":{"line":215,"type":"if","locations":[{"start":{"line":215,"column":8},"end":{"line":215,"column":8}},{"start":{"line":215,"column":8},"end":{"line":215,"column":8}}]},"18":{"line":218,"type":"if","locations":[{"start":{"line":218,"column":13},"end":{"line":218,"column":13}},{"start":{"line":218,"column":13},"end":{"line":218,"column":13}}]},"19":{"line":231,"type":"if","locations":[{"start":{"line":231,"column":8},"end":{"line":231,"column":8}},{"start":{"line":231,"column":8},"end":{"line":231,"column":8}}]},"20":{"line":232,"type":"if","locations":[{"start":{"line":232,"column":8},"end":{"line":232,"column":8}},{"start":{"line":232,"column":8},"end":{"line":232,"column":8}}]},"21":{"line":234,"type":"if","locations":[{"start":{"line":234,"column":8},"end":{"line":234,"column":8}},{"start":{"line":234,"column":8},"end":{"line":234,"column":8}}]},"22":{"line":237,"type":"if","locations":[{"start":{"line":237,"column":13},"end":{"line":237,"column":13}},{"start":{"line":237,"column":13},"end":{"line":237,"column":13}}]},"23":{"line":251,"type":"if","locations":[{"start":{"line":251,"column":8},"end":{"line":251,"column":8}},{"start":{"line":251,"column":8},"end":{"line":251,"column":8}}]},"24":{"line":252,"type":"if","locations":[{"start":{"line":252,"column":8},"end":{"line":252,"column":8}},{"start":{"line":252,"column":8},"end":{"line":252,"column":8}}]},"25":{"line":253,"type":"if","locations":[{"start":{"line":253,"column":8},"end":{"line":253,"column":8}},{"start":{"line":253,"column":8},"end":{"line":253,"column":8}}]},"26":{"line":254,"type":"if","locations":[{"start":{"line":254,"column":8},"end":{"line":254,"column":8}},{"start":{"line":254,"column":8},"end":{"line":254,"column":8}}]},"27":{"line":257,"type":"if","locations":[{"start":{"line":257,"column":13},"end":{"line":257,"column":13}},{"start":{"line":257,"column":13},"end":{"line":257,"column":13}}]},"28":{"line":273,"type":"if","locations":[{"start":{"line":273,"column":8},"end":{"line":273,"column":8}},{"start":{"line":273,"column":8},"end":{"line":273,"column":8}}]},"29":{"line":276,"type":"if","locations":[{"start":{"line":276,"column":8},"end":{"line":276,"column":8}},{"start":{"line":276,"column":8},"end":{"line":276,"column":8}}]},"30":{"line":289,"type":"if","locations":[{"start":{"line":289,"column":8},"end":{"line":289,"column":8}},{"start":{"line":289,"column":8},"end":{"line":289,"column":8}}]},"31":{"line":290,"type":"if","locations":[{"start":{"line":290,"column":8},"end":{"line":290,"column":8}},{"start":{"line":290,"column":8},"end":{"line":290,"column":8}}]},"32":{"line":292,"type":"if","locations":[{"start":{"line":292,"column":8},"end":{"line":292,"column":8}},{"start":{"line":292,"column":8},"end":{"line":292,"column":8}}]},"33":{"line":293,"type":"if","locations":[{"start":{"line":293,"column":12},"end":{"line":293,"column":12}},{"start":{"line":293,"column":12},"end":{"line":293,"column":12}}]},"34":{"line":296,"type":"if","locations":[{"start":{"line":296,"column":12},"end":{"line":296,"column":12}},{"start":{"line":296,"column":12},"end":{"line":296,"column":12}}]},"35":{"line":304,"type":"if","locations":[{"start":{"line":304,"column":8},"end":{"line":304,"column":8}},{"start":{"line":304,"column":8},"end":{"line":304,"column":8}}]}}},"contracts\\GSVEDeployer.sol":{"l":{"27":2,"28":2,"35":2,"43":9,"44":8,"45":6,"46":6,"47":6,"48":6,"51":1,"61":4,"64":4,"65":2,"68":2,"78":3,"82":3,"83":1,"86":2},"path":"C:\\Users\\khera\\Documents\\GitHub\\GasSwapTokens\\contracts\\GSVEDeployer.sol","s":{"1":2,"2":2,"3":2,"4":9,"5":8,"6":6,"7":6,"8":6,"9":4,"10":2,"11":2,"12":3,"13":1,"14":2},"b":{"1":[8,1],"2":[6,2]},"f":{"1":2,"2":2,"3":9,"4":4,"5":3},"fnMap":{"1":{"name":"addGasToken","line":26,"loc":{"start":{"line":26,"column":4},"end":{"line":29,"column":4}}},"2":{"name":"compatibleGasToken","line":34,"loc":{"start":{"line":34,"column":4},"end":{"line":36,"column":4}}},"3":{"name":"discountGas","line":42,"loc":{"start":{"line":42,"column":4},"end":{"line":53,"column":4}}},"4":{"name":"GsveDeploy","line":60,"loc":{"start":{"line":60,"column":4},"end":{"line":70,"column":4}}},"5":{"name":"GsveDeploy2","line":77,"loc":{"start":{"line":77,"column":4},"end":{"line":88,"column":4}}}},"statementMap":{"1":{"start":{"line":27,"column":8},"end":{"line":27,"column":41}},"2":{"start":{"line":28,"column":8},"end":{"line":28,"column":43}},"3":{"start":{"line":35,"column":8},"end":{"line":35,"column":45}},"4":{"start":{"line":43,"column":8},"end":{"line":43,"column":1473}},"5":{"start":{"line":44,"column":12},"end":{"line":44,"column":83}},"6":{"start":{"line":45,"column":12},"end":{"line":45,"column":40}},"7":{"start":{"line":47,"column":12},"end":{"line":47,"column":82}},"8":{"start":{"line":48,"column":12},"end":{"line":48,"column":105}},"9":{"start":{"line":64,"column":8},"end":{"line":64,"column":2379}},"10":{"start":{"line":65,"column":12},"end":{"line":65,"column":62}},"11":{"start":{"line":68,"column":12},"end":{"line":68,"column":62}},"12":{"start":{"line":82,"column":8},"end":{"line":82,"column":3142}},"13":{"start":{"line":83,"column":12},"end":{"line":83,"column":62}},"14":{"start":{"line":86,"column":12},"end":{"line":86,"column":62}}},"branchMap":{"1":{"line":43,"type":"if","locations":[{"start":{"line":43,"column":8},"end":{"line":43,"column":8}},{"start":{"line":43,"column":8},"end":{"line":43,"column":8}}]},"2":{"line":44,"type":"if","locations":[{"start":{"line":44,"column":12},"end":{"line":44,"column":12}},{"start":{"line":44,"column":12},"end":{"line":44,"column":12}}]}}},"contracts\\GSVESmartWrapper.sol":{"l":{"39":3,"47":4,"48":4,"49":4,"50":4,"66":4,"67":4,"75":10,"76":6,"79":4,"80":4,"83":4,"84":4,"87":4,"88":4,"90":4,"97":7,"105":17,"106":13,"107":9,"108":9,"109":9,"110":9,"113":4,"124":13,"125":1,"128":12,"129":6,"132":6,"140":2,"147":2,"148":2,"149":2,"156":44,"163":40,"164":32,"172":1,"173":1,"174":1,"178":40},"path":"C:\\Users\\khera\\Documents\\GitHub\\GasSwapTokens\\contracts\\GSVESmartWrapper.sol","s":{"1":3,"2":4,"3":4,"4":4,"5":4,"6":4,"7":4,"8":10,"9":6,"10":4,"11":4,"12":4,"13":4,"14":4,"15":4,"16":4,"17":7,"18":17,"19":13,"20":9,"21":9,"22":9,"23":13,"24":1,"25":12,"26":6,"27":6,"28":2,"29":2,"30":2,"31":2,"32":44,"33":40,"34":1,"35":1,"36":1,"37":40},"b":{"1":[4,0],"2":[6,4],"3":[13,4],"4":[9,4],"5":[1,12],"6":[6,6],"7":[32,8],"8":[1,0]},"f":{"1":3,"2":4,"3":4,"4":10,"5":7,"6":17,"7":13,"8":2,"9":2,"10":44,"11":40,"12":1,"13":40},"fnMap":{"1":{"name":"constructor","line":38,"loc":{"start":{"line":38,"column":4},"end":{"line":40,"column":4}}},"2":{"name":"init","line":46,"loc":{"start":{"line":46,"column":4},"end":{"line":51,"column":4}}},"3":{"name":"addGasToken","line":65,"loc":{"start":{"line":65,"column":4},"end":{"line":68,"column":4}}},"4":{"name":"upgradeProxy","line":74,"loc":{"start":{"line":74,"column":4},"end":{"line":91,"column":4}}},"5":{"name":"compatibleGasToken","line":96,"loc":{"start":{"line":96,"column":4},"end":{"line":98,"column":4}}},"6":{"name":"discountGas","line":104,"loc":{"start":{"line":104,"column":4},"end":{"line":115,"column":4}}},"7":{"name":"wrapTransaction","line":123,"loc":{"start":{"line":123,"column":4},"end":{"line":134,"column":4}}},"8":{"name":"withdrawBalance","line":139,"loc":{"start":{"line":139,"column":4},"end":{"line":141,"column":4}}},"9":{"name":"withdrawTokenBalance","line":146,"loc":{"start":{"line":146,"column":4},"end":{"line":150,"column":4}}},"10":{"name":"owner","line":155,"loc":{"start":{"line":155,"column":4},"end":{"line":157,"column":4}}},"11":{"name":"onlyOwner","line":162,"loc":{"start":{"line":162,"column":4},"end":{"line":165,"column":4}}},"12":{"name":"transferOwnership","line":171,"loc":{"start":{"line":171,"column":4},"end":{"line":175,"column":4}}},"13":{"name":"_msgSender","line":177,"loc":{"start":{"line":177,"column":4},"end":{"line":179,"column":4}}}},"statementMap":{"1":{"start":{"line":39,"column":8},"end":{"line":39,"column":35}},"2":{"start":{"line":47,"column":8},"end":{"line":47,"column":70}},"3":{"start":{"line":48,"column":8},"end":{"line":48,"column":28}},"4":{"start":{"line":49,"column":8},"end":{"line":49,"column":59}},"5":{"start":{"line":50,"column":8},"end":{"line":50,"column":29}},"6":{"start":{"line":66,"column":8},"end":{"line":66,"column":41}},"7":{"start":{"line":67,"column":8},"end":{"line":67,"column":43}},"8":{"start":{"line":75,"column":8},"end":{"line":75,"column":69}},"9":{"start":{"line":76,"column":8},"end":{"line":76,"column":61}},"10":{"start":{"line":79,"column":8},"end":{"line":79,"column":75}},"11":{"start":{"line":80,"column":8},"end":{"line":80,"column":71}},"12":{"start":{"line":83,"column":8},"end":{"line":83,"column":75}},"13":{"start":{"line":84,"column":8},"end":{"line":84,"column":71}},"14":{"start":{"line":87,"column":8},"end":{"line":87,"column":75}},"15":{"start":{"line":88,"column":8},"end":{"line":88,"column":71}},"16":{"start":{"line":90,"column":8},"end":{"line":90,"column":23}},"17":{"start":{"line":97,"column":8},"end":{"line":97,"column":45}},"18":{"start":{"line":105,"column":8},"end":{"line":105,"column":3809}},"19":{"start":{"line":106,"column":12},"end":{"line":106,"column":83}},"20":{"start":{"line":107,"column":12},"end":{"line":107,"column":40}},"21":{"start":{"line":109,"column":12},"end":{"line":109,"column":82}},"22":{"start":{"line":110,"column":12},"end":{"line":110,"column":84}},"23":{"start":{"line":124,"column":8},"end":{"line":124,"column":4786}},"24":{"start":{"line":125,"column":12},"end":{"line":125,"column":18}},"25":{"start":{"line":128,"column":8},"end":{"line":128,"column":4864}},"26":{"start":{"line":129,"column":12},"end":{"line":129,"column":97}},"27":{"start":{"line":132,"column":12},"end":{"line":132,"column":81}},"28":{"start":{"line":140,"column":8},"end":{"line":140,"column":68}},"29":{"start":{"line":147,"column":8},"end":{"line":147,"column":44}},"30":{"start":{"line":148,"column":8},"end":{"line":148,"column":64}},"31":{"start":{"line":149,"column":8},"end":{"line":149,"column":47}},"32":{"start":{"line":156,"column":8},"end":{"line":156,"column":21}},"33":{"start":{"line":163,"column":8},"end":{"line":163,"column":75}},"34":{"start":{"line":172,"column":8},"end":{"line":172,"column":80}},"35":{"start":{"line":173,"column":8},"end":{"line":173,"column":51}},"36":{"start":{"line":174,"column":8},"end":{"line":174,"column":24}},"37":{"start":{"line":178,"column":8},"end":{"line":178,"column":25}}},"branchMap":{"1":{"line":47,"type":"if","locations":[{"start":{"line":47,"column":8},"end":{"line":47,"column":8}},{"start":{"line":47,"column":8},"end":{"line":47,"column":8}}]},"2":{"line":75,"type":"if","locations":[{"start":{"line":75,"column":8},"end":{"line":75,"column":8}},{"start":{"line":75,"column":8},"end":{"line":75,"column":8}}]},"3":{"line":105,"type":"if","locations":[{"start":{"line":105,"column":8},"end":{"line":105,"column":8}},{"start":{"line":105,"column":8},"end":{"line":105,"column":8}}]},"4":{"line":106,"type":"if","locations":[{"start":{"line":106,"column":12},"end":{"line":106,"column":12}},{"start":{"line":106,"column":12},"end":{"line":106,"column":12}}]},"5":{"line":124,"type":"if","locations":[{"start":{"line":124,"column":8},"end":{"line":124,"column":8}},{"start":{"line":124,"column":8},"end":{"line":124,"column":8}}]},"6":{"line":128,"type":"if","locations":[{"start":{"line":128,"column":8},"end":{"line":128,"column":8}},{"start":{"line":128,"column":8},"end":{"line":128,"column":8}}]},"7":{"line":163,"type":"if","locations":[{"start":{"line":163,"column":8},"end":{"line":163,"column":8}},{"start":{"line":163,"column":8},"end":{"line":163,"column":8}}]},"8":{"line":172,"type":"if","locations":[{"start":{"line":172,"column":8},"end":{"line":172,"column":8}},{"start":{"line":172,"column":8},"end":{"line":172,"column":8}}]}}},"contracts\\GSVESmartWrapperFactory.sol":{"l":{"18":1,"19":1,"26":1,"27":1,"28":1,"29":1,"36":1,"43":1,"54":1,"55":1,"57":1,"58":1,"59":1,"62":1,"63":1},"path":"C:\\Users\\khera\\Documents\\GitHub\\GasSwapTokens\\contracts\\GSVESmartWrapperFactory.sol","s":{"1":1,"2":1,"3":1,"4":1,"5":1,"6":1,"7":1,"8":1,"9":1,"10":1,"11":1,"12":1,"13":1,"14":1,"15":1},"b":{},"f":{"1":1,"2":1,"3":1,"4":1,"5":1},"fnMap":{"1":{"name":"constructor","line":17,"loc":{"start":{"line":17,"column":2},"end":{"line":20,"column":2}}},"2":{"name":"addGasToken","line":25,"loc":{"start":{"line":25,"column":4},"end":{"line":30,"column":4}}},"3":{"name":"deployedWalletAddressLocation","line":35,"loc":{"start":{"line":35,"column":4},"end":{"line":37,"column":4}}},"4":{"name":"compatibleGasToken","line":42,"loc":{"start":{"line":42,"column":4},"end":{"line":44,"column":4}}},"5":{"name":"deployGSVESmartWrapper","line":53,"loc":{"start":{"line":53,"column":2},"end":{"line":64,"column":4}}}},"statementMap":{"1":{"start":{"line":18,"column":4},"end":{"line":18,"column":47}},"2":{"start":{"line":19,"column":4},"end":{"line":19,"column":25}},"3":{"start":{"line":26,"column":8},"end":{"line":26,"column":41}},"4":{"start":{"line":27,"column":8},"end":{"line":27,"column":57}},"5":{"start":{"line":28,"column":8},"end":{"line":28,"column":56}},"6":{"start":{"line":29,"column":8},"end":{"line":29,"column":43}},"7":{"start":{"line":36,"column":8},"end":{"line":36,"column":54}},"8":{"start":{"line":43,"column":8},"end":{"line":43,"column":45}},"9":{"start":{"line":54,"column":8},"end":{"line":54,"column":68}},"10":{"start":{"line":55,"column":8},"end":{"line":55,"column":81}},"11":{"start":{"line":57,"column":8},"end":{"line":57,"column":2247}},"12":{"start":{"line":58,"column":12},"end":{"line":58,"column":54}},"13":{"start":{"line":59,"column":12},"end":{"line":59,"column":108}},"14":{"start":{"line":62,"column":8},"end":{"line":62,"column":61}},"15":{"start":{"line":63,"column":8},"end":{"line":63,"column":67}}},"branchMap":{}},"contracts\\GSVEToken.sol":{"l":{"17":8,"24":3,"31":14,"32":10,"33":10,"34":10},"path":"C:\\Users\\khera\\Documents\\GitHub\\GasSwapTokens\\contracts\\GSVEToken.sol","s":{"1":8,"2":3,"3":14,"4":10,"5":10,"6":10},"b":{"1":[10,0]},"f":{"1":8,"2":3,"3":14},"fnMap":{"1":{"name":"constructor","line":16,"loc":{"start":{"line":16,"column":4},"end":{"line":18,"column":4}}},"2":{"name":"burn","line":23,"loc":{"start":{"line":23,"column":4},"end":{"line":25,"column":4}}},"3":{"name":"burnFrom","line":30,"loc":{"start":{"line":30,"column":4},"end":{"line":36,"column":4}}}},"statementMap":{"1":{"start":{"line":17,"column":8},"end":{"line":17,"column":44}},"2":{"start":{"line":24,"column":8},"end":{"line":24,"column":32}},"3":{"start":{"line":31,"column":8},"end":{"line":31,"column":29}},"4":{"start":{"line":32,"column":8},"end":{"line":32,"column":56}},"5":{"start":{"line":33,"column":8},"end":{"line":33,"column":949}},"6":{"start":{"line":34,"column":12},"end":{"line":34,"column":101}}},"branchMap":{"1":{"line":33,"type":"if","locations":[{"start":{"line":33,"column":8},"end":{"line":33,"column":8}},{"start":{"line":33,"column":8},"end":{"line":33,"column":8}}]}}},"contracts\\GSVEVault.sol":{"l":{"14":2},"path":"C:\\Users\\khera\\Documents\\GitHub\\GasSwapTokens\\contracts\\GSVEVault.sol","s":{"1":2},"b":{},"f":{"1":2},"fnMap":{"1":{"name":"transferToken","line":13,"loc":{"start":{"line":13,"column":4},"end":{"line":15,"column":4}}}},"statementMap":{"1":{"start":{"line":14,"column":8},"end":{"line":14,"column":48}}},"branchMap":{}},"contracts\\IGasToken.sol":{"l":{},"path":"C:\\Users\\khera\\Documents\\GitHub\\GasSwapTokens\\contracts\\IGasToken.sol","s":{},"b":{},"f":{},"fnMap":{},"statementMap":{},"branchMap":{}},"contracts\\IGSVESmartWrapper.sol":{"l":{},"path":"C:\\Users\\khera\\Documents\\GitHub\\GasSwapTokens\\contracts\\IGSVESmartWrapper.sol","s":{},"b":{},"f":{},"fnMap":{},"statementMap":{},"branchMap":{}},"contracts\\IWrappedGasToken.sol":{"l":{},"path":"C:\\Users\\khera\\Documents\\GitHub\\GasSwapTokens\\contracts\\IWrappedGasToken.sol","s":{},"b":{},"f":{},"fnMap":{},"statementMap":{},"branchMap":{}},"contracts\\test_helpers\\GSVE_helper.sol":{"l":{"9":24,"17":18,"25":6,"32":2,"33":2,"37":2,"38":2,"42":2,"43":2,"47":2,"48":2},"path":"C:\\Users\\khera\\Documents\\GitHub\\GasSwapTokens\\contracts\\test_helpers\\GSVE_helper.sol","s":{"1":2,"2":2,"3":2,"4":2,"5":2,"6":2,"7":2,"8":2},"b":{"1":[2,0],"2":[2,0],"3":[2,0],"4":[2,0]},"f":{"1":24,"2":18,"3":6,"4":2,"5":2,"6":2,"7":2},"fnMap":{"1":{"name":"dummy","line":8,"loc":{"start":{"line":8,"column":4},"end":{"line":12,"column":4}}},"2":{"name":"burnGas","line":15,"loc":{"start":{"line":15,"column":4},"end":{"line":21,"column":4}}},"3":{"name":"burnGasAndAcceptPayment","line":23,"loc":{"start":{"line":23,"column":4},"end":{"line":29,"column":4}}},"4":{"name":"burnGasAndFree","line":31,"loc":{"start":{"line":31,"column":4},"end":{"line":34,"column":4}}},"5":{"name":"burnGasAndFreeUpTo","line":36,"loc":{"start":{"line":36,"column":4},"end":{"line":39,"column":4}}},"6":{"name":"burnGasAndFreeFrom","line":41,"loc":{"start":{"line":41,"column":4},"end":{"line":44,"column":4}}},"7":{"name":"burnGasAndFreeFromUpTo","line":46,"loc":{"start":{"line":46,"column":4},"end":{"line":49,"column":4}}}},"statementMap":{"1":{"start":{"line":32,"column":8},"end":{"line":32,"column":20}},"2":{"start":{"line":33,"column":8},"end":{"line":33,"column":69}},"3":{"start":{"line":37,"column":8},"end":{"line":37,"column":20}},"4":{"start":{"line":38,"column":8},"end":{"line":38,"column":81}},"5":{"start":{"line":42,"column":8},"end":{"line":42,"column":20}},"6":{"start":{"line":43,"column":8},"end":{"line":43,"column":88}},"7":{"start":{"line":47,"column":8},"end":{"line":47,"column":20}},"8":{"start":{"line":48,"column":8},"end":{"line":48,"column":100}}},"branchMap":{"1":{"line":33,"type":"if","locations":[{"start":{"line":33,"column":8},"end":{"line":33,"column":8}},{"start":{"line":33,"column":8},"end":{"line":33,"column":8}}]},"2":{"line":38,"type":"if","locations":[{"start":{"line":38,"column":8},"end":{"line":38,"column":8}},{"start":{"line":38,"column":8},"end":{"line":38,"column":8}}]},"3":{"line":43,"type":"if","locations":[{"start":{"line":43,"column":8},"end":{"line":43,"column":8}},{"start":{"line":43,"column":8},"end":{"line":43,"column":8}}]},"4":{"line":48,"type":"if","locations":[{"start":{"line":48,"column":8},"end":{"line":48,"column":8}},{"start":{"line":48,"column":8},"end":{"line":48,"column":8}}]}}},"contracts\\WrappedGasToken.sol":{"l":{"35":6,"36":6,"37":6,"38":6,"46":7,"56":15,"57":15,"58":15,"68":13,"69":13,"70":13,"71":13,"72":13,"73":13,"85":3,"86":3,"87":3,"88":2,"90":3,"91":3,"93":3,"94":2,"97":3,"106":3,"107":3,"108":1,"109":1,"119":17,"120":12,"121":8,"122":8,"124":13,"132":11,"140":10,"141":7,"142":7,"143":7,"145":10,"153":8,"161":2},"path":"C:\\Users\\khera\\Documents\\GitHub\\GasSwapTokens\\contracts\\WrappedGasToken.sol","s":{"1":6,"2":6,"3":6,"4":6,"5":7,"6":15,"7":15,"8":15,"9":13,"10":13,"11":13,"12":13,"13":13,"14":13,"15":3,"16":3,"17":3,"18":2,"19":3,"20":3,"21":3,"22":2,"23":3,"24":3,"25":3,"26":1,"27":1,"28":17,"29":12,"30":8,"31":8,"32":13,"33":11,"34":10,"35":7,"36":7,"37":7,"38":10,"39":8,"40":2},"b":{"1":[13,0],"2":[3,0],"3":[2,1],"4":[2,1],"5":[3,0],"6":[12,5],"7":[7,3]},"f":{"1":6,"2":7,"3":15,"4":13,"5":3,"6":3,"7":17,"8":11,"9":10,"10":8,"11":2},"fnMap":{"1":{"name":"constructor","line":34,"loc":{"start":{"line":34,"column":4},"end":{"line":39,"column":4}}},"2":{"name":"totalSupply","line":45,"loc":{"start":{"line":45,"column":4},"end":{"line":47,"column":4}}},"3":{"name":"calculateFee","line":55,"loc":{"start":{"line":55,"column":4},"end":{"line":59,"column":4}}},"4":{"name":"mint","line":67,"loc":{"start":{"line":67,"column":4},"end":{"line":74,"column":4}}},"5":{"name":"discountedMint","line":84,"loc":{"start":{"line":84,"column":4},"end":{"line":98,"column":4}}},"6":{"name":"unwrap","line":105,"loc":{"start":{"line":105,"column":4},"end":{"line":111,"column":4}}},"7":{"name":"free","line":118,"loc":{"start":{"line":118,"column":4},"end":{"line":125,"column":4}}},"8":{"name":"freeUpTo","line":131,"loc":{"start":{"line":131,"column":4},"end":{"line":133,"column":4}}},"9":{"name":"freeFrom","line":139,"loc":{"start":{"line":139,"column":4},"end":{"line":146,"column":4}}},"10":{"name":"freeFromUpTo","line":152,"loc":{"start":{"line":152,"column":4},"end":{"line":154,"column":4}}},"11":{"name":"updateFeeAddress","line":160,"loc":{"start":{"line":160,"column":4},"end":{"line":162,"column":4}}}},"statementMap":{"1":{"start":{"line":35,"column":8},"end":{"line":35,"column":30}},"2":{"start":{"line":36,"column":8},"end":{"line":36,"column":42}},"3":{"start":{"line":37,"column":8},"end":{"line":37,"column":19}},"4":{"start":{"line":38,"column":8},"end":{"line":38,"column":23}},"5":{"start":{"line":46,"column":8},"end":{"line":46,"column":40}},"6":{"start":{"line":56,"column":8},"end":{"line":56,"column":23}},"7":{"start":{"line":57,"column":8},"end":{"line":57,"column":50}},"8":{"start":{"line":58,"column":8},"end":{"line":58,"column":18}},"9":{"start":{"line":68,"column":8},"end":{"line":68,"column":130}},"10":{"start":{"line":69,"column":8},"end":{"line":69,"column":54}},"11":{"start":{"line":70,"column":8},"end":{"line":70,"column":93}},"12":{"start":{"line":71,"column":8},"end":{"line":71,"column":39}},"13":{"start":{"line":72,"column":8},"end":{"line":72,"column":29}},"14":{"start":{"line":73,"column":8},"end":{"line":73,"column":40}},"15":{"start":{"line":85,"column":8},"end":{"line":85,"column":129}},"16":{"start":{"line":86,"column":8},"end":{"line":86,"column":23}},"17":{"start":{"line":87,"column":8},"end":{"line":87,"column":3563}},"18":{"start":{"line":88,"column":12},"end":{"line":88,"column":51}},"19":{"start":{"line":90,"column":8},"end":{"line":90,"column":93}},"20":{"start":{"line":91,"column":8},"end":{"line":91,"column":38}},"21":{"start":{"line":93,"column":8},"end":{"line":93,"column":3799}},"22":{"start":{"line":94,"column":12},"end":{"line":94,"column":33}},"23":{"start":{"line":97,"column":8},"end":{"line":97,"column":40}},"24":{"start":{"line":106,"column":8},"end":{"line":106,"column":4187}},"25":{"start":{"line":107,"column":12},"end":{"line":107,"column":35}},"26":{"start":{"line":108,"column":12},"end":{"line":108,"column":66}},"27":{"start":{"line":109,"column":12},"end":{"line":109,"column":44}},"28":{"start":{"line":119,"column":8},"end":{"line":119,"column":4585}},"29":{"start":{"line":120,"column":12},"end":{"line":120,"column":35}},"30":{"start":{"line":121,"column":12},"end":{"line":121,"column":44}},"31":{"start":{"line":122,"column":12},"end":{"line":122,"column":53}},"32":{"start":{"line":124,"column":8},"end":{"line":124,"column":20}},"33":{"start":{"line":132,"column":8},"end":{"line":132,"column":59}},"34":{"start":{"line":140,"column":8},"end":{"line":140,"column":5275}},"35":{"start":{"line":141,"column":12},"end":{"line":141,"column":33}},"36":{"start":{"line":142,"column":12},"end":{"line":142,"column":44}},"37":{"start":{"line":143,"column":12},"end":{"line":143,"column":53}},"38":{"start":{"line":145,"column":8},"end":{"line":145,"column":20}},"39":{"start":{"line":153,"column":8},"end":{"line":153,"column":102}},"40":{"start":{"line":161,"column":8},"end":{"line":161,"column":33}}},"branchMap":{"1":{"line":68,"type":"if","locations":[{"start":{"line":68,"column":8},"end":{"line":68,"column":8}},{"start":{"line":68,"column":8},"end":{"line":68,"column":8}}]},"2":{"line":85,"type":"if","locations":[{"start":{"line":85,"column":8},"end":{"line":85,"column":8}},{"start":{"line":85,"column":8},"end":{"line":85,"column":8}}]},"3":{"line":87,"type":"if","locations":[{"start":{"line":87,"column":8},"end":{"line":87,"column":8}},{"start":{"line":87,"column":8},"end":{"line":87,"column":8}}]},"4":{"line":93,"type":"if","locations":[{"start":{"line":93,"column":8},"end":{"line":93,"column":8}},{"start":{"line":93,"column":8},"end":{"line":93,"column":8}}]},"5":{"line":106,"type":"if","locations":[{"start":{"line":106,"column":8},"end":{"line":106,"column":8}},{"start":{"line":106,"column":8},"end":{"line":106,"column":8}}]},"6":{"line":119,"type":"if","locations":[{"start":{"line":119,"column":8},"end":{"line":119,"column":8}},{"start":{"line":119,"column":8},"end":{"line":119,"column":8}}]},"7":{"line":140,"type":"if","locations":[{"start":{"line":140,"column":8},"end":{"line":140,"column":8}},{"start":{"line":140,"column":8},"end":{"line":140,"column":8}}]}}}}