TN:
SF:C:\Users\khera\Documents\GitHub\GasSwapTokens\contracts\ERC20WithoutTotalSupply.sol
FN:14,balanceOf
FN:18,allowance
FN:22,transfer
FN:27,approve
FN:32,transferFrom
FN:41,_transfer
FN:47,_approve
FN:52,_mint
FN:57,_burn
FN:62,_burnFrom
FNF:10
FNH:0
FNDA:0,balanceOf
FNDA:0,allowance
FNDA:0,transfer
FNDA:0,approve
FNDA:0,transferFrom
FNDA:0,_transfer
FNDA:0,_approve
FNDA:0,_mint
FNDA:0,_burn
FNDA:0,_burnFrom
DA:15,0
DA:19,0
DA:23,0
DA:24,0
DA:28,0
DA:29,0
DA:33,0
DA:34,0
DA:35,0
DA:36,0
DA:38,0
DA:42,0
DA:43,0
DA:44,0
DA:48,0
DA:49,0
DA:53,0
DA:54,0
DA:58,0
DA:59,0
DA:63,0
DA:64,0
DA:65,0
DA:66,0
LF:24
LH:0
BRDA:35,1,0,0
BRDA:35,1,1,0
BRDA:65,2,0,0
BRDA:65,2,1,0
BRF:4
BRH:0
end_of_record
TN:
SF:C:\Users\khera\Documents\GitHub\GasSwapTokens\contracts\existing_gas_tokens\Chi\ChiToken.sol
FN:14,totalSupply
FN:18,mint
FN:53,computeAddress2
FN:63,_destroyChildren
FN:80,free
FN:88,freeUpTo
FN:92,freeFrom
FN:100,freeFromUpTo
FNF:8
FNH:0
FNDA:0,totalSupply
FNDA:0,mint
FNDA:0,computeAddress2
FNDA:0,_destroyChildren
FNDA:0,free
FNDA:0,freeUpTo
FNDA:0,freeFrom
FNDA:0,freeFromUpTo
DA:15,0
DA:19,0
DA:20,0
DA:49,0
DA:50,0
DA:54,0
DA:64,0
DA:81,0
DA:82,0
DA:83,0
DA:85,0
DA:89,0
DA:93,0
DA:94,0
DA:95,0
DA:97,0
DA:101,0
LF:17
LH:0
BRDA:81,1,0,0
BRDA:81,1,1,0
BRDA:93,2,0,0
BRDA:93,2,1,0
BRF:4
BRH:0
end_of_record
TN:
SF:C:\Users\khera\Documents\GitHub\GasSwapTokens\contracts\existing_gas_tokens\GST\GasToken1.sol
FN:19,balanceOf
FN:23,internalTransfer
FN:35,transfer
FN:41,transferFrom
FN:54,approve
FN:69,allowance
FN:88,totalSupply
FN:98,mint
FN:129,freeStorage
FN:156,free
FN:171,freeUpTo
FN:186,freeFrom
FN:209,freeFromUpTo
FNF:13
FNH:0
FNDA:0,balanceOf
FNDA:0,internalTransfer
FNDA:0,transfer
FNDA:0,transferFrom
FNDA:0,approve
FNDA:0,allowance
FNDA:0,totalSupply
FNDA:0,mint
FNDA:0,freeStorage
FNDA:0,free
FNDA:0,freeUpTo
FNDA:0,freeFrom
FNDA:0,freeFromUpTo
DA:20,0
DA:24,0
DA:25,0
DA:26,0
DA:27,0
DA:28,0
DA:30,0
DA:36,0
DA:37,0
DA:42,0
DA:43,0
DA:44,0
DA:45,0
DA:47,0
DA:55,0
DA:56,0
DA:57,0
DA:59,0
DA:60,0
DA:61,0
DA:70,0
DA:89,0
DA:90,0
DA:99,0
DA:101,0
DA:102,0
DA:106,0
DA:107,0
DA:112,0
DA:113,0
DA:114,0
DA:116,0
DA:117,0
DA:123,0
DA:126,0
DA:130,0
DA:133,0
DA:134,0
DA:139,0
DA:140,0
DA:141,0
DA:142,0
DA:148,0
DA:157,0
DA:158,0
DA:159,0
DA:162,0
DA:164,0
DA:166,0
DA:172,0
DA:173,0
DA:174,0
DA:177,0
DA:179,0
DA:181,0
DA:187,0
DA:188,0
DA:189,0
DA:190,0
DA:193,0
DA:194,0
DA:195,0
DA:196,0
DA:199,0
DA:201,0
DA:202,0
DA:204,0
DA:210,0
DA:211,0
DA:212,0
DA:213,0
DA:216,0
DA:217,0
DA:218,0
DA:219,0
DA:222,0
DA:224,0
DA:225,0
DA:227,0
LF:79
LH:0
BRDA:24,1,0,0
BRDA:24,1,1,0
BRDA:43,2,0,0
BRDA:43,2,1,0
BRDA:56,3,0,0
BRDA:56,3,1,0
BRDA:101,4,0,0
BRDA:101,4,1,0
BRDA:158,5,0,0
BRDA:158,5,1,0
BRDA:173,6,0,0
BRDA:173,6,1,0
BRDA:189,7,0,0
BRDA:189,7,1,0
BRDA:195,8,0,0
BRDA:195,8,1,0
BRDA:212,9,0,0
BRDA:212,9,1,0
BRDA:218,10,0,0
BRDA:218,10,1,0
BRF:20
BRH:0
end_of_record
TN:
SF:C:\Users\khera\Documents\GitHub\GasSwapTokens\contracts\existing_gas_tokens\GST\GasToken2.sol
FN:18,balanceOf
FN:22,internalTransfer
FN:34,transfer
FN:40,transferFrom
FN:53,approve
FN:68,allowance
FN:96,totalSupply
FN:101,makeChild
FN:137,mint
FN:156,destroyChildren
FN:166,computeAddress2
FN:181,free
FN:198,freeUpTo
FN:215,freeFrom
FN:240,freeFromUpTo
FNF:15
FNH:0
FNDA:0,balanceOf
FNDA:0,internalTransfer
FNDA:0,transfer
FNDA:0,transferFrom
FNDA:0,approve
FNDA:0,allowance
FNDA:0,totalSupply
FNDA:0,makeChild
FNDA:0,mint
FNDA:0,destroyChildren
FNDA:0,computeAddress2
FNDA:0,free
FNDA:0,freeUpTo
FNDA:0,freeFrom
FNDA:0,freeFromUpTo
DA:19,0
DA:23,0
DA:24,0
DA:25,0
DA:26,0
DA:27,0
DA:29,0
DA:35,0
DA:36,0
DA:41,0
DA:42,0
DA:43,0
DA:44,0
DA:46,0
DA:54,0
DA:55,0
DA:56,0
DA:58,0
DA:59,0
DA:60,0
DA:69,0
DA:97,0
DA:102,0
DA:138,0
DA:139,0
DA:141,0
DA:142,0
DA:157,0
DA:159,0
DA:160,0
DA:163,0
DA:167,0
DA:182,0
DA:183,0
DA:184,0
DA:187,0
DA:189,0
DA:191,0
DA:199,0
DA:200,0
DA:201,0
DA:204,0
DA:206,0
DA:208,0
DA:216,0
DA:217,0
DA:218,0
DA:219,0
DA:222,0
DA:223,0
DA:224,0
DA:225,0
DA:228,0
DA:230,0
DA:231,0
DA:233,0
DA:241,0
DA:242,0
DA:243,0
DA:244,0
DA:247,0
DA:248,0
DA:249,0
DA:250,0
DA:253,0
DA:255,0
DA:256,0
DA:258,0
LF:68
LH:0
BRDA:23,1,0,0
BRDA:23,1,1,0
BRDA:42,2,0,0
BRDA:42,2,1,0
BRDA:55,3,0,0
BRDA:55,3,1,0
BRDA:183,4,0,0
BRDA:183,4,1,0
BRDA:200,5,0,0
BRDA:200,5,1,0
BRDA:218,6,0,0
BRDA:218,6,1,0
BRDA:224,7,0,0
BRDA:224,7,1,0
BRDA:243,8,0,0
BRDA:243,8,1,0
BRDA:249,9,0,0
BRDA:249,9,1,0
BRF:18
BRH:0
end_of_record
TN:
SF:C:\Users\khera\Documents\GitHub\GasSwapTokens\contracts\GSVEDeployer.sol
FN:28,addGasToken
FN:36,deployedWalletAddressLocation
FN:43,compatibleGasToken
FN:51,discountGas
FN:69,GsveDeploy
FN:86,GsveDeploy2
FNF:6
FNH:0
FNDA:0,addGasToken
FNDA:0,deployedWalletAddressLocation
FNDA:0,compatibleGasToken
FNDA:0,discountGas
FNDA:0,GsveDeploy
FNDA:0,GsveDeploy2
DA:29,0
DA:30,0
DA:37,0
DA:44,0
DA:52,0
DA:53,0
DA:54,0
DA:55,0
DA:56,0
DA:57,0
DA:60,0
DA:70,0
DA:73,0
DA:74,0
DA:77,0
DA:87,0
DA:91,0
DA:92,0
DA:95,0
LF:19
LH:0
BRDA:52,1,0,0
BRDA:52,1,1,0
BRDA:53,2,0,0
BRDA:53,2,1,0
BRF:4
BRH:0
end_of_record
TN:
SF:C:\Users\khera\Documents\GitHub\GasSwapTokens\contracts\GSVESmartWrapper.sol
FN:38,constructor
FN:46,init
FN:65,addGasToken
FN:74,upgradeProxy
FN:97,compatibleGasToken
FN:105,discountGas
FN:124,wrapTransaction
FN:140,withdrawBalance
FN:147,withdrawTokenBalance
FN:156,owner
FN:163,onlyOwner
FN:175,renounceOwnership
FN:184,transferOwnership
FN:190,_msgSender
FN:194,_msgData
FNF:15
FNH:0
FNDA:0,constructor
FNDA:0,init
FNDA:0,addGasToken
FNDA:0,upgradeProxy
FNDA:0,compatibleGasToken
FNDA:0,discountGas
FNDA:0,wrapTransaction
FNDA:0,withdrawBalance
FNDA:0,withdrawTokenBalance
FNDA:0,owner
FNDA:0,onlyOwner
FNDA:0,renounceOwnership
FNDA:0,transferOwnership
FNDA:0,_msgSender
FNDA:0,_msgData
DA:39,0
DA:47,0
DA:48,0
DA:49,0
DA:50,0
DA:66,0
DA:67,0
DA:75,0
DA:76,0
DA:77,0
DA:80,0
DA:81,0
DA:84,0
DA:85,0
DA:88,0
DA:89,0
DA:91,0
DA:98,0
DA:106,0
DA:107,0
DA:108,0
DA:109,0
DA:110,0
DA:111,0
DA:114,0
DA:125,0
DA:126,0
DA:129,0
DA:130,0
DA:133,0
DA:141,0
DA:148,0
DA:149,0
DA:150,0
DA:157,0
DA:164,0
DA:165,0
DA:176,0
DA:177,0
DA:185,0
DA:186,0
DA:187,0
DA:191,0
DA:195,0
DA:196,0
LF:45
LH:0
BRDA:47,1,0,0
BRDA:47,1,1,0
BRDA:75,2,0,0
BRDA:75,2,1,0
BRDA:76,3,0,0
BRDA:76,3,1,0
BRDA:106,4,0,0
BRDA:106,4,1,0
BRDA:107,5,0,0
BRDA:107,5,1,0
BRDA:125,6,0,0
BRDA:125,6,1,0
BRDA:129,7,0,0
BRDA:129,7,1,0
BRDA:164,8,0,0
BRDA:164,8,1,0
BRDA:185,9,0,0
BRDA:185,9,1,0
BRF:18
BRH:0
end_of_record
TN:
SF:C:\Users\khera\Documents\GitHub\GasSwapTokens\contracts\GSVESmartWrapperFactory.sol
FN:17,constructor
FN:25,addGasToken
FN:35,deployedWalletAddressLocation
FN:42,compatibleGasToken
FN:53,deployGSVESmartWrapper
FNF:5
FNH:0
FNDA:0,constructor
FNDA:0,addGasToken
FNDA:0,deployedWalletAddressLocation
FNDA:0,compatibleGasToken
FNDA:0,deployGSVESmartWrapper
DA:18,0
DA:19,0
DA:26,0
DA:27,0
DA:28,0
DA:29,0
DA:36,0
DA:43,0
DA:54,0
DA:55,0
DA:57,0
DA:58,0
DA:59,0
DA:62,0
DA:63,0
LF:15
LH:0
BRF:0
BRH:0
end_of_record
TN:
SF:C:\Users\khera\Documents\GitHub\GasSwapTokens\contracts\GSVEStakeCore.sol
FN:61,constructor
FN:71,stake
FN:87,unstake
FN:102,calculateStakeReward
FN:120,collectReward
FN:139,burnDiscountedMinting
FN:158,discountedMinting
FN:178,rewardedMinting
FN:199,convenientMinting
FN:214,claimToken
FN:245,addGasToken
FN:253,claimable
FN:260,mintingType
FN:267,totalStaked
FN:274,userStakeSize
FN:281,totalRewards
FN:288,totalRewardUser
FN:296,transferOwnershipOfSubcontract
FNF:18
FNH:0
FNDA:0,constructor
FNDA:0,stake
FNDA:0,unstake
FNDA:0,calculateStakeReward
FNDA:0,collectReward
FNDA:0,burnDiscountedMinting
FNDA:0,discountedMinting
FNDA:0,rewardedMinting
FNDA:0,convenientMinting
FNDA:0,claimToken
FNDA:0,addGasToken
FNDA:0,claimable
FNDA:0,mintingType
FNDA:0,totalStaked
FNDA:0,userStakeSize
FNDA:0,totalRewards
FNDA:0,totalRewardUser
FNDA:0,transferOwnershipOfSubcontract
DA:62,0
DA:63,0
DA:72,0
DA:74,0
DA:75,0
DA:77,0
DA:78,0
DA:79,0
DA:80,0
DA:81,0
DA:88,0
DA:89,0
DA:90,0
DA:92,0
DA:93,0
DA:94,0
DA:95,0
DA:96,0
DA:103,0
DA:104,0
DA:107,0
DA:108,0
DA:109,0
DA:110,0
DA:112,0
DA:121,0
DA:122,0
DA:124,0
DA:125,0
DA:126,0
DA:129,0
DA:130,0
DA:131,0
DA:132,0
DA:133,0
DA:140,0
DA:141,0
DA:142,0
DA:144,0
DA:145,0
DA:148,0
DA:151,0
DA:159,0
DA:160,0
DA:161,0
DA:163,0
DA:164,0
DA:167,0
DA:170,0
DA:179,0
DA:180,0
DA:181,0
DA:182,0
DA:183,0
DA:186,0
DA:189,0
DA:192,0
DA:200,0
DA:201,0
DA:203,0
DA:204,0
DA:205,0
DA:206,0
DA:216,0
DA:217,0
DA:218,0
DA:220,0
DA:221,0
DA:224,0
DA:227,0
DA:229,0
DA:230,0
DA:232,0
DA:233,0
DA:236,0
DA:237,0
DA:238,0
DA:239,0
DA:246,0
DA:247,0
DA:254,0
DA:261,0
DA:268,0
DA:275,0
DA:282,0
DA:289,0
DA:297,0
LF:87
LH:0
BRDA:72,1,0,0
BRDA:72,1,1,0
BRDA:74,2,0,0
BRDA:74,2,1,0
BRDA:77,3,0,0
BRDA:77,3,1,0
BRDA:89,4,0,0
BRDA:89,4,1,0
BRDA:95,5,0,0
BRDA:95,5,1,0
BRDA:103,6,0,0
BRDA:103,6,1,0
BRDA:122,7,0,0
BRDA:122,7,1,0
BRDA:125,8,0,0
BRDA:125,8,1,0
BRDA:141,9,0,0
BRDA:141,9,1,0
BRDA:144,10,0,0
BRDA:144,10,1,0
BRDA:147,11,0,0
BRDA:147,11,1,0
BRDA:160,12,0,0
BRDA:160,12,1,0
BRDA:161,13,0,0
BRDA:161,13,1,0
BRDA:163,14,0,0
BRDA:163,14,1,0
BRDA:166,15,0,0
BRDA:166,15,1,0
BRDA:180,16,0,0
BRDA:180,16,1,0
BRDA:181,17,0,0
BRDA:181,17,1,0
BRDA:182,18,0,0
BRDA:182,18,1,0
BRDA:185,19,0,0
BRDA:185,19,1,0
BRDA:201,20,0,0
BRDA:201,20,1,0
BRDA:204,21,0,0
BRDA:204,21,1,0
BRDA:217,22,0,0
BRDA:217,22,1,0
BRDA:218,23,0,0
BRDA:218,23,1,0
BRDA:220,24,0,0
BRDA:220,24,1,0
BRDA:221,25,0,0
BRDA:221,25,1,0
BRDA:224,26,0,0
BRDA:224,26,1,0
BRDA:232,27,0,0
BRDA:232,27,1,0
BRF:54
BRH:0
end_of_record
TN:
SF:C:\Users\khera\Documents\GitHub\GasSwapTokens\contracts\GSVEToken.sol
FN:16,constructor
FN:23,burn
FN:30,burnFrom
FNF:3
FNH:0
FNDA:0,constructor
FNDA:0,burn
FNDA:0,burnFrom
DA:17,0
DA:24,0
DA:31,0
DA:32,0
DA:33,0
DA:34,0
LF:6
LH:0
BRDA:33,1,0,0
BRDA:33,1,1,0
BRF:2
BRH:0
end_of_record
TN:
SF:C:\Users\khera\Documents\GitHub\GasSwapTokens\contracts\GSVEVault.sol
FN:13,transferToken
FNF:1
FNH:0
FNDA:0,transferToken
DA:14,0
LF:1
LH:0
BRF:0
BRH:0
end_of_record
TN:
SF:C:\Users\khera\Documents\GitHub\GasSwapTokens\contracts\IGasToken.sol
FNF:0
FNH:0
LF:0
LH:0
BRF:0
BRH:0
end_of_record
TN:
SF:C:\Users\khera\Documents\GitHub\GasSwapTokens\contracts\IGSVESmartWrapper.sol
FNF:0
FNH:0
LF:0
LH:0
BRF:0
BRH:0
end_of_record
TN:
SF:C:\Users\khera\Documents\GitHub\GasSwapTokens\contracts\IWrappedGasToken.sol
FNF:0
FNH:0
LF:0
LH:0
BRF:0
BRH:0
end_of_record
TN:
SF:C:\Users\khera\Documents\GitHub\GasSwapTokens\contracts\test_helpers\GSVE_helper.sol
FN:8,dummy
FN:15,burnGas
FN:23,burnGasAndAcceptPayment
FN:31,burnGasAndFree
FN:36,burnGasAndFreeUpTo
FN:41,burnGasAndFreeFrom
FN:46,burnGasAndFreeFromUpTo
FNF:7
FNH:0
FNDA:0,dummy
FNDA:0,burnGas
FNDA:0,burnGasAndAcceptPayment
FNDA:0,burnGasAndFree
FNDA:0,burnGasAndFreeUpTo
FNDA:0,burnGasAndFreeFrom
FNDA:0,burnGasAndFreeFromUpTo
DA:9,0
DA:17,0
DA:25,0
DA:32,0
DA:33,0
DA:37,0
DA:38,0
DA:42,0
DA:43,0
DA:47,0
DA:48,0
LF:11
LH:0
BRDA:33,1,0,0
BRDA:33,1,1,0
BRDA:38,2,0,0
BRDA:38,2,1,0
BRDA:43,3,0,0
BRDA:43,3,1,0
BRDA:48,4,0,0
BRDA:48,4,1,0
BRF:8
BRH:0
end_of_record
TN:
SF:C:\Users\khera\Documents\GitHub\GasSwapTokens\contracts\WrappedGasToken.sol
FN:34,constructor
FN:45,totalSupply
FN:55,calculateFee
FN:67,mint
FN:84,discountedMint
FN:105,unwrap
FN:118,free
FN:131,freeUpTo
FN:139,freeFrom
FN:152,freeFromUpTo
FN:160,updateFeeAddress
FNF:11
FNH:0
FNDA:0,constructor
FNDA:0,totalSupply
FNDA:0,calculateFee
FNDA:0,mint
FNDA:0,discountedMint
FNDA:0,unwrap
FNDA:0,free
FNDA:0,freeUpTo
FNDA:0,freeFrom
FNDA:0,freeFromUpTo
FNDA:0,updateFeeAddress
DA:35,0
DA:36,0
DA:37,0
DA:38,0
DA:46,0
DA:56,0
DA:57,0
DA:58,0
DA:68,0
DA:69,0
DA:70,0
DA:71,0
DA:72,0
DA:73,0
DA:85,0
DA:86,0
DA:87,0
DA:88,0
DA:90,0
DA:91,0
DA:93,0
DA:94,0
DA:97,0
DA:106,0
DA:107,0
DA:108,0
DA:109,0
DA:119,0
DA:120,0
DA:121,0
DA:122,0
DA:124,0
DA:132,0
DA:140,0
DA:141,0
DA:142,0
DA:143,0
DA:145,0
DA:153,0
DA:161,0
LF:40
LH:0
BRDA:68,1,0,0
BRDA:68,1,1,0
BRDA:85,2,0,0
BRDA:85,2,1,0
BRDA:87,3,0,0
BRDA:87,3,1,0
BRDA:93,4,0,0
BRDA:93,4,1,0
BRDA:106,5,0,0
BRDA:106,5,1,0
BRDA:119,6,0,0
BRDA:119,6,1,0
BRDA:140,7,0,0
BRDA:140,7,1,0
BRF:14
BRH:0
end_of_record
