{
"contracts\\ERC20WithoutTotalSupply.sol":{"l":{"15":49,"19":8,"23":13,"24":13,"28":9,"29":9,"33":3,"34":3,"35":3,"36":3,"38":3,"42":16,"43":16,"44":16,"48":19,"49":19,"53":34,"54":34,"58":24,"59":18,"63":7,"64":7,"65":7,"66":7},"path":"C:\\Users\\khera\\Documents\\GitHub\\GasSwapTokens\\contracts\\ERC20WithoutTotalSupply.sol","s":{"1":49,"2":8,"3":13,"4":13,"5":9,"6":9,"7":3,"8":3,"9":3,"10":3,"11":3,"12":16,"13":16,"14":16,"15":19,"16":19,"17":34,"18":34,"19":24,"20":18,"21":7,"22":7,"23":7,"24":7},"b":{"1":[3,0],"2":[7,0]},"f":{"1":49,"2":8,"3":13,"4":9,"5":3,"6":16,"7":19,"8":34,"9":24,"10":7},"fnMap":{"1":{"name":"balanceOf","line":14,"loc":{"start":{"line":14,"column":4},"end":{"line":16,"column":4}}},"2":{"name":"allowance","line":18,"loc":{"start":{"line":18,"column":4},"end":{"line":20,"column":4}}},"3":{"name":"transfer","line":22,"loc":{"start":{"line":22,"column":4},"end":{"line":25,"column":4}}},"4":{"name":"approve","line":27,"loc":{"start":{"line":27,"column":4},"end":{"line":30,"column":4}}},"5":{"name":"transferFrom","line":32,"loc":{"start":{"line":32,"column":4},"end":{"line":39,"column":4}}},"6":{"name":"_transfer","line":41,"loc":{"start":{"line":41,"column":4},"end":{"line":45,"column":4}}},"7":{"name":"_approve","line":47,"loc":{"start":{"line":47,"column":4},"end":{"line":50,"column":4}}},"8":{"name":"_mint","line":52,"loc":{"start":{"line":52,"column":4},"end":{"line":55,"column":4}}},"9":{"name":"_burn","line":57,"loc":{"start":{"line":57,"column":4},"end":{"line":60,"column":4}}},"10":{"name":"_burnFrom","line":62,"loc":{"start":{"line":62,"column":4},"end":{"line":68,"column":4}}}},"statementMap":{"1":{"start":{"line":15,"column":8},"end":{"line":15,"column":33}},"2":{"start":{"line":19,"column":8},"end":{"line":19,"column":42}},"3":{"start":{"line":23,"column":8},"end":{"line":23,"column":47}},"4":{"start":{"line":24,"column":8},"end":{"line":24,"column":19}},"5":{"start":{"line":28,"column":8},"end":{"line":28,"column":44}},"6":{"start":{"line":29,"column":8},"end":{"line":29,"column":19}},"7":{"start":{"line":33,"column":8},"end":{"line":33,"column":43}},"8":{"start":{"line":34,"column":8},"end":{"line":34,"column":57}},"9":{"start":{"line":35,"column":8},"end":{"line":35,"column":1305}},"10":{"start":{"line":36,"column":12},"end":{"line":36,"column":104}},"11":{"start":{"line":38,"column":8},"end":{"line":38,"column":19}},"12":{"start":{"line":42,"column":8},"end":{"line":42,"column":98}},"13":{"start":{"line":43,"column":8},"end":{"line":43,"column":62}},"14":{"start":{"line":44,"column":8},"end":{"line":44,"column":48}},"15":{"start":{"line":48,"column":8},"end":{"line":48,"column":43}},"16":{"start":{"line":49,"column":8},"end":{"line":49,"column":45}},"17":{"start":{"line":53,"column":8},"end":{"line":53,"column":58}},"18":{"start":{"line":54,"column":8},"end":{"line":54,"column":50}},"19":{"start":{"line":58,"column":8},"end":{"line":58,"column":96}},"20":{"start":{"line":59,"column":8},"end":{"line":59,"column":50}},"21":{"start":{"line":63,"column":8},"end":{"line":63,"column":29}},"22":{"start":{"line":64,"column":8},"end":{"line":64,"column":58}},"23":{"start":{"line":65,"column":8},"end":{"line":65,"column":2569}},"24":{"start":{"line":66,"column":12},"end":{"line":66,"column":101}}},"branchMap":{"1":{"line":35,"type":"if","locations":[{"start":{"line":35,"column":8},"end":{"line":35,"column":8}},{"start":{"line":35,"column":8},"end":{"line":35,"column":8}}]},"2":{"line":65,"type":"if","locations":[{"start":{"line":65,"column":8},"end":{"line":65,"column":8}},{"start":{"line":65,"column":8},"end":{"line":65,"column":8}}]}}},
"contracts\\existing_gas_tokens\\Chi\\ChiToken.sol":{"l":{"15":0,"19":3,"20":3,"49":3,"50":3,"54":0,"64":4,"81":4,"82":4,"83":4,"85":4,"89":0,"93":0,"94":0,"95":0,"97":0,"101":0},"path":"C:\\Users\\khera\\Documents\\GitHub\\GasSwapTokens\\contracts\\existing_gas_tokens\\Chi\\ChiToken.sol","s":{"1":0,"2":3,"3":3,"4":3,"5":4,"6":4,"7":4,"8":4,"9":0,"10":0,"11":0,"12":0,"13":0,"14":0},"b":{"1":[4,0],"2":[0,0]},"f":{"1":0,"2":3,"3":0,"4":4,"5":4,"6":0,"7":0,"8":0},"fnMap":{"1":{"name":"totalSupply","line":14,"loc":{"start":{"line":14,"column":4},"end":{"line":16,"column":4}}},"2":{"name":"mint","line":18,"loc":{"start":{"line":18,"column":4},"end":{"line":51,"column":4}}},"3":{"name":"computeAddress2","line":53,"loc":{"start":{"line":53,"column":4},"end":{"line":61,"column":4}}},"4":{"name":"_destroyChildren","line":63,"loc":{"start":{"line":63,"column":4},"end":{"line":78,"column":4}}},"5":{"name":"free","line":80,"loc":{"start":{"line":80,"column":4},"end":{"line":86,"column":4}}},"6":{"name":"freeUpTo","line":88,"loc":{"start":{"line":88,"column":4},"end":{"line":90,"column":4}}},"7":{"name":"freeFrom","line":92,"loc":{"start":{"line":92,"column":4},"end":{"line":98,"column":4}}},"8":{"name":"freeFromUpTo","line":100,"loc":{"start":{"line":100,"column":4},"end":{"line":102,"column":4}}}},"statementMap":{"1":{"start":{"line":15,"column":8},"end":{"line":15,"column":40}},"2":{"start":{"line":19,"column":8},"end":{"line":19,"column":36}},"3":{"start":{"line":49,"column":8},"end":{"line":49,"column":31}},"4":{"start":{"line":50,"column":8},"end":{"line":50,"column":27}},"5":{"start":{"line":81,"column":8},"end":{"line":81,"column":3850}},"6":{"start":{"line":82,"column":12},"end":{"line":82,"column":35}},"7":{"start":{"line":83,"column":12},"end":{"line":83,"column":34}},"8":{"start":{"line":85,"column":8},"end":{"line":85,"column":20}},"9":{"start":{"line":89,"column":8},"end":{"line":89,"column":59}},"10":{"start":{"line":93,"column":8},"end":{"line":93,"column":4211}},"11":{"start":{"line":94,"column":12},"end":{"line":94,"column":33}},"12":{"start":{"line":95,"column":12},"end":{"line":95,"column":34}},"13":{"start":{"line":97,"column":8},"end":{"line":97,"column":20}},"14":{"start":{"line":101,"column":8},"end":{"line":101,"column":102}}},"branchMap":{"1":{"line":81,"type":"if","locations":[{"start":{"line":81,"column":8},"end":{"line":81,"column":8}},{"start":{"line":81,"column":8},"end":{"line":81,"column":8}}]},"2":{"line":93,"type":"if","locations":[{"start":{"line":93,"column":8},"end":{"line":93,"column":8}},{"start":{"line":93,"column":8},"end":{"line":93,"column":8}}]}}},
"contracts\\existing_gas_tokens\\GST\\GasToken1.sol":{"l":{"20":10,"24":21,"25":21,"26":21,"27":21,"28":21,"30":0,"36":10,"37":10,"42":11,"43":11,"44":11,"45":11,"47":0,"55":18,"56":18,"57":3,"59":15,"60":15,"61":15,"70":0,"89":0,"90":0,"99":24,"101":24,"102":0,"106":24,"107":24,"112":24,"113":24,"114":24,"116":24,"117":2170,"123":24,"126":24,"130":11,"133":11,"134":11,"139":11,"140":11,"141":11,"142":131,"148":11,"157":7,"158":7,"159":0,"162":7,"164":7,"166":7,"172":2,"173":2,"174":0,"177":2,"179":2,"181":2,"187":0,"188":0,"189":0,"190":0,"193":0,"194":0,"195":0,"196":0,"199":0,"201":0,"202":0,"204":0,"210":2,"211":2,"212":2,"213":0,"216":2,"217":2,"218":2,"219":0,"222":2,"224":2,"225":2,"227":2},"path":"C:\\Users\\khera\\Documents\\GitHub\\GasSwapTokens\\contracts\\existing_gas_tokens\\GST\\GasToken1.sol","s":{"1":10,"2":21,"3":21,"4":21,"5":21,"6":21,"7":0,"8":10,"9":10,"10":11,"11":11,"12":11,"13":11,"14":0,"15":18,"16":18,"17":3,"18":15,"19":15,"20":15,"21":0,"22":0,"23":24,"24":24,"25":0,"26":24,"27":24,"28":24,"29":24,"30":24,"31":24,"32":11,"33":11,"34":11,"35":11,"36":11,"37":7,"38":7,"39":0,"40":7,"41":7,"42":7,"43":2,"44":2,"45":0,"46":2,"47":2,"48":2,"49":0,"50":0,"51":0,"52":0,"53":0,"54":0,"55":0,"56":0,"57":0,"58":0,"59":0,"60":0,"61":2,"62":2,"63":2,"64":0,"65":2,"66":2,"67":2,"68":0,"69":2,"70":2,"71":2,"72":2},"b":{"1":[21,0],"2":[11,0],"3":[3,15],"4":[0,24],"5":[0,7],"6":[0,2],"7":[0,0],"8":[0,0],"9":[0,2],"10":[0,2]},"f":{"1":10,"2":21,"3":10,"4":11,"5":18,"6":0,"7":0,"8":24,"9":11,"10":7,"11":2,"12":0,"13":2},"fnMap":{"1":{"name":"balanceOf","line":19,"loc":{"start":{"line":19,"column":4},"end":{"line":21,"column":4}}},"2":{"name":"internalTransfer","line":23,"loc":{"start":{"line":23,"column":4},"end":{"line":32,"column":4}}},"3":{"name":"transfer","line":35,"loc":{"start":{"line":35,"column":4},"end":{"line":38,"column":4}}},"4":{"name":"transferFrom","line":41,"loc":{"start":{"line":41,"column":4},"end":{"line":49,"column":4}}},"5":{"name":"approve","line":54,"loc":{"start":{"line":54,"column":4},"end":{"line":62,"column":4}}},"6":{"name":"allowance","line":69,"loc":{"start":{"line":69,"column":4},"end":{"line":71,"column":4}}},"7":{"name":"totalSupply","line":88,"loc":{"start":{"line":88,"column":4},"end":{"line":93,"column":4}}},"8":{"name":"mint","line":98,"loc":{"start":{"line":98,"column":4},"end":{"line":127,"column":4}}},"9":{"name":"freeStorage","line":129,"loc":{"start":{"line":129,"column":4},"end":{"line":151,"column":4}}},"10":{"name":"free","line":156,"loc":{"start":{"line":156,"column":4},"end":{"line":167,"column":4}}},"11":{"name":"freeUpTo","line":171,"loc":{"start":{"line":171,"column":4},"end":{"line":182,"column":4}}},"12":{"name":"freeFrom","line":186,"loc":{"start":{"line":186,"column":4},"end":{"line":205,"column":4}}},"13":{"name":"freeFromUpTo","line":209,"loc":{"start":{"line":209,"column":4},"end":{"line":228,"column":4}}}},"statementMap":{"1":{"start":{"line":20,"column":8},"end":{"line":20,"column":32}},"2":{"start":{"line":24,"column":8},"end":{"line":24,"column":928}},"3":{"start":{"line":25,"column":12},"end":{"line":25,"column":36}},"4":{"start":{"line":26,"column":12},"end":{"line":26,"column":34}},"5":{"start":{"line":27,"column":12},"end":{"line":27,"column":42}},"6":{"start":{"line":28,"column":12},"end":{"line":28,"column":23}},"7":{"start":{"line":30,"column":12},"end":{"line":30,"column":24}},"8":{"start":{"line":36,"column":8},"end":{"line":36,"column":33}},"9":{"start":{"line":37,"column":8},"end":{"line":37,"column":48}},"10":{"start":{"line":42,"column":8},"end":{"line":42,"column":36}},"11":{"start":{"line":43,"column":8},"end":{"line":43,"column":1641}},"12":{"start":{"line":44,"column":12},"end":{"line":44,"column":47}},"13":{"start":{"line":45,"column":12},"end":{"line":45,"column":23}},"14":{"start":{"line":47,"column":12},"end":{"line":47,"column":24}},"15":{"start":{"line":55,"column":8},"end":{"line":55,"column":34}},"16":{"start":{"line":56,"column":8},"end":{"line":56,"column":2197}},"17":{"start":{"line":57,"column":12},"end":{"line":57,"column":24}},"18":{"start":{"line":59,"column":8},"end":{"line":59,"column":43}},"19":{"start":{"line":60,"column":8},"end":{"line":60,"column":44}},"20":{"start":{"line":61,"column":8},"end":{"line":61,"column":19}},"21":{"start":{"line":70,"column":8},"end":{"line":70,"column":43}},"22":{"start":{"line":89,"column":8},"end":{"line":89,"column":63}},"23":{"start":{"line":99,"column":8},"end":{"line":99,"column":63}},"24":{"start":{"line":101,"column":8},"end":{"line":101,"column":4125}},"25":{"start":{"line":102,"column":12},"end":{"line":102,"column":18}},"26":{"start":{"line":106,"column":8},"end":{"line":106,"column":22}},"27":{"start":{"line":112,"column":8},"end":{"line":112,"column":55}},"28":{"start":{"line":113,"column":8},"end":{"line":113,"column":59}},"29":{"start":{"line":114,"column":8},"end":{"line":114,"column":21}},"30":{"start":{"line":116,"column":8},"end":{"line":116,"column":4520}},"31":{"start":{"line":126,"column":8},"end":{"line":126,"column":38}},"32":{"start":{"line":130,"column":8},"end":{"line":130,"column":63}},"33":{"start":{"line":133,"column":8},"end":{"line":133,"column":22}},"34":{"start":{"line":139,"column":8},"end":{"line":139,"column":63}},"35":{"start":{"line":140,"column":8},"end":{"line":140,"column":51}},"36":{"start":{"line":141,"column":8},"end":{"line":141,"column":5304}},"37":{"start":{"line":157,"column":8},"end":{"line":157,"column":53}},"38":{"start":{"line":158,"column":8},"end":{"line":158,"column":5887}},"39":{"start":{"line":159,"column":12},"end":{"line":159,"column":24}},"40":{"start":{"line":162,"column":8},"end":{"line":162,"column":25}},"41":{"start":{"line":164,"column":8},"end":{"line":164,"column":52}},"42":{"start":{"line":166,"column":8},"end":{"line":166,"column":19}},"43":{"start":{"line":172,"column":8},"end":{"line":172,"column":53}},"44":{"start":{"line":173,"column":8},"end":{"line":173,"column":6325}},"45":{"start":{"line":174,"column":12},"end":{"line":174,"column":31}},"46":{"start":{"line":177,"column":8},"end":{"line":177,"column":25}},"47":{"start":{"line":179,"column":8},"end":{"line":179,"column":52}},"48":{"start":{"line":181,"column":8},"end":{"line":181,"column":20}},"49":{"start":{"line":187,"column":8},"end":{"line":187,"column":36}},"50":{"start":{"line":188,"column":8},"end":{"line":188,"column":47}},"51":{"start":{"line":189,"column":8},"end":{"line":189,"column":6826}},"52":{"start":{"line":190,"column":12},"end":{"line":190,"column":24}},"53":{"start":{"line":193,"column":8},"end":{"line":193,"column":80}},"54":{"start":{"line":194,"column":8},"end":{"line":194,"column":60}},"55":{"start":{"line":195,"column":8},"end":{"line":195,"column":7049}},"56":{"start":{"line":196,"column":12},"end":{"line":196,"column":24}},"57":{"start":{"line":199,"column":8},"end":{"line":199,"column":25}},"58":{"start":{"line":201,"column":8},"end":{"line":201,"column":46}},"59":{"start":{"line":202,"column":8},"end":{"line":202,"column":59}},"60":{"start":{"line":204,"column":8},"end":{"line":204,"column":19}},"61":{"start":{"line":210,"column":8},"end":{"line":210,"column":36}},"62":{"start":{"line":211,"column":8},"end":{"line":211,"column":47}},"63":{"start":{"line":212,"column":8},"end":{"line":212,"column":7630}},"64":{"start":{"line":213,"column":12},"end":{"line":213,"column":31}},"65":{"start":{"line":216,"column":8},"end":{"line":216,"column":80}},"66":{"start":{"line":217,"column":8},"end":{"line":217,"column":60}},"67":{"start":{"line":218,"column":8},"end":{"line":218,"column":7861}},"68":{"start":{"line":219,"column":12},"end":{"line":219,"column":36}},"69":{"start":{"line":222,"column":8},"end":{"line":222,"column":25}},"70":{"start":{"line":224,"column":8},"end":{"line":224,"column":46}},"71":{"start":{"line":225,"column":8},"end":{"line":225,"column":59}},"72":{"start":{"line":227,"column":8},"end":{"line":227,"column":20}}},"branchMap":{"1":{"line":24,"type":"if","locations":[{"start":{"line":24,"column":8},"end":{"line":24,"column":8}},{"start":{"line":24,"column":8},"end":{"line":24,"column":8}}]},"2":{"line":43,"type":"if","locations":[{"start":{"line":43,"column":8},"end":{"line":43,"column":8}},{"start":{"line":43,"column":8},"end":{"line":43,"column":8}}]},"3":{"line":56,"type":"if","locations":[{"start":{"line":56,"column":8},"end":{"line":56,"column":8}},{"start":{"line":56,"column":8},"end":{"line":56,"column":8}}]},"4":{"line":101,"type":"if","locations":[{"start":{"line":101,"column":8},"end":{"line":101,"column":8}},{"start":{"line":101,"column":8},"end":{"line":101,"column":8}}]},"5":{"line":158,"type":"if","locations":[{"start":{"line":158,"column":8},"end":{"line":158,"column":8}},{"start":{"line":158,"column":8},"end":{"line":158,"column":8}}]},"6":{"line":173,"type":"if","locations":[{"start":{"line":173,"column":8},"end":{"line":173,"column":8}},{"start":{"line":173,"column":8},"end":{"line":173,"column":8}}]},"7":{"line":189,"type":"if","locations":[{"start":{"line":189,"column":8},"end":{"line":189,"column":8}},{"start":{"line":189,"column":8},"end":{"line":189,"column":8}}]},"8":{"line":195,"type":"if","locations":[{"start":{"line":195,"column":8},"end":{"line":195,"column":8}},{"start":{"line":195,"column":8},"end":{"line":195,"column":8}}]},"9":{"line":212,"type":"if","locations":[{"start":{"line":212,"column":8},"end":{"line":212,"column":8}},{"start":{"line":212,"column":8},"end":{"line":212,"column":8}}]},"10":{"line":218,"type":"if","locations":[{"start":{"line":218,"column":8},"end":{"line":218,"column":8}},{"start":{"line":218,"column":8},"end":{"line":218,"column":8}}]}}},
"contracts\\existing_gas_tokens\\GST\\GasToken2.sol":{"l":{"19":3,"23":2,"24":2,"25":2,"26":2,"27":2,"29":0,"35":0,"36":0,"41":2,"42":2,"43":2,"44":2,"46":0,"54":2,"55":2,"56":0,"58":2,"59":2,"60":2,"69":0,"97":0,"102":200,"138":2,"139":200,"141":2,"142":2,"157":2,"159":2,"160":103,"163":2,"167":103,"182":2,"183":2,"184":0,"187":2,"189":2,"191":2,"199":0,"200":0,"201":0,"204":0,"206":0,"208":0,"216":0,"217":0,"218":0,"219":0,"222":0,"223":0,"224":0,"225":0,"228":0,"230":0,"231":0,"233":0,"241":0,"242":0,"243":0,"244":0,"247":0,"248":0,"249":0,"250":0,"253":0,"255":0,"256":0,"258":0},"path":"C:\\Users\\khera\\Documents\\GitHub\\GasSwapTokens\\contracts\\existing_gas_tokens\\GST\\GasToken2.sol","s":{"1":3,"2":2,"3":2,"4":2,"5":2,"6":2,"7":0,"8":0,"9":0,"10":2,"11":2,"12":2,"13":2,"14":0,"15":2,"16":2,"17":0,"18":2,"19":2,"20":2,"21":0,"22":0,"23":2,"24":200,"25":2,"26":2,"27":2,"28":2,"29":103,"30":2,"31":2,"32":2,"33":0,"34":2,"35":2,"36":2,"37":0,"38":0,"39":0,"40":0,"41":0,"42":0,"43":0,"44":0,"45":0,"46":0,"47":0,"48":0,"49":0,"50":0,"51":0,"52":0,"53":0,"54":0,"55":0,"56":0,"57":0,"58":0,"59":0,"60":0,"61":0,"62":0,"63":0,"64":0,"65":0,"66":0},"b":{"1":[2,0],"2":[2,0],"3":[0,2],"4":[0,2],"5":[0,0],"6":[0,0],"7":[0,0],"8":[0,0],"9":[0,0]},"f":{"1":3,"2":2,"3":0,"4":2,"5":2,"6":0,"7":0,"8":200,"9":2,"10":2,"11":103,"12":2,"13":0,"14":0,"15":0},"fnMap":{"1":{"name":"balanceOf","line":18,"loc":{"start":{"line":18,"column":4},"end":{"line":20,"column":4}}},"2":{"name":"internalTransfer","line":22,"loc":{"start":{"line":22,"column":4},"end":{"line":31,"column":4}}},"3":{"name":"transfer","line":34,"loc":{"start":{"line":34,"column":4},"end":{"line":37,"column":4}}},"4":{"name":"transferFrom","line":40,"loc":{"start":{"line":40,"column":4},"end":{"line":48,"column":4}}},"5":{"name":"approve","line":53,"loc":{"start":{"line":53,"column":4},"end":{"line":61,"column":4}}},"6":{"name":"allowance","line":68,"loc":{"start":{"line":68,"column":4},"end":{"line":70,"column":4}}},"7":{"name":"totalSupply","line":96,"loc":{"start":{"line":96,"column":4},"end":{"line":98,"column":4}}},"8":{"name":"makeChild","line":101,"loc":{"start":{"line":101,"column":4},"end":{"line":132,"column":4}}},"9":{"name":"mint","line":137,"loc":{"start":{"line":137,"column":4},"end":{"line":143,"column":4}}},"10":{"name":"destroyChildren","line":156,"loc":{"start":{"line":156,"column":4},"end":{"line":164,"column":4}}},"11":{"name":"computeAddress2","line":166,"loc":{"start":{"line":166,"column":4},"end":{"line":174,"column":4}}},"12":{"name":"free","line":181,"loc":{"start":{"line":181,"column":4},"end":{"line":192,"column":4}}},"13":{"name":"freeUpTo","line":198,"loc":{"start":{"line":198,"column":4},"end":{"line":209,"column":4}}},"14":{"name":"freeFrom","line":215,"loc":{"start":{"line":215,"column":4},"end":{"line":234,"column":4}}},"15":{"name":"freeFromUpTo","line":240,"loc":{"start":{"line":240,"column":4},"end":{"line":259,"column":4}}}},"statementMap":{"1":{"start":{"line":19,"column":8},"end":{"line":19,"column":32}},"2":{"start":{"line":23,"column":8},"end":{"line":23,"column":926}},"3":{"start":{"line":24,"column":12},"end":{"line":24,"column":36}},"4":{"start":{"line":25,"column":12},"end":{"line":25,"column":34}},"5":{"start":{"line":26,"column":12},"end":{"line":26,"column":42}},"6":{"start":{"line":27,"column":12},"end":{"line":27,"column":23}},"7":{"start":{"line":29,"column":12},"end":{"line":29,"column":24}},"8":{"start":{"line":35,"column":8},"end":{"line":35,"column":33}},"9":{"start":{"line":36,"column":8},"end":{"line":36,"column":48}},"10":{"start":{"line":41,"column":8},"end":{"line":41,"column":36}},"11":{"start":{"line":42,"column":8},"end":{"line":42,"column":1639}},"12":{"start":{"line":43,"column":12},"end":{"line":43,"column":47}},"13":{"start":{"line":44,"column":12},"end":{"line":44,"column":23}},"14":{"start":{"line":46,"column":12},"end":{"line":46,"column":24}},"15":{"start":{"line":54,"column":8},"end":{"line":54,"column":34}},"16":{"start":{"line":55,"column":8},"end":{"line":55,"column":2195}},"17":{"start":{"line":56,"column":12},"end":{"line":56,"column":24}},"18":{"start":{"line":58,"column":8},"end":{"line":58,"column":43}},"19":{"start":{"line":59,"column":8},"end":{"line":59,"column":44}},"20":{"start":{"line":60,"column":8},"end":{"line":60,"column":19}},"21":{"start":{"line":69,"column":8},"end":{"line":69,"column":43}},"22":{"start":{"line":97,"column":8},"end":{"line":97,"column":30}},"23":{"start":{"line":138,"column":8},"end":{"line":138,"column":6267}},"24":{"start":{"line":139,"column":12},"end":{"line":139,"column":22}},"25":{"start":{"line":141,"column":8},"end":{"line":141,"column":22}},"26":{"start":{"line":142,"column":8},"end":{"line":142,"column":38}},"27":{"start":{"line":157,"column":8},"end":{"line":157,"column":29}},"28":{"start":{"line":159,"column":8},"end":{"line":159,"column":7482}},"29":{"start":{"line":160,"column":12},"end":{"line":160,"column":47}},"30":{"start":{"line":163,"column":8},"end":{"line":163,"column":28}},"31":{"start":{"line":182,"column":8},"end":{"line":182,"column":53}},"32":{"start":{"line":183,"column":8},"end":{"line":183,"column":8637}},"33":{"start":{"line":184,"column":12},"end":{"line":184,"column":24}},"34":{"start":{"line":187,"column":8},"end":{"line":187,"column":29}},"35":{"start":{"line":189,"column":8},"end":{"line":189,"column":52}},"36":{"start":{"line":191,"column":8},"end":{"line":191,"column":19}},"37":{"start":{"line":199,"column":8},"end":{"line":199,"column":53}},"38":{"start":{"line":200,"column":8},"end":{"line":200,"column":9260}},"39":{"start":{"line":201,"column":12},"end":{"line":201,"column":31}},"40":{"start":{"line":204,"column":8},"end":{"line":204,"column":29}},"41":{"start":{"line":206,"column":8},"end":{"line":206,"column":52}},"42":{"start":{"line":208,"column":8},"end":{"line":208,"column":20}},"43":{"start":{"line":216,"column":8},"end":{"line":216,"column":36}},"44":{"start":{"line":217,"column":8},"end":{"line":217,"column":47}},"45":{"start":{"line":218,"column":8},"end":{"line":218,"column":9946}},"46":{"start":{"line":219,"column":12},"end":{"line":219,"column":24}},"47":{"start":{"line":222,"column":8},"end":{"line":222,"column":80}},"48":{"start":{"line":223,"column":8},"end":{"line":223,"column":60}},"49":{"start":{"line":224,"column":8},"end":{"line":224,"column":10169}},"50":{"start":{"line":225,"column":12},"end":{"line":225,"column":24}},"51":{"start":{"line":228,"column":8},"end":{"line":228,"column":29}},"52":{"start":{"line":230,"column":8},"end":{"line":230,"column":46}},"53":{"start":{"line":231,"column":8},"end":{"line":231,"column":59}},"54":{"start":{"line":233,"column":8},"end":{"line":233,"column":19}},"55":{"start":{"line":241,"column":8},"end":{"line":241,"column":36}},"56":{"start":{"line":242,"column":8},"end":{"line":242,"column":47}},"57":{"start":{"line":243,"column":8},"end":{"line":243,"column":10935}},"58":{"start":{"line":244,"column":12},"end":{"line":244,"column":31}},"59":{"start":{"line":247,"column":8},"end":{"line":247,"column":80}},"60":{"start":{"line":248,"column":8},"end":{"line":248,"column":60}},"61":{"start":{"line":249,"column":8},"end":{"line":249,"column":11166}},"62":{"start":{"line":250,"column":12},"end":{"line":250,"column":36}},"63":{"start":{"line":253,"column":8},"end":{"line":253,"column":29}},"64":{"start":{"line":255,"column":8},"end":{"line":255,"column":46}},"65":{"start":{"line":256,"column":8},"end":{"line":256,"column":59}},"66":{"start":{"line":258,"column":8},"end":{"line":258,"column":20}}},"branchMap":{"1":{"line":23,"type":"if","locations":[{"start":{"line":23,"column":8},"end":{"line":23,"column":8}},{"start":{"line":23,"column":8},"end":{"line":23,"column":8}}]},"2":{"line":42,"type":"if","locations":[{"start":{"line":42,"column":8},"end":{"line":42,"column":8}},{"start":{"line":42,"column":8},"end":{"line":42,"column":8}}]},"3":{"line":55,"type":"if","locations":[{"start":{"line":55,"column":8},"end":{"line":55,"column":8}},{"start":{"line":55,"column":8},"end":{"line":55,"column":8}}]},"4":{"line":183,"type":"if","locations":[{"start":{"line":183,"column":8},"end":{"line":183,"column":8}},{"start":{"line":183,"column":8},"end":{"line":183,"column":8}}]},"5":{"line":200,"type":"if","locations":[{"start":{"line":200,"column":8},"end":{"line":200,"column":8}},{"start":{"line":200,"column":8},"end":{"line":200,"column":8}}]},"6":{"line":218,"type":"if","locations":[{"start":{"line":218,"column":8},"end":{"line":218,"column":8}},{"start":{"line":218,"column":8},"end":{"line":218,"column":8}}]},"7":{"line":224,"type":"if","locations":[{"start":{"line":224,"column":8},"end":{"line":224,"column":8}},{"start":{"line":224,"column":8},"end":{"line":224,"column":8}}]},"8":{"line":243,"type":"if","locations":[{"start":{"line":243,"column":8},"end":{"line":243,"column":8}},{"start":{"line":243,"column":8},"end":{"line":243,"column":8}}]},"9":{"line":249,"type":"if","locations":[{"start":{"line":249,"column":8},"end":{"line":249,"column":8}},{"start":{"line":249,"column":8},"end":{"line":249,"column":8}}]}}},
"contracts\\GSVEBeacon.sol":{"l":{"14":4,"15":4,"16":4,"19":4,"20":4,"21":4,"28":1,"35":5,"42":2,"49":1,"56":6,"57":4,"58":3,"60":2,"61":2,"68":3,"69":1,"70":1,"71":1},"path":"C:\\Users\\khera\\Documents\\GitHub\\GasSwapTokens\\contracts\\GSVEBeacon.sol","s":{"1":4,"2":4,"3":4,"4":4,"5":4,"6":4,"7":1,"8":5,"9":2,"10":1,"11":6,"12":4,"13":3,"14":2,"15":2,"16":3,"17":1,"18":1,"19":1},"b":{"1":[4,2],"2":[3,1],"3":[1,2],"4":[1,2]},"f":{"1":4,"2":1,"3":5,"4":2,"5":1,"6":6,"7":3},"fnMap":{"1":{"name":"constructor","line":12,"loc":{"start":{"line":12,"column":4},"end":{"line":22,"column":4}}},"2":{"name":"getDeployedAddress","line":27,"loc":{"start":{"line":27,"column":4},"end":{"line":29,"column":4}}},"3":{"name":"getAddressGastoken","line":34,"loc":{"start":{"line":34,"column":4},"end":{"line":36,"column":4}}},"4":{"name":"getAddressGasTokenSaving","line":41,"loc":{"start":{"line":41,"column":4},"end":{"line":43,"column":4}}},"5":{"name":"getGasTokenAndSaving","line":48,"loc":{"start":{"line":48,"column":4},"end":{"line":50,"column":4}}},"6":{"name":"setAddressGasToken","line":55,"loc":{"start":{"line":55,"column":4},"end":{"line":62,"column":4}}},"7":{"name":"initSafe","line":67,"loc":{"start":{"line":67,"column":4},"end":{"line":72,"column":4}}}},"statementMap":{"1":{"start":{"line":14,"column":8},"end":{"line":14,"column":78}},"2":{"start":{"line":15,"column":8},"end":{"line":15,"column":78}},"3":{"start":{"line":16,"column":8},"end":{"line":16,"column":78}},"4":{"start":{"line":19,"column":8},"end":{"line":19,"column":41}},"5":{"start":{"line":20,"column":8},"end":{"line":20,"column":42}},"6":{"start":{"line":21,"column":8},"end":{"line":21,"column":42}},"7":{"start":{"line":28,"column":8},"end":{"line":28,"column":40}},"8":{"start":{"line":35,"column":8},"end":{"line":35,"column":37}},"9":{"start":{"line":42,"column":8},"end":{"line":42,"column":44}},"10":{"start":{"line":49,"column":8},"end":{"line":49,"column":73}},"11":{"start":{"line":56,"column":8},"end":{"line":56,"column":92}},"12":{"start":{"line":57,"column":8},"end":{"line":57,"column":2030}},"13":{"start":{"line":58,"column":12},"end":{"line":58,"column":80}},"14":{"start":{"line":60,"column":8},"end":{"line":60,"column":40}},"15":{"start":{"line":61,"column":8},"end":{"line":61,"column":44}},"16":{"start":{"line":68,"column":8},"end":{"line":68,"column":85}},"17":{"start":{"line":69,"column":8},"end":{"line":69,"column":37}},"18":{"start":{"line":70,"column":8},"end":{"line":70,"column":42}},"19":{"start":{"line":71,"column":8},"end":{"line":71,"column":46}}},"branchMap":{"1":{"line":56,"type":"if","locations":[{"start":{"line":56,"column":8},"end":{"line":56,"column":8}},{"start":{"line":56,"column":8},"end":{"line":56,"column":8}}]},"2":{"line":57,"type":"if","locations":[{"start":{"line":57,"column":8},"end":{"line":57,"column":8}},{"start":{"line":57,"column":8},"end":{"line":57,"column":8}}]},"3":{"line":58,"type":"if","locations":[{"start":{"line":58,"column":12},"end":{"line":58,"column":12}},{"start":{"line":58,"column":12},"end":{"line":58,"column":12}}]},"4":{"line":68,"type":"if","locations":[{"start":{"line":68,"column":8},"end":{"line":68,"column":8}},{"start":{"line":68,"column":8},"end":{"line":68,"column":8}}]}}},
"contracts\\GSVECore.sol":{"l":{"67":4,"68":2,"69":2,"70":2,"77":3,"78":1,"79":1,"80":1,"87":2,"88":2,"89":2,"96":1,"97":1,"98":1,"105":1,"106":1,"107":1,"114":1,"115":1,"116":1,"124":1,"133":4,"134":4,"135":4,"136":4,"137":4,"139":4,"140":4,"142":4,"143":4,"145":4,"146":4,"149":4,"150":4,"152":4,"153":4,"155":4,"156":4,"165":4,"166":1,"168":3,"169":3,"170":3,"171":3,"172":3,"173":3,"180":1,"181":1,"182":0,"184":1,"185":1,"186":1,"187":1,"188":1,"189":1,"196":6,"197":1,"200":5,"201":0,"204":5,"205":5,"206":5,"207":5,"208":5,"210":5,"219":2,"220":2,"221":2,"223":2,"224":2,"225":1,"228":1,"229":1,"230":1,"231":1,"232":1,"239":6,"240":6,"241":6,"243":2,"244":1,"247":1,"255":4,"256":4,"257":4,"259":2,"260":1,"263":1,"272":8,"273":8,"274":6,"275":4,"276":2,"277":1,"280":1,"283":2,"291":4,"292":4,"294":4,"295":4,"296":4,"297":4,"298":4,"299":3,"308":1,"319":8,"320":8,"321":6,"322":4,"324":2,"326":2,"327":2,"329":2,"330":0,"333":2,"334":2,"335":2,"336":2,"343":2,"344":2,"351":2,"358":2,"365":4,"372":4,"379":9,"386":2,"393":4,"400":2,"407":3,"414":2,"421":2,"428":2,"435":1,"442":1},"path":"C:\\Users\\khera\\Documents\\GitHub\\GasSwapTokens\\contracts\\GSVECore.sol","s":{"1":4,"2":2,"3":2,"4":2,"5":3,"6":1,"7":1,"8":1,"9":2,"10":2,"11":2,"12":1,"13":1,"14":1,"15":1,"16":1,"17":1,"18":1,"19":1,"20":1,"21":1,"22":4,"23":4,"24":4,"25":4,"26":4,"27":4,"28":4,"29":4,"30":4,"31":4,"32":4,"33":4,"34":4,"35":4,"36":4,"37":4,"38":4,"39":4,"40":1,"41":3,"42":3,"43":3,"44":3,"45":3,"46":3,"47":1,"48":1,"49":0,"50":1,"51":1,"52":1,"53":1,"54":1,"55":1,"56":6,"57":1,"58":5,"59":0,"60":5,"61":5,"62":5,"63":5,"64":5,"65":5,"66":2,"67":2,"68":2,"69":2,"70":2,"71":1,"72":1,"73":1,"74":1,"75":1,"76":1,"77":6,"78":6,"79":6,"80":2,"81":1,"82":1,"83":1,"84":4,"85":4,"86":4,"87":2,"88":1,"89":1,"90":1,"91":8,"92":8,"93":6,"94":4,"95":2,"96":1,"97":1,"98":1,"99":2,"100":4,"101":4,"102":4,"103":4,"104":4,"105":4,"106":4,"107":3,"108":1,"109":8,"110":8,"111":6,"112":4,"113":2,"114":2,"115":2,"116":2,"117":0,"118":2,"119":2,"120":2,"121":2,"122":2,"123":2,"124":2,"125":2,"126":4,"127":4,"128":9,"129":2,"130":4,"131":2,"132":3,"133":2,"134":2,"135":2,"136":1,"137":1},"b":{"1":[2,2],"2":[1,2],"3":[2,0],"4":[1,0],"5":[1,0],"6":[1,0],"7":[1,3],"8":[3,0],"9":[0,1],"10":[1,0],"11":[1,5],"12":[0,5],"13":[2,0],"14":[2,0],"15":[1,1],"16":[6,0],"17":[1,1],"18":[1,0],"19":[4,0],"20":[2,2],"21":[1,1],"22":[1,0],"23":[6,2],"24":[4,2],"25":[2,2],"26":[1,1],"27":[1,0],"28":[4,0],"29":[4,0],"30":[3,1],"31":[6,2],"32":[4,2],"33":[2,2],"34":[0,2]},"f":{"1":4,"2":3,"3":2,"4":1,"5":1,"6":1,"7":1,"8":4,"9":4,"10":1,"11":6,"12":2,"13":6,"14":4,"15":8,"16":4,"17":1,"18":8,"19":2,"20":2,"21":2,"22":4,"23":4,"24":9,"25":2,"26":4,"27":2,"28":3,"29":2,"30":2,"31":2,"32":1,"33":1},"fnMap":{"1":{"name":"enableRewards","line":66,"loc":{"start":{"line":66,"column":4},"end":{"line":71,"column":4}}},"2":{"name":"disableRewards","line":76,"loc":{"start":{"line":76,"column":4},"end":{"line":81,"column":4}}},"3":{"name":"updateTier","line":86,"loc":{"start":{"line":86,"column":4},"end":{"line":90,"column":4}}},"4":{"name":"updateBurnSaveFee","line":95,"loc":{"start":{"line":95,"column":4},"end":{"line":99,"column":4}}},"5":{"name":"updateBurnClaimFee","line":104,"loc":{"start":{"line":104,"column":4},"end":{"line":108,"column":4}}},"6":{"name":"updateMintingReward","line":113,"loc":{"start":{"line":113,"column":4},"end":{"line":117,"column":4}}},"7":{"name":"transferOwnershipOfSubcontract","line":123,"loc":{"start":{"line":123,"column":4},"end":{"line":125,"column":4}}},"8":{"name":"constructor","line":132,"loc":{"start":{"line":132,"column":4},"end":{"line":157,"column":4}}},"9":{"name":"stake","line":163,"loc":{"start":{"line":163,"column":4},"end":{"line":174,"column":4}}},"10":{"name":"unstake","line":179,"loc":{"start":{"line":179,"column":4},"end":{"line":190,"column":4}}},"11":{"name":"calculateStakeReward","line":195,"loc":{"start":{"line":195,"column":4},"end":{"line":211,"column":4}}},"12":{"name":"collectReward","line":218,"loc":{"start":{"line":218,"column":4},"end":{"line":233,"column":4}}},"13":{"name":"burnDiscountedMinting","line":238,"loc":{"start":{"line":238,"column":4},"end":{"line":249,"column":4}}},"14":{"name":"discountedMinting","line":254,"loc":{"start":{"line":254,"column":4},"end":{"line":265,"column":4}}},"15":{"name":"rewardedMinting","line":271,"loc":{"start":{"line":271,"column":4},"end":{"line":284,"column":4}}},"16":{"name":"convenientMinting","line":290,"loc":{"start":{"line":290,"column":4},"end":{"line":301,"column":4}}},"17":{"name":"mintGasToken","line":307,"loc":{"start":{"line":307,"column":4},"end":{"line":309,"column":4}}},"18":{"name":"claimToken","line":317,"loc":{"start":{"line":317,"column":4},"end":{"line":337,"column":4}}},"19":{"name":"addGasToken","line":342,"loc":{"start":{"line":342,"column":4},"end":{"line":345,"column":4}}},"20":{"name":"claimable","line":350,"loc":{"start":{"line":350,"column":4},"end":{"line":352,"column":4}}},"21":{"name":"mintingType","line":357,"loc":{"start":{"line":357,"column":4},"end":{"line":359,"column":4}}},"22":{"name":"totalStaked","line":364,"loc":{"start":{"line":364,"column":4},"end":{"line":366,"column":4}}},"23":{"name":"userStakeSize","line":371,"loc":{"start":{"line":371,"column":4},"end":{"line":373,"column":4}}},"24":{"name":"totalRewards","line":378,"loc":{"start":{"line":378,"column":5},"end":{"line":380,"column":4}}},"25":{"name":"totalRewardUser","line":385,"loc":{"start":{"line":385,"column":4},"end":{"line":387,"column":4}}},"26":{"name":"getTierThreshold","line":392,"loc":{"start":{"line":392,"column":4},"end":{"line":394,"column":4}}},"27":{"name":"getRewardEnableTime","line":399,"loc":{"start":{"line":399,"column":4},"end":{"line":401,"column":4}}},"28":{"name":"getRewardEnabled","line":406,"loc":{"start":{"line":406,"column":4},"end":{"line":408,"column":4}}},"29":{"name":"getBurnToSaveFee","line":413,"loc":{"start":{"line":413,"column":4},"end":{"line":415,"column":4}}},"30":{"name":"getBurnToClaimGasTokens","line":420,"loc":{"start":{"line":420,"column":4},"end":{"line":422,"column":4}}},"31":{"name":"getMintingReward","line":427,"loc":{"start":{"line":427,"column":4},"end":{"line":429,"column":4}}},"32":{"name":"getStakeTimes","line":434,"loc":{"start":{"line":434,"column":4},"end":{"line":436,"column":4}}},"33":{"name":"getClaimTimes","line":441,"loc":{"start":{"line":441,"column":4},"end":{"line":443,"column":4}}}},"statementMap":{"1":{"start":{"line":67,"column":8},"end":{"line":67,"column":72}},"2":{"start":{"line":68,"column":8},"end":{"line":68,"column":28}},"3":{"start":{"line":69,"column":8},"end":{"line":69,"column":41}},"4":{"start":{"line":70,"column":8},"end":{"line":70,"column":99}},"5":{"start":{"line":77,"column":8},"end":{"line":77,"column":67}},"6":{"start":{"line":78,"column":8},"end":{"line":78,"column":29}},"7":{"start":{"line":79,"column":8},"end":{"line":79,"column":27}},"8":{"start":{"line":80,"column":8},"end":{"line":80,"column":99}},"9":{"start":{"line":87,"column":8},"end":{"line":87,"column":67}},"10":{"start":{"line":88,"column":8},"end":{"line":88,"column":36}},"11":{"start":{"line":89,"column":8},"end":{"line":89,"column":36}},"12":{"start":{"line":96,"column":8},"end":{"line":96,"column":62}},"13":{"start":{"line":97,"column":8},"end":{"line":97,"column":28}},"14":{"start":{"line":98,"column":8},"end":{"line":98,"column":103}},"15":{"start":{"line":105,"column":8},"end":{"line":105,"column":62}},"16":{"start":{"line":106,"column":8},"end":{"line":106,"column":34}},"17":{"start":{"line":107,"column":8},"end":{"line":107,"column":103}},"18":{"start":{"line":114,"column":8},"end":{"line":114,"column":62}},"19":{"start":{"line":115,"column":8},"end":{"line":115,"column":28}},"20":{"start":{"line":116,"column":8},"end":{"line":116,"column":103}},"21":{"start":{"line":124,"column":8},"end":{"line":124,"column":57}},"22":{"start":{"line":133,"column":8},"end":{"line":133,"column":32}},"23":{"start":{"line":134,"column":8},"end":{"line":134,"column":32}},"24":{"start":{"line":135,"column":8},"end":{"line":135,"column":40}},"25":{"start":{"line":136,"column":8},"end":{"line":136,"column":41}},"26":{"start":{"line":137,"column":8},"end":{"line":137,"column":40}},"27":{"start":{"line":139,"column":8},"end":{"line":139,"column":68}},"28":{"start":{"line":140,"column":8},"end":{"line":140,"column":67}},"29":{"start":{"line":142,"column":8},"end":{"line":142,"column":68}},"30":{"start":{"line":143,"column":8},"end":{"line":143,"column":67}},"31":{"start":{"line":145,"column":8},"end":{"line":145,"column":68}},"32":{"start":{"line":146,"column":8},"end":{"line":146,"column":67}},"33":{"start":{"line":149,"column":8},"end":{"line":149,"column":30}},"34":{"start":{"line":150,"column":8},"end":{"line":150,"column":29}},"35":{"start":{"line":152,"column":8},"end":{"line":152,"column":31}},"36":{"start":{"line":153,"column":8},"end":{"line":153,"column":30}},"37":{"start":{"line":155,"column":8},"end":{"line":155,"column":31}},"38":{"start":{"line":156,"column":8},"end":{"line":156,"column":30}},"39":{"start":{"line":165,"column":8},"end":{"line":165,"column":5920}},"40":{"start":{"line":166,"column":12},"end":{"line":166,"column":18}},"41":{"start":{"line":168,"column":8},"end":{"line":168,"column":80}},"42":{"start":{"line":169,"column":8},"end":{"line":169,"column":65}},"43":{"start":{"line":170,"column":8},"end":{"line":170,"column":51}},"44":{"start":{"line":171,"column":8},"end":{"line":171,"column":51}},"45":{"start":{"line":172,"column":8},"end":{"line":172,"column":45}},"46":{"start":{"line":173,"column":8},"end":{"line":173,"column":38}},"47":{"start":{"line":180,"column":8},"end":{"line":180,"column":50}},"48":{"start":{"line":181,"column":8},"end":{"line":181,"column":6520}},"49":{"start":{"line":182,"column":12},"end":{"line":182,"column":18}},"50":{"start":{"line":184,"column":8},"end":{"line":184,"column":33}},"51":{"start":{"line":185,"column":8},"end":{"line":185,"column":37}},"52":{"start":{"line":186,"column":8},"end":{"line":186,"column":37}},"53":{"start":{"line":187,"column":8},"end":{"line":187,"column":49}},"54":{"start":{"line":188,"column":8},"end":{"line":188,"column":65}},"55":{"start":{"line":189,"column":8},"end":{"line":189,"column":44}},"56":{"start":{"line":196,"column":8},"end":{"line":196,"column":7085}},"57":{"start":{"line":197,"column":12},"end":{"line":197,"column":20}},"58":{"start":{"line":200,"column":8},"end":{"line":200,"column":7172}},"59":{"start":{"line":201,"column":12},"end":{"line":201,"column":20}},"60":{"start":{"line":204,"column":8},"end":{"line":204,"column":89}},"61":{"start":{"line":205,"column":8},"end":{"line":205,"column":65}},"62":{"start":{"line":206,"column":8},"end":{"line":206,"column":60}},"63":{"start":{"line":207,"column":8},"end":{"line":207,"column":71}},"64":{"start":{"line":208,"column":8},"end":{"line":208,"column":58}},"65":{"start":{"line":210,"column":8},"end":{"line":210,"column":21}},"66":{"start":{"line":219,"column":8},"end":{"line":219,"column":49}},"67":{"start":{"line":220,"column":8},"end":{"line":220,"column":85}},"68":{"start":{"line":221,"column":8},"end":{"line":221,"column":63}},"69":{"start":{"line":223,"column":8},"end":{"line":223,"column":57}},"70":{"start":{"line":224,"column":8},"end":{"line":224,"column":8206}},"71":{"start":{"line":225,"column":12},"end":{"line":225,"column":18}},"72":{"start":{"line":228,"column":8},"end":{"line":228,"column":50}},"73":{"start":{"line":229,"column":8},"end":{"line":229,"column":51}},"74":{"start":{"line":230,"column":8},"end":{"line":230,"column":75}},"75":{"start":{"line":231,"column":8},"end":{"line":231,"column":73}},"76":{"start":{"line":232,"column":8},"end":{"line":232,"column":39}},"77":{"start":{"line":239,"column":8},"end":{"line":239,"column":56}},"78":{"start":{"line":240,"column":8},"end":{"line":240,"column":56}},"79":{"start":{"line":241,"column":8},"end":{"line":241,"column":72}},"80":{"start":{"line":243,"column":8},"end":{"line":243,"column":9002}},"81":{"start":{"line":244,"column":12},"end":{"line":244,"column":55}},"82":{"start":{"line":246,"column":13},"end":{"line":246,"column":9105}},"83":{"start":{"line":247,"column":12},"end":{"line":247,"column":78}},"84":{"start":{"line":255,"column":8},"end":{"line":255,"column":56}},"85":{"start":{"line":256,"column":8},"end":{"line":256,"column":56}},"86":{"start":{"line":257,"column":8},"end":{"line":257,"column":109}},"87":{"start":{"line":259,"column":8},"end":{"line":259,"column":9699}},"88":{"start":{"line":260,"column":12},"end":{"line":260,"column":55}},"89":{"start":{"line":262,"column":13},"end":{"line":262,"column":9802}},"90":{"start":{"line":263,"column":12},"end":{"line":263,"column":78}},"91":{"start":{"line":272,"column":8},"end":{"line":272,"column":56}},"92":{"start":{"line":273,"column":8},"end":{"line":273,"column":56}},"93":{"start":{"line":274,"column":8},"end":{"line":274,"column":83}},"94":{"start":{"line":275,"column":8},"end":{"line":275,"column":63}},"95":{"start":{"line":276,"column":8},"end":{"line":276,"column":10456}},"96":{"start":{"line":277,"column":12},"end":{"line":277,"column":55}},"97":{"start":{"line":279,"column":13},"end":{"line":279,"column":10559}},"98":{"start":{"line":280,"column":12},"end":{"line":280,"column":78}},"99":{"start":{"line":283,"column":8},"end":{"line":283,"column":80}},"100":{"start":{"line":291,"column":8},"end":{"line":291,"column":56}},"101":{"start":{"line":292,"column":8},"end":{"line":292,"column":56}},"102":{"start":{"line":294,"column":8},"end":{"line":294,"column":43}},"103":{"start":{"line":295,"column":8},"end":{"line":295,"column":73}},"104":{"start":{"line":296,"column":8},"end":{"line":296,"column":49}},"105":{"start":{"line":297,"column":8},"end":{"line":297,"column":63}},"106":{"start":{"line":298,"column":8},"end":{"line":298,"column":11455}},"107":{"start":{"line":299,"column":12},"end":{"line":299,"column":59}},"108":{"start":{"line":308,"column":8},"end":{"line":308,"column":51}},"109":{"start":{"line":319,"column":8},"end":{"line":319,"column":54}},"110":{"start":{"line":320,"column":8},"end":{"line":320,"column":56}},"111":{"start":{"line":321,"column":8},"end":{"line":321,"column":120}},"112":{"start":{"line":322,"column":8},"end":{"line":322,"column":136}},"113":{"start":{"line":324,"column":8},"end":{"line":324,"column":35}},"114":{"start":{"line":326,"column":8},"end":{"line":326,"column":85}},"115":{"start":{"line":327,"column":8},"end":{"line":327,"column":79}},"116":{"start":{"line":329,"column":8},"end":{"line":329,"column":12721}},"117":{"start":{"line":330,"column":12},"end":{"line":330,"column":18}},"118":{"start":{"line":333,"column":8},"end":{"line":333,"column":93}},"119":{"start":{"line":334,"column":8},"end":{"line":334,"column":84}},"120":{"start":{"line":335,"column":8},"end":{"line":335,"column":51}},"121":{"start":{"line":336,"column":8},"end":{"line":336,"column":62}},"122":{"start":{"line":343,"column":8},"end":{"line":343,"column":40}},"123":{"start":{"line":344,"column":8},"end":{"line":344,"column":41}},"124":{"start":{"line":351,"column":8},"end":{"line":351,"column":35}},"125":{"start":{"line":358,"column":8},"end":{"line":358,"column":37}},"126":{"start":{"line":365,"column":8},"end":{"line":365,"column":27}},"127":{"start":{"line":372,"column":8},"end":{"line":372,"column":31}},"128":{"start":{"line":379,"column":8},"end":{"line":379,"column":53}},"129":{"start":{"line":386,"column":8},"end":{"line":386,"column":37}},"130":{"start":{"line":393,"column":8},"end":{"line":393,"column":36}},"131":{"start":{"line":400,"column":8},"end":{"line":400,"column":31}},"132":{"start":{"line":407,"column":8},"end":{"line":407,"column":29}},"133":{"start":{"line":414,"column":8},"end":{"line":414,"column":28}},"134":{"start":{"line":421,"column":8},"end":{"line":421,"column":35}},"135":{"start":{"line":428,"column":8},"end":{"line":428,"column":28}},"136":{"start":{"line":435,"column":8},"end":{"line":435,"column":37}},"137":{"start":{"line":442,"column":8},"end":{"line":442,"column":37}}},"branchMap":{"1":{"line":67,"type":"if","locations":[{"start":{"line":67,"column":8},"end":{"line":67,"column":8}},{"start":{"line":67,"column":8},"end":{"line":67,"column":8}}]},"2":{"line":77,"type":"if","locations":[{"start":{"line":77,"column":8},"end":{"line":77,"column":8}},{"start":{"line":77,"column":8},"end":{"line":77,"column":8}}]},"3":{"line":87,"type":"if","locations":[{"start":{"line":87,"column":8},"end":{"line":87,"column":8}},{"start":{"line":87,"column":8},"end":{"line":87,"column":8}}]},"4":{"line":96,"type":"if","locations":[{"start":{"line":96,"column":8},"end":{"line":96,"column":8}},{"start":{"line":96,"column":8},"end":{"line":96,"column":8}}]},"5":{"line":105,"type":"if","locations":[{"start":{"line":105,"column":8},"end":{"line":105,"column":8}},{"start":{"line":105,"column":8},"end":{"line":105,"column":8}}]},"6":{"line":114,"type":"if","locations":[{"start":{"line":114,"column":8},"end":{"line":114,"column":8}},{"start":{"line":114,"column":8},"end":{"line":114,"column":8}}]},"7":{"line":165,"type":"if","locations":[{"start":{"line":165,"column":8},"end":{"line":165,"column":8}},{"start":{"line":165,"column":8},"end":{"line":165,"column":8}}]},"8":{"line":168,"type":"if","locations":[{"start":{"line":168,"column":8},"end":{"line":168,"column":8}},{"start":{"line":168,"column":8},"end":{"line":168,"column":8}}]},"9":{"line":181,"type":"if","locations":[{"start":{"line":181,"column":8},"end":{"line":181,"column":8}},{"start":{"line":181,"column":8},"end":{"line":181,"column":8}}]},"10":{"line":188,"type":"if","locations":[{"start":{"line":188,"column":8},"end":{"line":188,"column":8}},{"start":{"line":188,"column":8},"end":{"line":188,"column":8}}]},"11":{"line":196,"type":"if","locations":[{"start":{"line":196,"column":8},"end":{"line":196,"column":8}},{"start":{"line":196,"column":8},"end":{"line":196,"column":8}}]},"12":{"line":200,"type":"if","locations":[{"start":{"line":200,"column":8},"end":{"line":200,"column":8}},{"start":{"line":200,"column":8},"end":{"line":200,"column":8}}]},"13":{"line":220,"type":"if","locations":[{"start":{"line":220,"column":8},"end":{"line":220,"column":8}},{"start":{"line":220,"column":8},"end":{"line":220,"column":8}}]},"14":{"line":221,"type":"if","locations":[{"start":{"line":221,"column":8},"end":{"line":221,"column":8}},{"start":{"line":221,"column":8},"end":{"line":221,"column":8}}]},"15":{"line":224,"type":"if","locations":[{"start":{"line":224,"column":8},"end":{"line":224,"column":8}},{"start":{"line":224,"column":8},"end":{"line":224,"column":8}}]},"16":{"line":240,"type":"if","locations":[{"start":{"line":240,"column":8},"end":{"line":240,"column":8}},{"start":{"line":240,"column":8},"end":{"line":240,"column":8}}]},"17":{"line":243,"type":"if","locations":[{"start":{"line":243,"column":8},"end":{"line":243,"column":8}},{"start":{"line":243,"column":8},"end":{"line":243,"column":8}}]},"18":{"line":246,"type":"if","locations":[{"start":{"line":246,"column":13},"end":{"line":246,"column":13}},{"start":{"line":246,"column":13},"end":{"line":246,"column":13}}]},"19":{"line":256,"type":"if","locations":[{"start":{"line":256,"column":8},"end":{"line":256,"column":8}},{"start":{"line":256,"column":8},"end":{"line":256,"column":8}}]},"20":{"line":257,"type":"if","locations":[{"start":{"line":257,"column":8},"end":{"line":257,"column":8}},{"start":{"line":257,"column":8},"end":{"line":257,"column":8}}]},"21":{"line":259,"type":"if","locations":[{"start":{"line":259,"column":8},"end":{"line":259,"column":8}},{"start":{"line":259,"column":8},"end":{"line":259,"column":8}}]},"22":{"line":262,"type":"if","locations":[{"start":{"line":262,"column":13},"end":{"line":262,"column":13}},{"start":{"line":262,"column":13},"end":{"line":262,"column":13}}]},"23":{"line":273,"type":"if","locations":[{"start":{"line":273,"column":8},"end":{"line":273,"column":8}},{"start":{"line":273,"column":8},"end":{"line":273,"column":8}}]},"24":{"line":274,"type":"if","locations":[{"start":{"line":274,"column":8},"end":{"line":274,"column":8}},{"start":{"line":274,"column":8},"end":{"line":274,"column":8}}]},"25":{"line":275,"type":"if","locations":[{"start":{"line":275,"column":8},"end":{"line":275,"column":8}},{"start":{"line":275,"column":8},"end":{"line":275,"column":8}}]},"26":{"line":276,"type":"if","locations":[{"start":{"line":276,"column":8},"end":{"line":276,"column":8}},{"start":{"line":276,"column":8},"end":{"line":276,"column":8}}]},"27":{"line":279,"type":"if","locations":[{"start":{"line":279,"column":13},"end":{"line":279,"column":13}},{"start":{"line":279,"column":13},"end":{"line":279,"column":13}}]},"28":{"line":292,"type":"if","locations":[{"start":{"line":292,"column":8},"end":{"line":292,"column":8}},{"start":{"line":292,"column":8},"end":{"line":292,"column":8}}]},"29":{"line":295,"type":"if","locations":[{"start":{"line":295,"column":8},"end":{"line":295,"column":8}},{"start":{"line":295,"column":8},"end":{"line":295,"column":8}}]},"30":{"line":298,"type":"if","locations":[{"start":{"line":298,"column":8},"end":{"line":298,"column":8}},{"start":{"line":298,"column":8},"end":{"line":298,"column":8}}]},"31":{"line":320,"type":"if","locations":[{"start":{"line":320,"column":8},"end":{"line":320,"column":8}},{"start":{"line":320,"column":8},"end":{"line":320,"column":8}}]},"32":{"line":321,"type":"if","locations":[{"start":{"line":321,"column":8},"end":{"line":321,"column":8}},{"start":{"line":321,"column":8},"end":{"line":321,"column":8}}]},"33":{"line":322,"type":"if","locations":[{"start":{"line":322,"column":8},"end":{"line":322,"column":8}},{"start":{"line":322,"column":8},"end":{"line":322,"column":8}}]},"34":{"line":329,"type":"if","locations":[{"start":{"line":329,"column":8},"end":{"line":329,"column":8}},{"start":{"line":329,"column":8},"end":{"line":329,"column":8}}]}}},
"contracts\\GSVEDeployer.sol":{"l":{"18":5,"19":5,"21":5,"22":5,"24":5,"25":5,"32":2,"33":2,"40":2,"48":9,"49":8,"50":6,"51":6,"52":6,"53":6,"56":1,"66":4,"69":4,"70":2,"73":2,"83":3,"87":3,"88":1,"91":2},"path":"C:\\Users\\khera\\Documents\\GitHub\\GasSwapTokens\\contracts\\GSVEDeployer.sol","s":{"1":5,"2":5,"3":5,"4":5,"5":5,"6":5,"7":2,"8":2,"9":2,"10":9,"11":8,"12":6,"13":6,"14":6,"15":4,"16":2,"17":2,"18":3,"19":1,"20":2},"b":{"1":[8,1],"2":[6,2]},"f":{"1":5,"2":2,"3":2,"4":9,"5":4,"6":3},"fnMap":{"1":{"name":"constructor","line":17,"loc":{"start":{"line":17,"column":2},"end":{"line":26,"column":2}}},"2":{"name":"addGasToken","line":31,"loc":{"start":{"line":31,"column":4},"end":{"line":34,"column":4}}},"3":{"name":"compatibleGasToken","line":39,"loc":{"start":{"line":39,"column":4},"end":{"line":41,"column":4}}},"4":{"name":"discountGas","line":47,"loc":{"start":{"line":47,"column":4},"end":{"line":58,"column":4}}},"5":{"name":"GsveDeploy","line":65,"loc":{"start":{"line":65,"column":4},"end":{"line":75,"column":4}}},"6":{"name":"GsveDeploy2","line":82,"loc":{"start":{"line":82,"column":4},"end":{"line":93,"column":4}}}},"statementMap":{"1":{"start":{"line":18,"column":4},"end":{"line":18,"column":33}},"2":{"start":{"line":19,"column":4},"end":{"line":19,"column":29}},"3":{"start":{"line":21,"column":4},"end":{"line":21,"column":34}},"4":{"start":{"line":22,"column":4},"end":{"line":22,"column":30}},"5":{"start":{"line":24,"column":4},"end":{"line":24,"column":34}},"6":{"start":{"line":25,"column":4},"end":{"line":25,"column":30}},"7":{"start":{"line":32,"column":8},"end":{"line":32,"column":41}},"8":{"start":{"line":33,"column":8},"end":{"line":33,"column":43}},"9":{"start":{"line":40,"column":8},"end":{"line":40,"column":45}},"10":{"start":{"line":48,"column":8},"end":{"line":48,"column":1552}},"11":{"start":{"line":49,"column":12},"end":{"line":49,"column":83}},"12":{"start":{"line":50,"column":12},"end":{"line":50,"column":40}},"13":{"start":{"line":52,"column":12},"end":{"line":52,"column":82}},"14":{"start":{"line":53,"column":12},"end":{"line":53,"column":105}},"15":{"start":{"line":69,"column":8},"end":{"line":69,"column":2458}},"16":{"start":{"line":70,"column":12},"end":{"line":70,"column":62}},"17":{"start":{"line":73,"column":12},"end":{"line":73,"column":62}},"18":{"start":{"line":87,"column":8},"end":{"line":87,"column":3221}},"19":{"start":{"line":88,"column":12},"end":{"line":88,"column":62}},"20":{"start":{"line":91,"column":12},"end":{"line":91,"column":62}}},"branchMap":{"1":{"line":48,"type":"if","locations":[{"start":{"line":48,"column":8},"end":{"line":48,"column":8}},{"start":{"line":48,"column":8},"end":{"line":48,"column":8}}]},"2":{"line":49,"type":"if","locations":[{"start":{"line":49,"column":12},"end":{"line":49,"column":12}},{"start":{"line":49,"column":12},"end":{"line":49,"column":12}}]}}},
"contracts\\GSVESmartWrapper.sol":{"l":{"37":6,"45":11,"46":7,"47":7,"61":24,"62":20,"63":20,"64":16,"66":16,"67":4,"70":12,"71":2,"74":10,"78":4,"89":20,"90":2,"93":18,"94":8,"97":10,"105":2,"112":2,"113":2,"114":2,"121":42,"128":38,"129":26,"137":2,"138":2,"139":2,"143":38},"path":"C:\\Users\\khera\\Documents\\GitHub\\GasSwapTokens\\contracts\\GSVESmartWrapper.sol","s":{"1":6,"2":11,"3":7,"4":7,"5":24,"6":20,"7":16,"8":16,"9":4,"10":12,"11":2,"12":10,"13":20,"14":2,"15":18,"16":8,"17":10,"18":2,"19":2,"20":2,"21":2,"22":42,"23":38,"24":2,"25":2,"26":2,"27":38},"b":{"1":[7,4],"2":[20,4],"3":[4,12],"4":[2,10],"5":[2,18],"6":[8,10],"7":[26,12],"8":[2,0]},"f":{"1":6,"2":11,"3":24,"4":20,"5":2,"6":2,"7":42,"8":38,"9":2,"10":38},"fnMap":{"1":{"name":"constructor","line":36,"loc":{"start":{"line":36,"column":4},"end":{"line":38,"column":4}}},"2":{"name":"init","line":44,"loc":{"start":{"line":44,"column":4},"end":{"line":48,"column":4}}},"3":{"name":"discountGas","line":60,"loc":{"start":{"line":60,"column":4},"end":{"line":80,"column":4}}},"4":{"name":"wrapTransaction","line":88,"loc":{"start":{"line":88,"column":4},"end":{"line":99,"column":4}}},"5":{"name":"withdrawBalance","line":104,"loc":{"start":{"line":104,"column":4},"end":{"line":106,"column":4}}},"6":{"name":"withdrawTokenBalance","line":111,"loc":{"start":{"line":111,"column":4},"end":{"line":115,"column":4}}},"7":{"name":"owner","line":120,"loc":{"start":{"line":120,"column":4},"end":{"line":122,"column":4}}},"8":{"name":"onlyOwner","line":127,"loc":{"start":{"line":127,"column":4},"end":{"line":130,"column":4}}},"9":{"name":"transferOwnership","line":136,"loc":{"start":{"line":136,"column":4},"end":{"line":140,"column":4}}},"10":{"name":"_msgSender","line":142,"loc":{"start":{"line":142,"column":4},"end":{"line":144,"column":4}}}},"statementMap":{"1":{"start":{"line":37,"column":8},"end":{"line":37,"column":23}},"2":{"start":{"line":45,"column":8},"end":{"line":45,"column":70}},"3":{"start":{"line":46,"column":8},"end":{"line":46,"column":28}},"4":{"start":{"line":47,"column":8},"end":{"line":47,"column":59}},"5":{"start":{"line":61,"column":8},"end":{"line":61,"column":2062}},"6":{"start":{"line":62,"column":12},"end":{"line":62,"column":40}},"7":{"start":{"line":64,"column":12},"end":{"line":64,"column":82}},"8":{"start":{"line":66,"column":12},"end":{"line":66,"column":2253}},"9":{"start":{"line":67,"column":16},"end":{"line":67,"column":22}},"10":{"start":{"line":70,"column":12},"end":{"line":70,"column":2353}},"11":{"start":{"line":71,"column":16},"end":{"line":71,"column":94}},"12":{"start":{"line":74,"column":16},"end":{"line":74,"column":78}},"13":{"start":{"line":89,"column":8},"end":{"line":89,"column":3281}},"14":{"start":{"line":90,"column":12},"end":{"line":90,"column":18}},"15":{"start":{"line":93,"column":8},"end":{"line":93,"column":3359}},"16":{"start":{"line":94,"column":12},"end":{"line":94,"column":97}},"17":{"start":{"line":97,"column":12},"end":{"line":97,"column":81}},"18":{"start":{"line":105,"column":8},"end":{"line":105,"column":68}},"19":{"start":{"line":112,"column":8},"end":{"line":112,"column":44}},"20":{"start":{"line":113,"column":8},"end":{"line":113,"column":64}},"21":{"start":{"line":114,"column":8},"end":{"line":114,"column":47}},"22":{"start":{"line":121,"column":8},"end":{"line":121,"column":21}},"23":{"start":{"line":128,"column":8},"end":{"line":128,"column":75}},"24":{"start":{"line":137,"column":8},"end":{"line":137,"column":80}},"25":{"start":{"line":138,"column":8},"end":{"line":138,"column":51}},"26":{"start":{"line":139,"column":8},"end":{"line":139,"column":24}},"27":{"start":{"line":143,"column":8},"end":{"line":143,"column":25}}},"branchMap":{"1":{"line":45,"type":"if","locations":[{"start":{"line":45,"column":8},"end":{"line":45,"column":8}},{"start":{"line":45,"column":8},"end":{"line":45,"column":8}}]},"2":{"line":61,"type":"if","locations":[{"start":{"line":61,"column":8},"end":{"line":61,"column":8}},{"start":{"line":61,"column":8},"end":{"line":61,"column":8}}]},"3":{"line":66,"type":"if","locations":[{"start":{"line":66,"column":12},"end":{"line":66,"column":12}},{"start":{"line":66,"column":12},"end":{"line":66,"column":12}}]},"4":{"line":70,"type":"if","locations":[{"start":{"line":70,"column":12},"end":{"line":70,"column":12}},{"start":{"line":70,"column":12},"end":{"line":70,"column":12}}]},"5":{"line":89,"type":"if","locations":[{"start":{"line":89,"column":8},"end":{"line":89,"column":8}},{"start":{"line":89,"column":8},"end":{"line":89,"column":8}}]},"6":{"line":93,"type":"if","locations":[{"start":{"line":93,"column":8},"end":{"line":93,"column":8}},{"start":{"line":93,"column":8},"end":{"line":93,"column":8}}]},"7":{"line":128,"type":"if","locations":[{"start":{"line":128,"column":8},"end":{"line":128,"column":8}},{"start":{"line":128,"column":8},"end":{"line":128,"column":8}}]},"8":{"line":137,"type":"if","locations":[{"start":{"line":137,"column":8},"end":{"line":137,"column":8}},{"start":{"line":137,"column":8},"end":{"line":137,"column":8}}]}}},
"contracts\\GSVESmartWrapperFactory.sol":{"l":{"21":4,"22":4,"29":1,"40":3,"41":1,"42":1,"43":1,"44":1},"path":"C:\\Users\\khera\\Documents\\GitHub\\GasSwapTokens\\contracts\\GSVESmartWrapperFactory.sol","s":{"1":4,"2":4,"3":1,"4":3,"5":1,"6":1,"7":1,"8":1},"b":{},"f":{"1":4,"2":1,"3":3},"fnMap":{"1":{"name":"constructor","line":20,"loc":{"start":{"line":20,"column":2},"end":{"line":23,"column":2}}},"2":{"name":"deployedWalletAddressLocation","line":28,"loc":{"start":{"line":28,"column":4},"end":{"line":30,"column":4}}},"3":{"name":"deployGSVESmartWrapper","line":39,"loc":{"start":{"line":39,"column":2},"end":{"line":45,"column":4}}}},"statementMap":{"1":{"start":{"line":21,"column":4},"end":{"line":21,"column":47}},"2":{"start":{"line":22,"column":4},"end":{"line":22,"column":25}},"3":{"start":{"line":29,"column":8},"end":{"line":29,"column":54}},"4":{"start":{"line":40,"column":8},"end":{"line":40,"column":62}},"5":{"start":{"line":41,"column":8},"end":{"line":41,"column":68}},"6":{"start":{"line":42,"column":8},"end":{"line":42,"column":70}},"7":{"start":{"line":43,"column":8},"end":{"line":43,"column":61}},"8":{"start":{"line":44,"column":8},"end":{"line":44,"column":67}}},"branchMap":{}},
"contracts\\GSVEToken.sol":{"l":{"17":8,"24":3,"31":14,"32":8,"33":8,"34":8},"path":"C:\\Users\\khera\\Documents\\GitHub\\GasSwapTokens\\contracts\\GSVEToken.sol","s":{"1":8,"2":3,"3":14,"4":8,"5":8,"6":8},"b":{"1":[8,0]},"f":{"1":8,"2":3,"3":14},"fnMap":{"1":{"name":"constructor","line":16,"loc":{"start":{"line":16,"column":4},"end":{"line":18,"column":4}}},"2":{"name":"burn","line":23,"loc":{"start":{"line":23,"column":4},"end":{"line":25,"column":4}}},"3":{"name":"burnFrom","line":30,"loc":{"start":{"line":30,"column":4},"end":{"line":36,"column":4}}}},"statementMap":{"1":{"start":{"line":17,"column":8},"end":{"line":17,"column":44}},"2":{"start":{"line":24,"column":8},"end":{"line":24,"column":32}},"3":{"start":{"line":31,"column":8},"end":{"line":31,"column":29}},"4":{"start":{"line":32,"column":8},"end":{"line":32,"column":56}},"5":{"start":{"line":33,"column":8},"end":{"line":33,"column":949}},"6":{"start":{"line":34,"column":12},"end":{"line":34,"column":101}}},"branchMap":{"1":{"line":33,"type":"if","locations":[{"start":{"line":33,"column":8},"end":{"line":33,"column":8}},{"start":{"line":33,"column":8},"end":{"line":33,"column":8}}]}}},
"contracts\\GSVEVault.sol":{"l":{"14":6},"path":"C:\\Users\\khera\\Documents\\GitHub\\GasSwapTokens\\contracts\\GSVEVault.sol","s":{"1":6},"b":{},"f":{"1":6},"fnMap":{"1":{"name":"transferToken","line":13,"loc":{"start":{"line":13,"column":4},"end":{"line":15,"column":4}}}},"statementMap":{"1":{"start":{"line":14,"column":8},"end":{"line":14,"column":48}}},"branchMap":{}},
"contracts\\IFreeFromUpTo.sol":{"l":{},"path":"C:\\Users\\khera\\Documents\\GitHub\\GasSwapTokens\\contracts\\IFreeFromUpTo.sol","s":{},"b":{},"f":{},"fnMap":{},"statementMap":{},"branchMap":{}},
"contracts\\IGasToken.sol":{"l":{},"path":"C:\\Users\\khera\\Documents\\GitHub\\GasSwapTokens\\contracts\\IGasToken.sol","s":{},"b":{},"f":{},"fnMap":{},"statementMap":{},"branchMap":{}},
"contracts\\IGSVESmartWrapper.sol":{"l":{},"path":"C:\\Users\\khera\\Documents\\GitHub\\GasSwapTokens\\contracts\\IGSVESmartWrapper.sol","s":{},"b":{},"f":{},"fnMap":{},"statementMap":{},"branchMap":{}},
"contracts\\test_helpers\\GSVE_helper.sol":{"l":{"9":28,"17":18,"25":10,"32":1,"33":1,"37":1,"38":1,"42":2,"43":2,"47":2,"48":2},"path":"C:\\Users\\khera\\Documents\\GitHub\\GasSwapTokens\\contracts\\test_helpers\\GSVE_helper.sol","s":{"1":1,"2":1,"3":1,"4":1,"5":2,"6":2,"7":2,"8":2},"b":{"1":[1,0],"2":[1,0],"3":[2,0],"4":[2,0]},"f":{"1":28,"2":18,"3":10,"4":1,"5":1,"6":2,"7":2},"fnMap":{"1":{"name":"dummy","line":8,"loc":{"start":{"line":8,"column":4},"end":{"line":12,"column":4}}},"2":{"name":"burnGas","line":15,"loc":{"start":{"line":15,"column":4},"end":{"line":21,"column":4}}},"3":{"name":"burnGasAndAcceptPayment","line":23,"loc":{"start":{"line":23,"column":4},"end":{"line":29,"column":4}}},"4":{"name":"burnGasAndFree","line":31,"loc":{"start":{"line":31,"column":4},"end":{"line":34,"column":4}}},"5":{"name":"burnGasAndFreeUpTo","line":36,"loc":{"start":{"line":36,"column":4},"end":{"line":39,"column":4}}},"6":{"name":"burnGasAndFreeFrom","line":41,"loc":{"start":{"line":41,"column":4},"end":{"line":44,"column":4}}},"7":{"name":"burnGasAndFreeFromUpTo","line":46,"loc":{"start":{"line":46,"column":4},"end":{"line":49,"column":4}}}},"statementMap":{"1":{"start":{"line":32,"column":8},"end":{"line":32,"column":20}},"2":{"start":{"line":33,"column":8},"end":{"line":33,"column":69}},"3":{"start":{"line":37,"column":8},"end":{"line":37,"column":20}},"4":{"start":{"line":38,"column":8},"end":{"line":38,"column":81}},"5":{"start":{"line":42,"column":8},"end":{"line":42,"column":20}},"6":{"start":{"line":43,"column":8},"end":{"line":43,"column":88}},"7":{"start":{"line":47,"column":8},"end":{"line":47,"column":20}},"8":{"start":{"line":48,"column":8},"end":{"line":48,"column":100}}},"branchMap":{"1":{"line":33,"type":"if","locations":[{"start":{"line":33,"column":8},"end":{"line":33,"column":8}},{"start":{"line":33,"column":8},"end":{"line":33,"column":8}}]},"2":{"line":38,"type":"if","locations":[{"start":{"line":38,"column":8},"end":{"line":38,"column":8}},{"start":{"line":38,"column":8},"end":{"line":38,"column":8}}]},"3":{"line":43,"type":"if","locations":[{"start":{"line":43,"column":8},"end":{"line":43,"column":8}},{"start":{"line":43,"column":8},"end":{"line":43,"column":8}}]},"4":{"line":48,"type":"if","locations":[{"start":{"line":48,"column":8},"end":{"line":48,"column":8}},{"start":{"line":48,"column":8},"end":{"line":48,"column":8}}]}}},
"contracts\\WrappedGasToken.sol":{"l":{"35":15,"36":15,"37":15,"38":15,"46":6,"56":15,"57":15,"58":15,"68":13,"69":13,"70":13,"71":13,"72":13,"73":13,"85":3,"86":3,"87":3,"88":2,"90":3,"91":3,"93":3,"94":2,"97":3,"106":3,"107":3,"108":1,"109":1,"119":14,"120":10,"121":6,"122":6,"124":10,"132":9,"140":10,"141":7,"142":7,"143":7,"145":10,"153":8,"161":2},"path":"C:\\Users\\khera\\Documents\\GitHub\\GasSwapTokens\\contracts\\WrappedGasToken.sol","s":{"1":15,"2":15,"3":15,"4":15,"5":6,"6":15,"7":15,"8":15,"9":13,"10":13,"11":13,"12":13,"13":13,"14":13,"15":3,"16":3,"17":3,"18":2,"19":3,"20":3,"21":3,"22":2,"23":3,"24":3,"25":3,"26":1,"27":1,"28":14,"29":10,"30":6,"31":6,"32":10,"33":9,"34":10,"35":7,"36":7,"37":7,"38":10,"39":8,"40":2},"b":{"1":[13,0],"2":[3,0],"3":[2,1],"4":[2,1],"5":[3,0],"6":[10,4],"7":[7,3]},"f":{"1":15,"2":6,"3":15,"4":13,"5":3,"6":3,"7":14,"8":9,"9":10,"10":8,"11":2},"fnMap":{"1":{"name":"constructor","line":34,"loc":{"start":{"line":34,"column":4},"end":{"line":39,"column":4}}},"2":{"name":"totalSupply","line":45,"loc":{"start":{"line":45,"column":4},"end":{"line":47,"column":4}}},"3":{"name":"calculateFee","line":55,"loc":{"start":{"line":55,"column":4},"end":{"line":59,"column":4}}},"4":{"name":"mint","line":67,"loc":{"start":{"line":67,"column":4},"end":{"line":74,"column":4}}},"5":{"name":"discountedMint","line":84,"loc":{"start":{"line":84,"column":4},"end":{"line":98,"column":4}}},"6":{"name":"unwrap","line":105,"loc":{"start":{"line":105,"column":4},"end":{"line":111,"column":4}}},"7":{"name":"free","line":118,"loc":{"start":{"line":118,"column":4},"end":{"line":125,"column":4}}},"8":{"name":"freeUpTo","line":131,"loc":{"start":{"line":131,"column":4},"end":{"line":133,"column":4}}},"9":{"name":"freeFrom","line":139,"loc":{"start":{"line":139,"column":4},"end":{"line":146,"column":4}}},"10":{"name":"freeFromUpTo","line":152,"loc":{"start":{"line":152,"column":4},"end":{"line":154,"column":4}}},"11":{"name":"updateFeeAddress","line":160,"loc":{"start":{"line":160,"column":4},"end":{"line":162,"column":4}}}},"statementMap":{"1":{"start":{"line":35,"column":8},"end":{"line":35,"column":31}},"2":{"start":{"line":36,"column":8},"end":{"line":36,"column":42}},"3":{"start":{"line":37,"column":8},"end":{"line":37,"column":19}},"4":{"start":{"line":38,"column":8},"end":{"line":38,"column":23}},"5":{"start":{"line":46,"column":8},"end":{"line":46,"column":40}},"6":{"start":{"line":56,"column":8},"end":{"line":56,"column":23}},"7":{"start":{"line":57,"column":8},"end":{"line":57,"column":50}},"8":{"start":{"line":58,"column":8},"end":{"line":58,"column":18}},"9":{"start":{"line":68,"column":8},"end":{"line":68,"column":130}},"10":{"start":{"line":69,"column":8},"end":{"line":69,"column":54}},"11":{"start":{"line":70,"column":8},"end":{"line":70,"column":93}},"12":{"start":{"line":71,"column":8},"end":{"line":71,"column":39}},"13":{"start":{"line":72,"column":8},"end":{"line":72,"column":29}},"14":{"start":{"line":73,"column":8},"end":{"line":73,"column":40}},"15":{"start":{"line":85,"column":8},"end":{"line":85,"column":129}},"16":{"start":{"line":86,"column":8},"end":{"line":86,"column":23}},"17":{"start":{"line":87,"column":8},"end":{"line":87,"column":3585}},"18":{"start":{"line":88,"column":12},"end":{"line":88,"column":51}},"19":{"start":{"line":90,"column":8},"end":{"line":90,"column":93}},"20":{"start":{"line":91,"column":8},"end":{"line":91,"column":38}},"21":{"start":{"line":93,"column":8},"end":{"line":93,"column":3821}},"22":{"start":{"line":94,"column":12},"end":{"line":94,"column":33}},"23":{"start":{"line":97,"column":8},"end":{"line":97,"column":40}},"24":{"start":{"line":106,"column":8},"end":{"line":106,"column":4209}},"25":{"start":{"line":107,"column":12},"end":{"line":107,"column":35}},"26":{"start":{"line":108,"column":12},"end":{"line":108,"column":66}},"27":{"start":{"line":109,"column":12},"end":{"line":109,"column":44}},"28":{"start":{"line":119,"column":8},"end":{"line":119,"column":4607}},"29":{"start":{"line":120,"column":12},"end":{"line":120,"column":35}},"30":{"start":{"line":121,"column":12},"end":{"line":121,"column":44}},"31":{"start":{"line":122,"column":12},"end":{"line":122,"column":53}},"32":{"start":{"line":124,"column":8},"end":{"line":124,"column":20}},"33":{"start":{"line":132,"column":8},"end":{"line":132,"column":59}},"34":{"start":{"line":140,"column":8},"end":{"line":140,"column":5297}},"35":{"start":{"line":141,"column":12},"end":{"line":141,"column":33}},"36":{"start":{"line":142,"column":12},"end":{"line":142,"column":44}},"37":{"start":{"line":143,"column":12},"end":{"line":143,"column":53}},"38":{"start":{"line":145,"column":8},"end":{"line":145,"column":20}},"39":{"start":{"line":153,"column":8},"end":{"line":153,"column":102}},"40":{"start":{"line":161,"column":8},"end":{"line":161,"column":33}}},"branchMap":{"1":{"line":68,"type":"if","locations":[{"start":{"line":68,"column":8},"end":{"line":68,"column":8}},{"start":{"line":68,"column":8},"end":{"line":68,"column":8}}]},"2":{"line":85,"type":"if","locations":[{"start":{"line":85,"column":8},"end":{"line":85,"column":8}},{"start":{"line":85,"column":8},"end":{"line":85,"column":8}}]},"3":{"line":87,"type":"if","locations":[{"start":{"line":87,"column":8},"end":{"line":87,"column":8}},{"start":{"line":87,"column":8},"end":{"line":87,"column":8}}]},"4":{"line":93,"type":"if","locations":[{"start":{"line":93,"column":8},"end":{"line":93,"column":8}},{"start":{"line":93,"column":8},"end":{"line":93,"column":8}}]},"5":{"line":106,"type":"if","locations":[{"start":{"line":106,"column":8},"end":{"line":106,"column":8}},{"start":{"line":106,"column":8},"end":{"line":106,"column":8}}]},"6":{"line":119,"type":"if","locations":[{"start":{"line":119,"column":8},"end":{"line":119,"column":8}},{"start":{"line":119,"column":8},"end":{"line":119,"column":8}}]},"7":{"line":140,"type":"if","locations":[{"start":{"line":140,"column":8},"end":{"line":140,"column":8}},{"start":{"line":140,"column":8},"end":{"line":140,"column":8}}]}}}}
