TN:
SF:C:\Users\khera\Documents\GitHub\GasSwapTokens\contracts\ERC20WithoutTotalSupply.sol
FN:14,balanceOf
FN:18,allowance
FN:22,transfer
FN:27,approve
FN:32,transferFrom
FN:41,_transfer
FN:47,_approve
FN:52,_mint
FN:57,_burn
FN:62,_burnFrom
FNF:10
FNH:10
FNDA:48,balanceOf
FNDA:8,allowance
FNDA:12,transfer
FNDA:8,approve
FNDA:3,transferFrom
FNDA:15,_transfer
FNDA:17,_approve
FNDA:34,_mint
FNDA:23,_burn
FNDA:6,_burnFrom
DA:15,48
DA:19,8
DA:23,12
DA:24,12
DA:28,8
DA:29,8
DA:33,3
DA:34,3
DA:35,3
DA:36,3
DA:38,3
DA:42,15
DA:43,15
DA:44,15
DA:48,17
DA:49,17
DA:53,34
DA:54,34
DA:58,23
DA:59,17
DA:63,6
DA:64,6
DA:65,6
DA:66,6
LF:24
LH:24
BRDA:35,1,0,3
BRDA:35,1,1,0
BRDA:65,2,0,6
BRDA:65,2,1,0
BRF:4
BRH:2
end_of_record
TN:
SF:C:\Users\khera\Documents\GitHub\GasSwapTokens\contracts\existing_gas_tokens\Chi\ChiToken.sol
FN:14,totalSupply
FN:18,mint
FN:53,computeAddress2
FN:63,_destroyChildren
FN:80,free
FN:88,freeUpTo
FN:92,freeFrom
FN:100,freeFromUpTo
FNF:8
FNH:3
FNDA:0,totalSupply
FNDA:3,mint
FNDA:0,computeAddress2
FNDA:4,_destroyChildren
FNDA:4,free
FNDA:0,freeUpTo
FNDA:0,freeFrom
FNDA:0,freeFromUpTo
DA:15,0
DA:19,3
DA:20,3
DA:49,3
DA:50,3
DA:54,0
DA:64,4
DA:81,4
DA:82,4
DA:83,4
DA:85,4
DA:89,0
DA:93,0
DA:94,0
DA:95,0
DA:97,0
DA:101,0
LF:17
LH:9
BRDA:81,1,0,4
BRDA:81,1,1,0
BRDA:93,2,0,0
BRDA:93,2,1,0
BRF:4
BRH:1
end_of_record
TN:
SF:C:\Users\khera\Documents\GitHub\GasSwapTokens\contracts\existing_gas_tokens\GST\GasToken1.sol
FN:19,balanceOf
FN:23,internalTransfer
FN:35,transfer
FN:41,transferFrom
FN:54,approve
FN:69,allowance
FN:88,totalSupply
FN:98,mint
FN:129,freeStorage
FN:156,free
FN:171,freeUpTo
FN:186,freeFrom
FN:209,freeFromUpTo
FNF:13
FNH:9
FNDA:10,balanceOf
FNDA:22,internalTransfer
FNDA:10,transfer
FNDA:12,transferFrom
FNDA:17,approve
FNDA:0,allowance
FNDA:0,totalSupply
FNDA:23,mint
FNDA:10,freeStorage
FNDA:8,free
FNDA:2,freeUpTo
FNDA:0,freeFrom
FNDA:0,freeFromUpTo
DA:20,10
DA:24,22
DA:25,22
DA:26,22
DA:27,22
DA:28,22
DA:30,0
DA:36,10
DA:37,10
DA:42,12
DA:43,12
DA:44,12
DA:45,12
DA:47,0
DA:55,17
DA:56,17
DA:57,3
DA:59,14
DA:60,14
DA:61,14
DA:70,0
DA:89,0
DA:90,0
DA:99,23
DA:101,23
DA:102,0
DA:106,23
DA:107,23
DA:112,23
DA:113,23
DA:114,23
DA:116,23
DA:117,2070
DA:123,23
DA:126,23
DA:130,10
DA:133,10
DA:134,10
DA:139,10
DA:140,10
DA:141,10
DA:142,167
DA:148,10
DA:157,8
DA:158,8
DA:159,0
DA:162,8
DA:164,8
DA:166,8
DA:172,2
DA:173,2
DA:174,0
DA:177,2
DA:179,2
DA:181,2
DA:187,0
DA:188,0
DA:189,0
DA:190,0
DA:193,0
DA:194,0
DA:195,0
DA:196,0
DA:199,0
DA:201,0
DA:202,0
DA:204,0
DA:210,0
DA:211,0
DA:212,0
DA:213,0
DA:216,0
DA:217,0
DA:218,0
DA:219,0
DA:222,0
DA:224,0
DA:225,0
DA:227,0
LF:79
LH:47
BRDA:24,1,0,22
BRDA:24,1,1,0
BRDA:43,2,0,12
BRDA:43,2,1,0
BRDA:56,3,0,3
BRDA:56,3,1,14
BRDA:101,4,0,0
BRDA:101,4,1,23
BRDA:158,5,0,0
BRDA:158,5,1,8
BRDA:173,6,0,0
BRDA:173,6,1,2
BRDA:189,7,0,0
BRDA:189,7,1,0
BRDA:195,8,0,0
BRDA:195,8,1,0
BRDA:212,9,0,0
BRDA:212,9,1,0
BRDA:218,10,0,0
BRDA:218,10,1,0
BRF:20
BRH:7
end_of_record
TN:
SF:C:\Users\khera\Documents\GitHub\GasSwapTokens\contracts\existing_gas_tokens\GST\GasToken2.sol
FN:18,balanceOf
FN:22,internalTransfer
FN:34,transfer
FN:40,transferFrom
FN:53,approve
FN:68,allowance
FN:96,totalSupply
FN:101,makeChild
FN:137,mint
FN:156,destroyChildren
FN:166,computeAddress2
FN:181,free
FN:198,freeUpTo
FN:215,freeFrom
FN:240,freeFromUpTo
FNF:15
FNH:6
FNDA:1,balanceOf
FNDA:1,internalTransfer
FNDA:0,transfer
FNDA:1,transferFrom
FNDA:1,approve
FNDA:0,allowance
FNDA:0,totalSupply
FNDA:200,makeChild
FNDA:2,mint
FNDA:0,destroyChildren
FNDA:0,computeAddress2
FNDA:0,free
FNDA:0,freeUpTo
FNDA:0,freeFrom
FNDA:0,freeFromUpTo
DA:19,1
DA:23,1
DA:24,1
DA:25,1
DA:26,1
DA:27,1
DA:29,0
DA:35,0
DA:36,0
DA:41,1
DA:42,1
DA:43,1
DA:44,1
DA:46,0
DA:54,1
DA:55,1
DA:56,0
DA:58,1
DA:59,1
DA:60,1
DA:69,0
DA:97,0
DA:102,200
DA:138,2
DA:139,200
DA:141,2
DA:142,2
DA:157,0
DA:159,0
DA:160,0
DA:163,0
DA:167,0
DA:182,0
DA:183,0
DA:184,0
DA:187,0
DA:189,0
DA:191,0
DA:199,0
DA:200,0
DA:201,0
DA:204,0
DA:206,0
DA:208,0
DA:216,0
DA:217,0
DA:218,0
DA:219,0
DA:222,0
DA:223,0
DA:224,0
DA:225,0
DA:228,0
DA:230,0
DA:231,0
DA:233,0
DA:241,0
DA:242,0
DA:243,0
DA:244,0
DA:247,0
DA:248,0
DA:249,0
DA:250,0
DA:253,0
DA:255,0
DA:256,0
DA:258,0
LF:68
LH:20
BRDA:23,1,0,1
BRDA:23,1,1,0
BRDA:42,2,0,1
BRDA:42,2,1,0
BRDA:55,3,0,0
BRDA:55,3,1,1
BRDA:183,4,0,0
BRDA:183,4,1,0
BRDA:200,5,0,0
BRDA:200,5,1,0
BRDA:218,6,0,0
BRDA:218,6,1,0
BRDA:224,7,0,0
BRDA:224,7,1,0
BRDA:243,8,0,0
BRDA:243,8,1,0
BRDA:249,9,0,0
BRDA:249,9,1,0
BRF:18
BRH:3
end_of_record
TN:
SF:C:\Users\khera\Documents\GitHub\GasSwapTokens\contracts\GSVECore.sol
FN:59,enableRewards
FN:69,disableRewards
FN:79,updateTier
FN:88,updateBurnSaveFee
FN:97,updateBurnClaimFee
FN:106,updateMintingReward
FN:116,transferOwnershipOfSubcontract
FN:125,constructor
FN:137,stake
FN:153,unstake
FN:169,calculateStakeReward
FN:192,collectReward
FN:212,burnDiscountedMinting
FN:228,discountedMinting
FN:245,rewardedMinting
FN:264,convenientMinting
FN:281,mintGasToken
FN:291,claimToken
FN:316,addGasToken
FN:324,claimable
FN:331,mintingType
FN:338,totalStaked
FN:345,userStakeSize
FN:352,totalRewards
FN:359,totalRewardUser
FN:366,getTierThreshold
FN:373,getRewardEnableTime
FN:380,getRewardEnabled
FN:387,getBurnToSaveFee
FN:394,getBurnToClaimGasTokens
FN:401,getMintingReward
FN:408,getStakeTimes
FN:415,getClaimTimes
FNF:33
FNH:33
FNDA:4,enableRewards
FNDA:3,disableRewards
FNDA:2,updateTier
FNDA:1,updateBurnSaveFee
FNDA:1,updateBurnClaimFee
FNDA:1,updateMintingReward
FNDA:1,transferOwnershipOfSubcontract
FNDA:4,constructor
FNDA:4,stake
FNDA:1,unstake
FNDA:6,calculateStakeReward
FNDA:2,collectReward
FNDA:6,burnDiscountedMinting
FNDA:4,discountedMinting
FNDA:8,rewardedMinting
FNDA:4,convenientMinting
FNDA:1,mintGasToken
FNDA:8,claimToken
FNDA:8,addGasToken
FNDA:2,claimable
FNDA:2,mintingType
FNDA:4,totalStaked
FNDA:4,userStakeSize
FNDA:9,totalRewards
FNDA:2,totalRewardUser
FNDA:4,getTierThreshold
FNDA:2,getRewardEnableTime
FNDA:3,getRewardEnabled
FNDA:2,getBurnToSaveFee
FNDA:2,getBurnToClaimGasTokens
FNDA:2,getMintingReward
FNDA:1,getStakeTimes
FNDA:1,getClaimTimes
DA:60,4
DA:61,2
DA:62,2
DA:63,2
DA:70,3
DA:71,1
DA:72,1
DA:73,1
DA:80,2
DA:81,2
DA:82,2
DA:89,1
DA:90,1
DA:91,1
DA:98,1
DA:99,1
DA:100,1
DA:107,1
DA:108,1
DA:109,1
DA:117,1
DA:126,4
DA:127,4
DA:128,4
DA:129,4
DA:130,4
DA:139,4
DA:140,1
DA:142,3
DA:143,3
DA:144,3
DA:145,3
DA:146,3
DA:147,3
DA:154,1
DA:155,1
DA:156,0
DA:158,1
DA:159,1
DA:160,1
DA:161,1
DA:162,1
DA:163,1
DA:170,6
DA:171,1
DA:174,5
DA:175,0
DA:178,5
DA:179,5
DA:180,5
DA:181,5
DA:182,5
DA:184,5
DA:193,2
DA:194,2
DA:195,2
DA:197,2
DA:198,2
DA:199,1
DA:202,1
DA:203,1
DA:204,1
DA:205,1
DA:206,1
DA:213,6
DA:214,6
DA:215,6
DA:217,2
DA:218,1
DA:221,1
DA:229,4
DA:230,4
DA:231,4
DA:233,2
DA:234,1
DA:237,1
DA:246,8
DA:247,8
DA:248,6
DA:249,4
DA:250,2
DA:251,1
DA:254,1
DA:257,2
DA:265,4
DA:266,4
DA:268,4
DA:269,4
DA:270,4
DA:271,4
DA:272,4
DA:273,3
DA:282,1
DA:293,8
DA:294,8
DA:295,6
DA:296,4
DA:298,2
DA:300,2
DA:301,2
DA:303,2
DA:304,0
DA:307,2
DA:308,2
DA:309,2
DA:310,2
DA:317,8
DA:318,8
DA:325,2
DA:332,2
DA:339,4
DA:346,4
DA:353,9
DA:360,2
DA:367,4
DA:374,2
DA:381,3
DA:388,2
DA:395,2
DA:402,2
DA:409,1
DA:416,1
LF:122
LH:119
BRDA:60,1,0,2
BRDA:60,1,1,2
BRDA:70,2,0,1
BRDA:70,2,1,2
BRDA:80,3,0,2
BRDA:80,3,1,0
BRDA:89,4,0,1
BRDA:89,4,1,0
BRDA:98,5,0,1
BRDA:98,5,1,0
BRDA:107,6,0,1
BRDA:107,6,1,0
BRDA:139,7,0,1
BRDA:139,7,1,3
BRDA:142,8,0,3
BRDA:142,8,1,0
BRDA:155,9,0,0
BRDA:155,9,1,1
BRDA:162,10,0,1
BRDA:162,10,1,0
BRDA:170,11,0,1
BRDA:170,11,1,5
BRDA:174,12,0,0
BRDA:174,12,1,5
BRDA:194,13,0,2
BRDA:194,13,1,0
BRDA:195,14,0,2
BRDA:195,14,1,0
BRDA:198,15,0,1
BRDA:198,15,1,1
BRDA:214,16,0,6
BRDA:214,16,1,0
BRDA:217,17,0,1
BRDA:217,17,1,1
BRDA:220,18,0,1
BRDA:220,18,1,0
BRDA:230,19,0,4
BRDA:230,19,1,0
BRDA:231,20,0,2
BRDA:231,20,1,2
BRDA:233,21,0,1
BRDA:233,21,1,1
BRDA:236,22,0,1
BRDA:236,22,1,0
BRDA:247,23,0,6
BRDA:247,23,1,2
BRDA:248,24,0,4
BRDA:248,24,1,2
BRDA:249,25,0,2
BRDA:249,25,1,2
BRDA:250,26,0,1
BRDA:250,26,1,1
BRDA:253,27,0,1
BRDA:253,27,1,0
BRDA:266,28,0,4
BRDA:266,28,1,0
BRDA:269,29,0,4
BRDA:269,29,1,0
BRDA:272,30,0,3
BRDA:272,30,1,1
BRDA:294,31,0,6
BRDA:294,31,1,2
BRDA:295,32,0,4
BRDA:295,32,1,2
BRDA:296,33,0,2
BRDA:296,33,1,2
BRDA:303,34,0,0
BRDA:303,34,1,2
BRF:68
BRH:50
end_of_record
TN:
SF:C:\Users\khera\Documents\GitHub\GasSwapTokens\contracts\GSVEDeployer.sol
FN:26,addGasToken
FN:34,compatibleGasToken
FN:42,discountGas
FN:60,GsveDeploy
FN:77,GsveDeploy2
FNF:5
FNH:5
FNDA:5,addGasToken
FNDA:2,compatibleGasToken
FNDA:9,discountGas
FNDA:4,GsveDeploy
FNDA:3,GsveDeploy2
DA:27,5
DA:28,5
DA:35,2
DA:43,9
DA:44,8
DA:45,6
DA:46,6
DA:47,6
DA:48,6
DA:51,1
DA:61,4
DA:64,4
DA:65,2
DA:68,2
DA:78,3
DA:82,3
DA:83,1
DA:86,2
LF:18
LH:18
BRDA:43,1,0,8
BRDA:43,1,1,1
BRDA:44,2,0,6
BRDA:44,2,1,2
BRF:4
BRH:4
end_of_record
TN:
SF:C:\Users\khera\Documents\GitHub\GasSwapTokens\contracts\GSVESmartWrapper.sol
FN:39,constructor
FN:49,init
FN:65,setInited
FN:76,addGasToken
FN:88,upgradeProxy
FN:110,compatibleGasToken
FN:118,discountGas
FN:137,wrapTransaction
FN:153,withdrawBalance
FN:160,withdrawTokenBalance
FN:169,owner
FN:176,onlyOwner
FN:185,transferOwnership
FN:191,_msgSender
FN:199,getUpgraded
FNF:15
FNH:15
FNDA:6,constructor
FNDA:12,init
FNDA:3,setInited
FNDA:6,addGasToken
FNDA:10,upgradeProxy
FNDA:9,compatibleGasToken
FNDA:19,discountGas
FNDA:15,wrapTransaction
FNDA:2,withdrawBalance
FNDA:2,withdrawTokenBalance
FNDA:50,owner
FNDA:46,onlyOwner
FNDA:3,transferOwnership
FNDA:46,_msgSender
FNDA:2,getUpgraded
DA:40,6
DA:50,12
DA:51,8
DA:52,8
DA:53,8
DA:66,3
DA:77,6
DA:78,2
DA:80,6
DA:81,6
DA:89,10
DA:90,6
DA:93,2
DA:94,2
DA:97,2
DA:98,2
DA:101,2
DA:102,2
DA:104,2
DA:111,9
DA:119,19
DA:120,15
DA:121,11
DA:122,11
DA:123,11
DA:124,11
DA:127,4
DA:138,15
DA:139,1
DA:142,14
DA:143,8
DA:146,6
DA:154,2
DA:161,2
DA:162,2
DA:163,2
DA:170,50
DA:177,46
DA:178,38
DA:186,3
DA:187,3
DA:188,3
DA:192,46
DA:200,2
LF:44
LH:44
BRDA:50,1,0,8
BRDA:50,1,1,4
BRDA:77,2,0,2
BRDA:77,2,1,4
BRDA:89,3,0,6
BRDA:89,3,1,4
BRDA:119,4,0,15
BRDA:119,4,1,4
BRDA:120,5,0,11
BRDA:120,5,1,4
BRDA:138,6,0,1
BRDA:138,6,1,14
BRDA:142,7,0,8
BRDA:142,7,1,6
BRDA:177,8,0,38
BRDA:177,8,1,8
BRDA:186,9,0,3
BRDA:186,9,1,0
BRF:18
BRH:17
end_of_record
TN:
SF:C:\Users\khera\Documents\GitHub\GasSwapTokens\contracts\GSVESmartWrapperFactory.sol
FN:24,constructor
FN:32,addGasToken
FN:43,discountGas
FN:59,deployedWalletAddressLocation
FN:66,compatibleGasToken
FN:77,deployGSVESmartWrapper
FNF:6
FNH:6
FNDA:4,constructor
FNDA:4,addGasToken
FNDA:2,discountGas
FNDA:2,deployedWalletAddressLocation
FNDA:1,compatibleGasToken
FNDA:2,deployGSVESmartWrapper
DA:25,4
DA:26,4
DA:33,4
DA:34,4
DA:35,4
DA:36,4
DA:44,2
DA:45,1
DA:46,1
DA:47,1
DA:48,1
DA:49,1
DA:52,1
DA:60,2
DA:67,1
DA:78,2
DA:79,2
DA:81,2
DA:82,2
DA:83,2
DA:85,2
DA:86,2
DA:87,2
LF:23
LH:23
BRDA:44,1,0,1
BRDA:44,1,1,1
BRDA:45,2,0,1
BRDA:45,2,1,0
BRF:4
BRH:3
end_of_record
TN:
SF:C:\Users\khera\Documents\GitHub\GasSwapTokens\contracts\GSVEToken.sol
FN:16,constructor
FN:23,burn
FN:30,burnFrom
FNF:3
FNH:3
FNDA:8,constructor
FNDA:3,burn
FNDA:19,burnFrom
DA:17,8
DA:24,3
DA:31,19
DA:32,15
DA:33,15
DA:34,15
LF:6
LH:6
BRDA:33,1,0,15
BRDA:33,1,1,0
BRF:2
BRH:1
end_of_record
TN:
SF:C:\Users\khera\Documents\GitHub\GasSwapTokens\contracts\GSVEVault.sol
FN:13,transferToken
FNF:1
FNH:1
FNDA:6,transferToken
DA:14,6
LF:1
LH:1
BRF:0
BRH:0
end_of_record
TN:
SF:C:\Users\khera\Documents\GitHub\GasSwapTokens\contracts\IGasToken.sol
FNF:0
FNH:0
LF:0
LH:0
BRF:0
BRH:0
end_of_record
TN:
SF:C:\Users\khera\Documents\GitHub\GasSwapTokens\contracts\IGSVESmartWrapper.sol
FNF:0
FNH:0
LF:0
LH:0
BRF:0
BRH:0
end_of_record
TN:
SF:C:\Users\khera\Documents\GitHub\GasSwapTokens\contracts\test_helpers\GSVE_helper.sol
FN:8,dummy
FN:15,burnGas
FN:23,burnGasAndAcceptPayment
FN:31,burnGasAndFree
FN:36,burnGasAndFreeUpTo
FN:41,burnGasAndFreeFrom
FN:46,burnGasAndFreeFromUpTo
FNF:7
FNH:7
FNDA:22,dummy
FNDA:14,burnGas
FNDA:8,burnGasAndAcceptPayment
FNDA:1,burnGasAndFree
FNDA:1,burnGasAndFreeUpTo
FNDA:1,burnGasAndFreeFrom
FNDA:1,burnGasAndFreeFromUpTo
DA:9,22
DA:17,14
DA:25,8
DA:32,1
DA:33,1
DA:37,1
DA:38,1
DA:42,1
DA:43,1
DA:47,1
DA:48,1
LF:11
LH:11
BRDA:33,1,0,1
BRDA:33,1,1,0
BRDA:38,2,0,1
BRDA:38,2,1,0
BRDA:43,3,0,1
BRDA:43,3,1,0
BRDA:48,4,0,1
BRDA:48,4,1,0
BRF:8
BRH:4
end_of_record
TN:
SF:C:\Users\khera\Documents\GitHub\GasSwapTokens\contracts\WrappedGasToken.sol
FN:34,constructor
FN:45,totalSupply
FN:55,calculateFee
FN:67,mint
FN:84,discountedMint
FN:105,unwrap
FN:118,free
FN:131,freeUpTo
FN:139,freeFrom
FN:152,freeFromUpTo
FN:160,updateFeeAddress
FNF:11
FNH:11
FNDA:15,constructor
FNDA:4,totalSupply
FNDA:15,calculateFee
FNDA:13,mint
FNDA:3,discountedMint
FNDA:3,unwrap
FNDA:15,free
FNDA:10,freeUpTo
FNDA:9,freeFrom
FNDA:8,freeFromUpTo
FNDA:5,updateFeeAddress
DA:35,15
DA:36,15
DA:37,15
DA:38,15
DA:46,4
DA:56,15
DA:57,15
DA:58,15
DA:68,13
DA:69,13
DA:70,13
DA:71,13
DA:72,13
DA:73,13
DA:85,3
DA:86,3
DA:87,3
DA:88,2
DA:90,3
DA:91,3
DA:93,3
DA:94,2
DA:97,3
DA:106,3
DA:107,3
DA:108,1
DA:109,1
DA:119,15
DA:120,10
DA:121,6
DA:122,6
DA:124,11
DA:132,10
DA:140,9
DA:141,6
DA:142,6
DA:143,6
DA:145,9
DA:153,8
DA:161,5
LF:40
LH:40
BRDA:68,1,0,13
BRDA:68,1,1,0
BRDA:85,2,0,3
BRDA:85,2,1,0
BRDA:87,3,0,2
BRDA:87,3,1,1
BRDA:93,4,0,2
BRDA:93,4,1,1
BRDA:106,5,0,3
BRDA:106,5,1,0
BRDA:119,6,0,10
BRDA:119,6,1,5
BRDA:140,7,0,6
BRDA:140,7,1,3
BRF:14
BRH:11
end_of_record
