TN:
SF:C:\Users\khera\Documents\GitHub\GasSwapTokens\contracts\ERC20WithoutTotalSupply.sol
FN:14,balanceOf
FN:18,allowance
FN:22,transfer
FN:27,approve
FN:32,transferFrom
FN:41,_transfer
FN:47,_approve
FN:52,_mint
FN:57,_burn
FN:62,_burnFrom
FNF:10
FNH:10
FNDA:49,balanceOf
FNDA:8,allowance
FNDA:13,transfer
FNDA:9,approve
FNDA:3,transferFrom
FNDA:16,_transfer
FNDA:19,_approve
FNDA:34,_mint
FNDA:24,_burn
FNDA:7,_burnFrom
DA:15,49
DA:19,8
DA:23,13
DA:24,13
DA:28,9
DA:29,9
DA:33,3
DA:34,3
DA:35,3
DA:36,3
DA:38,3
DA:42,16
DA:43,16
DA:44,16
DA:48,19
DA:49,19
DA:53,34
DA:54,34
DA:58,24
DA:59,18
DA:63,7
DA:64,7
DA:65,7
DA:66,7
LF:24
LH:24
BRDA:35,1,0,3
BRDA:35,1,1,0
BRDA:65,2,0,7
BRDA:65,2,1,0
BRF:4
BRH:2
end_of_record
TN:
SF:C:\Users\khera\Documents\GitHub\GasSwapTokens\contracts\existing_gas_tokens\Chi\ChiToken.sol
FN:14,totalSupply
FN:18,mint
FN:53,computeAddress2
FN:63,_destroyChildren
FN:80,free
FN:88,freeUpTo
FN:92,freeFrom
FN:100,freeFromUpTo
FNF:8
FNH:3
FNDA:0,totalSupply
FNDA:3,mint
FNDA:0,computeAddress2
FNDA:4,_destroyChildren
FNDA:4,free
FNDA:0,freeUpTo
FNDA:0,freeFrom
FNDA:0,freeFromUpTo
DA:15,0
DA:19,3
DA:20,3
DA:49,3
DA:50,3
DA:54,0
DA:64,4
DA:81,4
DA:82,4
DA:83,4
DA:85,4
DA:89,0
DA:93,0
DA:94,0
DA:95,0
DA:97,0
DA:101,0
LF:17
LH:9
BRDA:81,1,0,4
BRDA:81,1,1,0
BRDA:93,2,0,0
BRDA:93,2,1,0
BRF:4
BRH:1
end_of_record
TN:
SF:C:\Users\khera\Documents\GitHub\GasSwapTokens\contracts\existing_gas_tokens\GST\GasToken1.sol
FN:19,balanceOf
FN:23,internalTransfer
FN:35,transfer
FN:41,transferFrom
FN:54,approve
FN:69,allowance
FN:88,totalSupply
FN:98,mint
FN:129,freeStorage
FN:156,free
FN:171,freeUpTo
FN:186,freeFrom
FN:209,freeFromUpTo
FNF:13
FNH:10
FNDA:10,balanceOf
FNDA:21,internalTransfer
FNDA:10,transfer
FNDA:11,transferFrom
FNDA:18,approve
FNDA:0,allowance
FNDA:0,totalSupply
FNDA:24,mint
FNDA:11,freeStorage
FNDA:7,free
FNDA:2,freeUpTo
FNDA:0,freeFrom
FNDA:2,freeFromUpTo
DA:20,10
DA:24,21
DA:25,21
DA:26,21
DA:27,21
DA:28,21
DA:30,0
DA:36,10
DA:37,10
DA:42,11
DA:43,11
DA:44,11
DA:45,11
DA:47,0
DA:55,18
DA:56,18
DA:57,3
DA:59,15
DA:60,15
DA:61,15
DA:70,0
DA:89,0
DA:90,0
DA:99,24
DA:101,24
DA:102,0
DA:106,24
DA:107,24
DA:112,24
DA:113,24
DA:114,24
DA:116,24
DA:117,2170
DA:123,24
DA:126,24
DA:130,11
DA:133,11
DA:134,11
DA:139,11
DA:140,11
DA:141,11
DA:142,131
DA:148,11
DA:157,7
DA:158,7
DA:159,0
DA:162,7
DA:164,7
DA:166,7
DA:172,2
DA:173,2
DA:174,0
DA:177,2
DA:179,2
DA:181,2
DA:187,0
DA:188,0
DA:189,0
DA:190,0
DA:193,0
DA:194,0
DA:195,0
DA:196,0
DA:199,0
DA:201,0
DA:202,0
DA:204,0
DA:210,2
DA:211,2
DA:212,2
DA:213,0
DA:216,2
DA:217,2
DA:218,2
DA:219,0
DA:222,2
DA:224,2
DA:225,2
DA:227,2
LF:79
LH:57
BRDA:24,1,0,21
BRDA:24,1,1,0
BRDA:43,2,0,11
BRDA:43,2,1,0
BRDA:56,3,0,3
BRDA:56,3,1,15
BRDA:101,4,0,0
BRDA:101,4,1,24
BRDA:158,5,0,0
BRDA:158,5,1,7
BRDA:173,6,0,0
BRDA:173,6,1,2
BRDA:189,7,0,0
BRDA:189,7,1,0
BRDA:195,8,0,0
BRDA:195,8,1,0
BRDA:212,9,0,0
BRDA:212,9,1,2
BRDA:218,10,0,0
BRDA:218,10,1,2
BRF:20
BRH:9
end_of_record
TN:
SF:C:\Users\khera\Documents\GitHub\GasSwapTokens\contracts\existing_gas_tokens\GST\GasToken2.sol
FN:18,balanceOf
FN:22,internalTransfer
FN:34,transfer
FN:40,transferFrom
FN:53,approve
FN:68,allowance
FN:96,totalSupply
FN:101,makeChild
FN:137,mint
FN:156,destroyChildren
FN:166,computeAddress2
FN:181,free
FN:198,freeUpTo
FN:215,freeFrom
FN:240,freeFromUpTo
FNF:15
FNH:9
FNDA:3,balanceOf
FNDA:2,internalTransfer
FNDA:0,transfer
FNDA:2,transferFrom
FNDA:2,approve
FNDA:0,allowance
FNDA:0,totalSupply
FNDA:200,makeChild
FNDA:2,mint
FNDA:2,destroyChildren
FNDA:103,computeAddress2
FNDA:2,free
FNDA:0,freeUpTo
FNDA:0,freeFrom
FNDA:0,freeFromUpTo
DA:19,3
DA:23,2
DA:24,2
DA:25,2
DA:26,2
DA:27,2
DA:29,0
DA:35,0
DA:36,0
DA:41,2
DA:42,2
DA:43,2
DA:44,2
DA:46,0
DA:54,2
DA:55,2
DA:56,0
DA:58,2
DA:59,2
DA:60,2
DA:69,0
DA:97,0
DA:102,200
DA:138,2
DA:139,200
DA:141,2
DA:142,2
DA:157,2
DA:159,2
DA:160,103
DA:163,2
DA:167,103
DA:182,2
DA:183,2
DA:184,0
DA:187,2
DA:189,2
DA:191,2
DA:199,0
DA:200,0
DA:201,0
DA:204,0
DA:206,0
DA:208,0
DA:216,0
DA:217,0
DA:218,0
DA:219,0
DA:222,0
DA:223,0
DA:224,0
DA:225,0
DA:228,0
DA:230,0
DA:231,0
DA:233,0
DA:241,0
DA:242,0
DA:243,0
DA:244,0
DA:247,0
DA:248,0
DA:249,0
DA:250,0
DA:253,0
DA:255,0
DA:256,0
DA:258,0
LF:68
LH:30
BRDA:23,1,0,2
BRDA:23,1,1,0
BRDA:42,2,0,2
BRDA:42,2,1,0
BRDA:55,3,0,0
BRDA:55,3,1,2
BRDA:183,4,0,0
BRDA:183,4,1,2
BRDA:200,5,0,0
BRDA:200,5,1,0
BRDA:218,6,0,0
BRDA:218,6,1,0
BRDA:224,7,0,0
BRDA:224,7,1,0
BRDA:243,8,0,0
BRDA:243,8,1,0
BRDA:249,9,0,0
BRDA:249,9,1,0
BRF:18
BRH:4
end_of_record
TN:
SF:C:\Users\khera\Documents\GitHub\GasSwapTokens\contracts\GSVEBeacon.sol
FN:12,constructor
FN:27,getDeployedAddress
FN:34,getAddressGastoken
FN:41,getAddressGasTokenSaving
FN:48,getGasTokenAndSaving
FN:55,setAddressGasToken
FN:67,initSafe
FNF:7
FNH:7
FNDA:4,constructor
FNDA:1,getDeployedAddress
FNDA:5,getAddressGastoken
FNDA:2,getAddressGasTokenSaving
FNDA:1,getGasTokenAndSaving
FNDA:6,setAddressGasToken
FNDA:3,initSafe
DA:14,4
DA:15,4
DA:16,4
DA:19,4
DA:20,4
DA:21,4
DA:28,1
DA:35,5
DA:42,2
DA:49,1
DA:56,6
DA:57,4
DA:58,3
DA:60,2
DA:61,2
DA:68,3
DA:69,1
DA:70,1
DA:71,1
LF:19
LH:19
BRDA:56,1,0,4
BRDA:56,1,1,2
BRDA:57,2,0,3
BRDA:57,2,1,1
BRDA:58,3,0,1
BRDA:58,3,1,2
BRDA:68,4,0,1
BRDA:68,4,1,2
BRF:8
BRH:8
end_of_record
TN:
SF:C:\Users\khera\Documents\GitHub\GasSwapTokens\contracts\GSVECore.sol
FN:66,enableRewards
FN:76,disableRewards
FN:86,updateTier
FN:95,updateBurnSaveFee
FN:104,updateBurnClaimFee
FN:113,updateMintingReward
FN:123,transferOwnershipOfSubcontract
FN:132,constructor
FN:163,stake
FN:179,unstake
FN:195,calculateStakeReward
FN:218,collectReward
FN:238,burnDiscountedMinting
FN:254,discountedMinting
FN:271,rewardedMinting
FN:290,convenientMinting
FN:307,mintGasToken
FN:317,claimToken
FN:342,addGasToken
FN:350,claimable
FN:357,mintingType
FN:364,totalStaked
FN:371,userStakeSize
FN:378,totalRewards
FN:385,totalRewardUser
FN:392,getTierThreshold
FN:399,getRewardEnableTime
FN:406,getRewardEnabled
FN:413,getBurnToSaveFee
FN:420,getBurnToClaimGasTokens
FN:427,getMintingReward
FN:434,getStakeTimes
FN:441,getClaimTimes
FNF:33
FNH:33
FNDA:4,enableRewards
FNDA:3,disableRewards
FNDA:2,updateTier
FNDA:1,updateBurnSaveFee
FNDA:1,updateBurnClaimFee
FNDA:1,updateMintingReward
FNDA:1,transferOwnershipOfSubcontract
FNDA:4,constructor
FNDA:4,stake
FNDA:1,unstake
FNDA:6,calculateStakeReward
FNDA:2,collectReward
FNDA:6,burnDiscountedMinting
FNDA:4,discountedMinting
FNDA:8,rewardedMinting
FNDA:4,convenientMinting
FNDA:1,mintGasToken
FNDA:8,claimToken
FNDA:2,addGasToken
FNDA:2,claimable
FNDA:2,mintingType
FNDA:4,totalStaked
FNDA:4,userStakeSize
FNDA:9,totalRewards
FNDA:2,totalRewardUser
FNDA:4,getTierThreshold
FNDA:2,getRewardEnableTime
FNDA:3,getRewardEnabled
FNDA:2,getBurnToSaveFee
FNDA:2,getBurnToClaimGasTokens
FNDA:2,getMintingReward
FNDA:1,getStakeTimes
FNDA:1,getClaimTimes
DA:67,4
DA:68,2
DA:69,2
DA:70,2
DA:77,3
DA:78,1
DA:79,1
DA:80,1
DA:87,2
DA:88,2
DA:89,2
DA:96,1
DA:97,1
DA:98,1
DA:105,1
DA:106,1
DA:107,1
DA:114,1
DA:115,1
DA:116,1
DA:124,1
DA:133,4
DA:134,4
DA:135,4
DA:136,4
DA:137,4
DA:139,4
DA:140,4
DA:142,4
DA:143,4
DA:145,4
DA:146,4
DA:149,4
DA:150,4
DA:152,4
DA:153,4
DA:155,4
DA:156,4
DA:165,4
DA:166,1
DA:168,3
DA:169,3
DA:170,3
DA:171,3
DA:172,3
DA:173,3
DA:180,1
DA:181,1
DA:182,0
DA:184,1
DA:185,1
DA:186,1
DA:187,1
DA:188,1
DA:189,1
DA:196,6
DA:197,1
DA:200,5
DA:201,0
DA:204,5
DA:205,5
DA:206,5
DA:207,5
DA:208,5
DA:210,5
DA:219,2
DA:220,2
DA:221,2
DA:223,2
DA:224,2
DA:225,1
DA:228,1
DA:229,1
DA:230,1
DA:231,1
DA:232,1
DA:239,6
DA:240,6
DA:241,6
DA:243,2
DA:244,1
DA:247,1
DA:255,4
DA:256,4
DA:257,4
DA:259,2
DA:260,1
DA:263,1
DA:272,8
DA:273,8
DA:274,6
DA:275,4
DA:276,2
DA:277,1
DA:280,1
DA:283,2
DA:291,4
DA:292,4
DA:294,4
DA:295,4
DA:296,4
DA:297,4
DA:298,4
DA:299,3
DA:308,1
DA:319,8
DA:320,8
DA:321,6
DA:322,4
DA:324,2
DA:326,2
DA:327,2
DA:329,2
DA:330,0
DA:333,2
DA:334,2
DA:335,2
DA:336,2
DA:343,2
DA:344,2
DA:351,2
DA:358,2
DA:365,4
DA:372,4
DA:379,9
DA:386,2
DA:393,4
DA:400,2
DA:407,3
DA:414,2
DA:421,2
DA:428,2
DA:435,1
DA:442,1
LF:134
LH:131
BRDA:67,1,0,2
BRDA:67,1,1,2
BRDA:77,2,0,1
BRDA:77,2,1,2
BRDA:87,3,0,2
BRDA:87,3,1,0
BRDA:96,4,0,1
BRDA:96,4,1,0
BRDA:105,5,0,1
BRDA:105,5,1,0
BRDA:114,6,0,1
BRDA:114,6,1,0
BRDA:165,7,0,1
BRDA:165,7,1,3
BRDA:168,8,0,3
BRDA:168,8,1,0
BRDA:181,9,0,0
BRDA:181,9,1,1
BRDA:188,10,0,1
BRDA:188,10,1,0
BRDA:196,11,0,1
BRDA:196,11,1,5
BRDA:200,12,0,0
BRDA:200,12,1,5
BRDA:220,13,0,2
BRDA:220,13,1,0
BRDA:221,14,0,2
BRDA:221,14,1,0
BRDA:224,15,0,1
BRDA:224,15,1,1
BRDA:240,16,0,6
BRDA:240,16,1,0
BRDA:243,17,0,1
BRDA:243,17,1,1
BRDA:246,18,0,1
BRDA:246,18,1,0
BRDA:256,19,0,4
BRDA:256,19,1,0
BRDA:257,20,0,2
BRDA:257,20,1,2
BRDA:259,21,0,1
BRDA:259,21,1,1
BRDA:262,22,0,1
BRDA:262,22,1,0
BRDA:273,23,0,6
BRDA:273,23,1,2
BRDA:274,24,0,4
BRDA:274,24,1,2
BRDA:275,25,0,2
BRDA:275,25,1,2
BRDA:276,26,0,1
BRDA:276,26,1,1
BRDA:279,27,0,1
BRDA:279,27,1,0
BRDA:292,28,0,4
BRDA:292,28,1,0
BRDA:295,29,0,4
BRDA:295,29,1,0
BRDA:298,30,0,3
BRDA:298,30,1,1
BRDA:320,31,0,6
BRDA:320,31,1,2
BRDA:321,32,0,4
BRDA:321,32,1,2
BRDA:322,33,0,2
BRDA:322,33,1,2
BRDA:329,34,0,0
BRDA:329,34,1,2
BRF:68
BRH:50
end_of_record
TN:
SF:C:\Users\khera\Documents\GitHub\GasSwapTokens\contracts\GSVEDeployer.sol
FN:17,constructor
FN:31,addGasToken
FN:39,compatibleGasToken
FN:47,discountGas
FN:65,GsveDeploy
FN:82,GsveDeploy2
FNF:6
FNH:6
FNDA:5,constructor
FNDA:2,addGasToken
FNDA:2,compatibleGasToken
FNDA:9,discountGas
FNDA:4,GsveDeploy
FNDA:3,GsveDeploy2
DA:18,5
DA:19,5
DA:21,5
DA:22,5
DA:24,5
DA:25,5
DA:32,2
DA:33,2
DA:40,2
DA:48,9
DA:49,8
DA:50,6
DA:51,6
DA:52,6
DA:53,6
DA:56,1
DA:66,4
DA:69,4
DA:70,2
DA:73,2
DA:83,3
DA:87,3
DA:88,1
DA:91,2
LF:24
LH:24
BRDA:48,1,0,8
BRDA:48,1,1,1
BRDA:49,2,0,6
BRDA:49,2,1,2
BRF:4
BRH:4
end_of_record
TN:
SF:C:\Users\khera\Documents\GitHub\GasSwapTokens\contracts\GSVESmartWrapper.sol
FN:36,constructor
FN:44,init
FN:60,discountGas
FN:88,wrapTransaction
FN:104,withdrawBalance
FN:111,withdrawTokenBalance
FN:120,owner
FN:127,onlyOwner
FN:136,transferOwnership
FN:142,_msgSender
FNF:10
FNH:10
FNDA:6,constructor
FNDA:11,init
FNDA:24,discountGas
FNDA:20,wrapTransaction
FNDA:2,withdrawBalance
FNDA:2,withdrawTokenBalance
FNDA:42,owner
FNDA:38,onlyOwner
FNDA:2,transferOwnership
FNDA:38,_msgSender
DA:37,6
DA:45,11
DA:46,7
DA:47,7
DA:61,24
DA:62,20
DA:63,20
DA:64,16
DA:66,16
DA:67,4
DA:70,12
DA:71,2
DA:74,10
DA:78,4
DA:89,20
DA:90,2
DA:93,18
DA:94,8
DA:97,10
DA:105,2
DA:112,2
DA:113,2
DA:114,2
DA:121,42
DA:128,38
DA:129,26
DA:137,2
DA:138,2
DA:139,2
DA:143,38
LF:30
LH:30
BRDA:45,1,0,7
BRDA:45,1,1,4
BRDA:61,2,0,20
BRDA:61,2,1,4
BRDA:66,3,0,4
BRDA:66,3,1,12
BRDA:70,4,0,2
BRDA:70,4,1,10
BRDA:89,5,0,2
BRDA:89,5,1,18
BRDA:93,6,0,8
BRDA:93,6,1,10
BRDA:128,7,0,26
BRDA:128,7,1,12
BRDA:137,8,0,2
BRDA:137,8,1,0
BRF:16
BRH:15
end_of_record
TN:
SF:C:\Users\khera\Documents\GitHub\GasSwapTokens\contracts\GSVESmartWrapperFactory.sol
FN:20,constructor
FN:28,deployedWalletAddressLocation
FN:39,deployGSVESmartWrapper
FNF:3
FNH:3
FNDA:4,constructor
FNDA:1,deployedWalletAddressLocation
FNDA:3,deployGSVESmartWrapper
DA:21,4
DA:22,4
DA:29,1
DA:40,3
DA:41,1
DA:42,1
DA:43,1
DA:44,1
LF:8
LH:8
BRF:0
BRH:0
end_of_record
TN:
SF:C:\Users\khera\Documents\GitHub\GasSwapTokens\contracts\GSVEToken.sol
FN:16,constructor
FN:23,burn
FN:30,burnFrom
FNF:3
FNH:3
FNDA:8,constructor
FNDA:3,burn
FNDA:14,burnFrom
DA:17,8
DA:24,3
DA:31,14
DA:32,8
DA:33,8
DA:34,8
LF:6
LH:6
BRDA:33,1,0,8
BRDA:33,1,1,0
BRF:2
BRH:1
end_of_record
TN:
SF:C:\Users\khera\Documents\GitHub\GasSwapTokens\contracts\GSVEVault.sol
FN:13,transferToken
FNF:1
FNH:1
FNDA:6,transferToken
DA:14,6
LF:1
LH:1
BRF:0
BRH:0
end_of_record
TN:
SF:C:\Users\khera\Documents\GitHub\GasSwapTokens\contracts\IFreeFromUpTo.sol
FNF:0
FNH:0
LF:0
LH:0
BRF:0
BRH:0
end_of_record
TN:
SF:C:\Users\khera\Documents\GitHub\GasSwapTokens\contracts\IGasToken.sol
FNF:0
FNH:0
LF:0
LH:0
BRF:0
BRH:0
end_of_record
TN:
SF:C:\Users\khera\Documents\GitHub\GasSwapTokens\contracts\IGSVESmartWrapper.sol
FNF:0
FNH:0
LF:0
LH:0
BRF:0
BRH:0
end_of_record
TN:
SF:C:\Users\khera\Documents\GitHub\GasSwapTokens\contracts\test_helpers\GSVE_helper.sol
FN:8,dummy
FN:15,burnGas
FN:23,burnGasAndAcceptPayment
FN:31,burnGasAndFree
FN:36,burnGasAndFreeUpTo
FN:41,burnGasAndFreeFrom
FN:46,burnGasAndFreeFromUpTo
FNF:7
FNH:7
FNDA:28,dummy
FNDA:18,burnGas
FNDA:10,burnGasAndAcceptPayment
FNDA:1,burnGasAndFree
FNDA:1,burnGasAndFreeUpTo
FNDA:2,burnGasAndFreeFrom
FNDA:2,burnGasAndFreeFromUpTo
DA:9,28
DA:17,18
DA:25,10
DA:32,1
DA:33,1
DA:37,1
DA:38,1
DA:42,2
DA:43,2
DA:47,2
DA:48,2
LF:11
LH:11
BRDA:33,1,0,1
BRDA:33,1,1,0
BRDA:38,2,0,1
BRDA:38,2,1,0
BRDA:43,3,0,2
BRDA:43,3,1,0
BRDA:48,4,0,2
BRDA:48,4,1,0
BRF:8
BRH:4
end_of_record
TN:
SF:C:\Users\khera\Documents\GitHub\GasSwapTokens\contracts\WrappedGasToken.sol
FN:34,constructor
FN:45,totalSupply
FN:55,calculateFee
FN:67,mint
FN:84,discountedMint
FN:105,unwrap
FN:118,free
FN:131,freeUpTo
FN:139,freeFrom
FN:152,freeFromUpTo
FN:160,updateFeeAddress
FNF:11
FNH:11
FNDA:15,constructor
FNDA:6,totalSupply
FNDA:15,calculateFee
FNDA:13,mint
FNDA:3,discountedMint
FNDA:3,unwrap
FNDA:14,free
FNDA:9,freeUpTo
FNDA:10,freeFrom
FNDA:8,freeFromUpTo
FNDA:2,updateFeeAddress
DA:35,15
DA:36,15
DA:37,15
DA:38,15
DA:46,6
DA:56,15
DA:57,15
DA:58,15
DA:68,13
DA:69,13
DA:70,13
DA:71,13
DA:72,13
DA:73,13
DA:85,3
DA:86,3
DA:87,3
DA:88,2
DA:90,3
DA:91,3
DA:93,3
DA:94,2
DA:97,3
DA:106,3
DA:107,3
DA:108,1
DA:109,1
DA:119,14
DA:120,10
DA:121,6
DA:122,6
DA:124,10
DA:132,9
DA:140,10
DA:141,7
DA:142,7
DA:143,7
DA:145,10
DA:153,8
DA:161,2
LF:40
LH:40
BRDA:68,1,0,13
BRDA:68,1,1,0
BRDA:85,2,0,3
BRDA:85,2,1,0
BRDA:87,3,0,2
BRDA:87,3,1,1
BRDA:93,4,0,2
BRDA:93,4,1,1
BRDA:106,5,0,3
BRDA:106,5,1,0
BRDA:119,6,0,10
BRDA:119,6,1,4
BRDA:140,7,0,7
BRDA:140,7,1,3
BRF:14
BRH:11
end_of_record
